Starting logging on 2020-05-11 at 16:46:16
Launching discovery service for config 172.17.1.7:3509
devFusionTrack.cpp, line 205: reading SN LSBs
Sending packet 2 at 1589208376356
Sent packet 2 at 1589208376356
/var/jenkins/workspace/ftk_soft.atr.meta.2cams.sdk.release.public.linux.installer/soft.atr.2cams.ftk/dev/include/devPacketReader.tpp, line 91, waiting for response
Sending packet 2 at 1589208377857
Sent packet 2 at 1589208377857
/var/jenkins/workspace/ftk_soft.atr.meta.2cams.sdk.release.public.linux.installer/soft.atr.2cams.ftk/dev/include/devPacketReader.tpp, line 91, waiting for response
Sending packet 2 at 1589208379357
Sent packet 2 at 1589208379357
/var/jenkins/workspace/ftk_soft.atr.meta.2cams.sdk.release.public.linux.installer/soft.atr.2cams.ftk/dev/include/devPacketReader.tpp, line 91, waiting for response
Sending packet 2 at 1589208380858
Sent packet 2 at 1589208380858
/var/jenkins/workspace/ftk_soft.atr.meta.2cams.sdk.release.public.linux.installer/soft.atr.2cams.ftk/dev/include/devPacketReader.tpp, line 91, waiting for response
Sending packet 2 at 1589208382358
Sent packet 2 at 1589208382358
/var/jenkins/workspace/ftk_soft.atr.meta.2cams.sdk.release.public.linux.installer/soft.atr.2cams.ftk/dev/include/devPacketReader.tpp, line 91, waiting for response
devFusionTrack.cpp, line 210: cannot read SN LSBs
! No device detected while searching for: (172.17.1.7:3509)
Restarting discovery with looser timeout
Launching discovery service for config 172.17.1.7:3509
devFusionTrack.cpp, line 205: reading SN LSBs
Sending packet 3 at 1589208383862
Sent packet 3 at 1589208383862
/var/jenkins/workspace/ftk_soft.atr.meta.2cams.sdk.release.public.linux.installer/soft.atr.2cams.ftk/dev/include/devPacketReader.tpp, line 91, waiting for response
Sending packet 3 at 1589208385362
Sent packet 3 at 1589208385362
/var/jenkins/workspace/ftk_soft.atr.meta.2cams.sdk.release.public.linux.installer/soft.atr.2cams.ftk/dev/include/devPacketReader.tpp, line 91, waiting for response
Sending packet 3 at 1589208386863
Sent packet 3 at 1589208386863
/var/jenkins/workspace/ftk_soft.atr.meta.2cams.sdk.release.public.linux.installer/soft.atr.2cams.ftk/dev/include/devPacketReader.tpp, line 91, waiting for response
Sending packet 3 at 1589208388363
Sent packet 3 at 1589208388364
/var/jenkins/workspace/ftk_soft.atr.meta.2cams.sdk.release.public.linux.installer/soft.atr.2cams.ftk/dev/include/devPacketReader.tpp, line 91, waiting for response
Sending packet 3 at 1589208389864
Sent packet 3 at 1589208389864
/var/jenkins/workspace/ftk_soft.atr.meta.2cams.sdk.release.public.linux.installer/soft.atr.2cams.ftk/dev/include/devPacketReader.tpp, line 91, waiting for response
devFusionTrack.cpp, line 210: cannot read SN LSBs
! No device detected while searching for: (172.17.1.7:3509)
