Starting logging on 2020-03-24 at 15:06:11
Launching discovery service for config 172.17.1.7:3509
devFusionTrack.cpp, line 205: reading SN LSBs
Sending packet 2 at 1585058771116
Sent packet 2 at 1585058771116
/var/jenkins/workspace/ftk_soft.atr.meta.2cams.sdk.release.public.linux.installer/soft.atr.2cams.ftk/dev/include/devPacketReader.tpp, line 91, waiting for response
Sending packet 2 at 1585058772617
Sent packet 2 at 1585058772617
/var/jenkins/workspace/ftk_soft.atr.meta.2cams.sdk.release.public.linux.installer/soft.atr.2cams.ftk/dev/include/devPacketReader.tpp, line 91, waiting for response
Sending packet 2 at 1585058774117
Sent packet 2 at 1585058774117
/var/jenkins/workspace/ftk_soft.atr.meta.2cams.sdk.release.public.linux.installer/soft.atr.2cams.ftk/dev/include/devPacketReader.tpp, line 91, waiting for response
Sending packet 2 at 1585058775617
Sent packet 2 at 1585058775617
/var/jenkins/workspace/ftk_soft.atr.meta.2cams.sdk.release.public.linux.installer/soft.atr.2cams.ftk/dev/include/devPacketReader.tpp, line 91, waiting for response
Sending packet 2 at 1585058777118
Sent packet 2 at 1585058777118
/var/jenkins/workspace/ftk_soft.atr.meta.2cams.sdk.release.public.linux.installer/soft.atr.2cams.ftk/dev/include/devPacketReader.tpp, line 91, waiting for response
devFusionTrack.cpp, line 210: cannot read SN LSBs
! No device detected while searching for: (172.17.1.7:3509)
Restarting discovery with looser timeout
Launching discovery service for config 172.17.1.7:3509
devFusionTrack.cpp, line 205: reading SN LSBs
Sending packet 3 at 1585058778619
Sent packet 3 at 1585058778619
Received packet answering to 2 at 1585058778623
devFusionTrack.cpp, line 235: reading SN MSBs
Sending packet 4 at 1585058778623
Sent packet 4 at 1585058778623
Received packet answering to 3 at 1585058778631
- Device 0xE30000091D052628 found (ip=172.17.1.7, port=3509)
- Configure Device
devDeviceInfoExt.cpp, line 1155: connecting the socket
devDeviceInfoExt.cpp, line 1174: reading registers description address
devDeviceInfoExt.cpp, line 1182: downloading the register description
devDeviceInfoExt.cpp, line 1196: testing UPD packet size
  ? Testing UDP packet size of 8132
  + Setting UDP packet size to 8144
devDeviceInfoExt.cpp, line 1201: looking for PACKET_MAX_SIZE register
devDeviceInfoExt.cpp, line 1210: writing for PACKET_MAX_SIZE register
devDeviceInfoExt.cpp, line 1221: looking for DEVICE_VERSION register
devDeviceInfoExt.cpp, line 1275: downloading calibration
/var/jenkins/workspace/ftk_soft.atr.meta.2cams.sdk.release.public.linux.installer/soft.atr.2cams.ftk/dev/include/devPacketReader.tpp, line 91, waiting for response
/var/jenkins/workspace/ftk_soft.atr.meta.2cams.sdk.release.public.linux.installer/soft.atr.2cams.ftk/dev/include/devPacketReader.tpp, line 91, waiting for response
/var/jenkins/workspace/ftk_soft.atr.meta.2cams.sdk.release.public.linux.installer/soft.atr.2cams.ftk/dev/include/devPacketReader.tpp, line 91, waiting for response
/var/jenkins/workspace/ftk_soft.atr.meta.2cams.sdk.release.public.linux.installer/soft.atr.2cams.ftk/dev/include/devPacketReader.tpp, line 91, waiting for response
/var/jenkins/workspace/ftk_soft.atr.meta.2cams.sdk.release.public.linux.installer/soft.atr.2cams.ftk/dev/include/devPacketReader.tpp, line 91, waiting for response
devDeviceInfoExt.cpp, line 1540: cannot perfom memread sync operation
  ! Cannot upload factory file
devDeviceInfoExt.cpp, line 1288: uniforming compression
/var/jenkins/workspace/ftk_soft.atr.meta.2cams.sdk.release.public.linux.installer/soft.atr.2cams.ftk/dev/include/devPacketReader.tpp, line 91, waiting for response
/var/jenkins/workspace/ftk_soft.atr.meta.2cams.sdk.release.public.linux.installer/soft.atr.2cams.ftk/dev/include/devPacketReader.tpp, line 91, waiting for response
/var/jenkins/workspace/ftk_soft.atr.meta.2cams.sdk.release.public.linux.installer/soft.atr.2cams.ftk/dev/include/devPacketReader.tpp, line 91, waiting for response
/var/jenkins/workspace/ftk_soft.atr.meta.2cams.sdk.release.public.linux.installer/soft.atr.2cams.ftk/dev/include/devPacketReader.tpp, line 91, waiting for response
/var/jenkins/workspace/ftk_soft.atr.meta.2cams.sdk.release.public.linux.installer/soft.atr.2cams.ftk/dev/include/devPacketReader.tpp, line 91, waiting for response
devDeviceInfoExt.cpp, line 1540: cannot perfom memread sync operation
  ! Cannot retrieve image compression registers
- Configure Device
devDeviceInfoExt.cpp, line 1155: connecting the socket
devDeviceInfoExt.cpp, line 1174: reading registers description address
Sending packet 50 at 1585058783997
Sent packet 50 at 1585058783997
/var/jenkins/workspace/ftk_soft.atr.meta.2cams.sdk.release.public.linux.installer/soft.atr.2cams.ftk/dev/include/devPacketReader.tpp, line 91, waiting for response
Sending packet 50 at 1585058784499
Sent packet 50 at 1585058784500
Received packet answering to 49 at 1585058784806
devDeviceInfoExt.cpp, line 1182: downloading the register description
Sending packet 51 at 1585058784806
Sent packet 51 at 1585058784806
Received packet answering to 50 at 1585058784830
Sending packet 52 at 1585058784830
Sent packet 52 at 1585058784830
Received packet answering to 51 at 1585058784831
Sending packet 53 at 1585058784831
Sent packet 53 at 1585058784831
Received packet answering to 52 at 1585058784840
Sending packet 54 at 1585058784840
Sent packet 54 at 1585058784840
Received packet answering to 53 at 1585058784848
Sending packet 55 at 1585058784848
Sent packet 55 at 1585058784848
Received packet answering to 54 at 1585058784865
Sending packet 56 at 1585058784865
Sent packet 56 at 1585058784865
Received packet answering to 55 at 1585058784873
devDeviceInfoExt.cpp, line 1196: testing UPD packet size
  ? Testing UDP packet size of 8132
Sending packet 57 at 1585058784874
Sent packet 57 at 1585058784874
Received packet answering to 56 at 1585058784881
  + Setting UDP packet size to 8144
devDeviceInfoExt.cpp, line 1201: looking for PACKET_MAX_SIZE register
devDeviceInfoExt.cpp, line 1210: writing for PACKET_MAX_SIZE register
Sending packet 58 at 1585058784881
Sent packet 58 at 1585058784882
Received packet answering to 57 at 1585058784890
devDeviceInfoExt.cpp, line 1221: looking for DEVICE_VERSION register
Sending packet 59 at 1585058784890
Sent packet 59 at 1585058784890
Received packet answering to 58 at 1585058784898
Sending packet 60 at 1585058784898
Sent packet 60 at 1585058784898
Received packet answering to 59 at 1585058784906
devDeviceInfoExt.cpp, line 1275: downloading calibration
Sending packet 61 at 1585058784906
Sent packet 61 at 1585058784906
Received packet answering to 60 at 1585058784924
Sending packet 62 at 1585058784924
Sent packet 62 at 1585058784924
Received packet answering to 61 at 1585058784931
Sending packet 63 at 1585058784931
Sent packet 63 at 1585058784931
Received packet answering to 62 at 1585058784940
Sending packet 64 at 1585058784940
Sent packet 64 at 1585058784940
Received packet answering to 63 at 1585058784948
Sending packet 65 at 1585058784948
Sent packet 65 at 1585058784948
Received packet answering to 64 at 1585058784958
Sending packet 66 at 1585058784958
Sent packet 66 at 1585058784958
Received packet answering to 65 at 1585058784965
Sending packet 67 at 1585058784965
Sent packet 67 at 1585058784965
Received packet answering to 66 at 1585058784973
Sending packet 68 at 1585058784973
Sent packet 68 at 1585058784973
Received packet answering to 67 at 1585058784981
Sending packet 69 at 1585058784981
Sent packet 69 at 1585058784981
Received packet answering to 68 at 1585058784990
Sending packet 70 at 1585058784990
Sent packet 70 at 1585058784990
Received packet answering to 69 at 1585058784998
Sending packet 71 at 1585058784998
Sent packet 71 at 1585058784998
Received packet answering to 70 at 1585058785006
Sending packet 72 at 1585058785006
Sent packet 72 at 1585058785006
Received packet answering to 71 at 1585058785015
Sending packet 73 at 1585058785015
Sent packet 73 at 1585058785015
Received packet answering to 72 at 1585058785023
Sending packet 74 at 1585058785023
Sent packet 74 at 1585058785023
Received packet answering to 73 at 1585058785032
Sending packet 75 at 1585058785032
Sent packet 75 at 1585058785032
Received packet answering to 74 at 1585058785040
Sending packet 76 at 1585058785040
Sent packet 76 at 1585058785040
Received packet answering to 75 at 1585058785048
Sending packet 77 at 1585058785048
Sent packet 77 at 1585058785048
Received packet answering to 76 at 1585058785056
Sending packet 78 at 1585058785056
Sent packet 78 at 1585058785056
Received packet answering to 77 at 1585058785065
Sending packet 79 at 1585058785065
Sent packet 79 at 1585058785065
Received packet answering to 78 at 1585058785073
Sending packet 80 at 1585058785073
Sent packet 80 at 1585058785073
Received packet answering to 79 at 1585058785081
Sending packet 81 at 1585058785081
Sent packet 81 at 1585058785081
Received packet answering to 80 at 1585058785090
Sending packet 82 at 1585058785090
Sent packet 82 at 1585058785090
Received packet answering to 81 at 1585058785098
Sending packet 83 at 1585058785098
Sent packet 83 at 1585058785098
Received packet answering to 82 at 1585058785106
Sending packet 84 at 1585058785106
Sent packet 84 at 1585058785106
Received packet answering to 83 at 1585058785115
Sending packet 85 at 1585058785115
Sent packet 85 at 1585058785115
Received packet answering to 84 at 1585058785123
Sending packet 86 at 1585058785123
Sent packet 86 at 1585058785123
Received packet answering to 85 at 1585058785131
Sending packet 87 at 1585058785131
Sent packet 87 at 1585058785131
Received packet answering to 86 at 1585058785140
Sending packet 88 at 1585058785140
Sent packet 88 at 1585058785140
Received packet answering to 87 at 1585058785148
Sending packet 89 at 1585058785148
Sent packet 89 at 1585058785148
Received packet answering to 88 at 1585058785156
Sending packet 90 at 1585058785156
Sent packet 90 at 1585058785156
Received packet answering to 89 at 1585058785165
Sending packet 91 at 1585058785165
Sent packet 91 at 1585058785165
Received packet answering to 90 at 1585058785173
Sending packet 92 at 1585058785173
Sent packet 92 at 1585058785173
Received packet answering to 91 at 1585058785181
Sending packet 93 at 1585058785181
Sent packet 93 at 1585058785181
Received packet answering to 92 at 1585058785190
Sending packet 94 at 1585058785190
Sent packet 94 at 1585058785190
Received packet answering to 93 at 1585058785198
Sending packet 95 at 1585058785198
Sent packet 95 at 1585058785198
Received packet answering to 94 at 1585058785206
Sending packet 96 at 1585058785206
Sent packet 96 at 1585058785206
Received packet answering to 95 at 1585058785215
Sending packet 97 at 1585058785215
Sent packet 97 at 1585058785215
Received packet answering to 96 at 1585058785223
Sending packet 98 at 1585058785223
Sent packet 98 at 1585058785223
Received packet answering to 97 at 1585058785231
Sending packet 99 at 1585058785231
Sent packet 99 at 1585058785231
Received packet answering to 98 at 1585058785241
Sending packet 100 at 1585058785241
Sent packet 100 at 1585058785241
Received packet answering to 99 at 1585058785248
Sending packet 101 at 1585058785248
Sent packet 101 at 1585058785248
Received packet answering to 100 at 1585058785256
Sending packet 102 at 1585058785256
Sent packet 102 at 1585058785256
Received packet answering to 101 at 1585058785265
Sending packet 103 at 1585058785265
Sent packet 103 at 1585058785265
Received packet answering to 102 at 1585058785273
Sending packet 104 at 1585058785273
Sent packet 104 at 1585058785273
Received packet answering to 103 at 1585058785281
Sending packet 105 at 1585058785281
Sent packet 105 at 1585058785281
Received packet answering to 104 at 1585058785290
Sending packet 106 at 1585058785290
Sent packet 106 at 1585058785290
Received packet answering to 105 at 1585058785298
Sending packet 107 at 1585058785298
Sent packet 107 at 1585058785298
Received packet answering to 106 at 1585058785306
Sending packet 108 at 1585058785306
Sent packet 108 at 1585058785306
Received packet answering to 107 at 1585058785315
Sending packet 109 at 1585058785315
Sent packet 109 at 1585058785315
Received packet answering to 108 at 1585058785323
Sending packet 110 at 1585058785323
Sent packet 110 at 1585058785323
Received packet answering to 109 at 1585058785331
Sending packet 111 at 1585058785331
Sent packet 111 at 1585058785331
Received packet answering to 110 at 1585058785340
Sending packet 112 at 1585058785340
Sent packet 112 at 1585058785340
Received packet answering to 111 at 1585058785348
Sending packet 113 at 1585058785348
Sent packet 113 at 1585058785348
Received packet answering to 112 at 1585058785357
Sending packet 114 at 1585058785357
Sent packet 114 at 1585058785357
Received packet answering to 113 at 1585058785365
Sending packet 115 at 1585058785365
Sent packet 115 at 1585058785365
Received packet answering to 114 at 1585058785373
Sending packet 116 at 1585058785373
Sent packet 116 at 1585058785373
Received packet answering to 115 at 1585058785381
Sending packet 117 at 1585058785381
Sent packet 117 at 1585058785381
Received packet answering to 116 at 1585058785390
Sending packet 118 at 1585058785390
Sent packet 118 at 1585058785390
Received packet answering to 117 at 1585058785398
Sending packet 119 at 1585058785398
Sent packet 119 at 1585058785399
Received packet answering to 118 at 1585058785406
Sending packet 120 at 1585058785406
Sent packet 120 at 1585058785406
Received packet answering to 119 at 1585058785415
Sending packet 121 at 1585058785415
Sent packet 121 at 1585058785415
Received packet answering to 120 at 1585058785423
Sending packet 122 at 1585058785423
Sent packet 122 at 1585058785423
Received packet answering to 121 at 1585058785431
Sending packet 123 at 1585058785431
Sent packet 123 at 1585058785431
Received packet answering to 122 at 1585058785440
Sending packet 124 at 1585058785440
Sent packet 124 at 1585058785440
Received packet answering to 123 at 1585058785449
Sending packet 125 at 1585058785449
Sent packet 125 at 1585058785449
Received packet answering to 124 at 1585058785456
Sending packet 126 at 1585058785456
Sent packet 126 at 1585058785456
Received packet answering to 125 at 1585058785465
  ! Cannot upload factory file
devDeviceInfoExt.cpp, line 1288: uniforming compression
Sending packet 127 at 1585058785465
Sent packet 127 at 1585058785465
Received packet answering to 126 at 1585058785473
Sending packet 128 at 1585058785473
Sent packet 128 at 1585058785473
Received packet answering to 127 at 1585058785481
devDeviceInfoExt.cpp, line 1297: looking for ACQUISITION register
devDeviceInfoExt.cpp, line 1305: writing for ACQUISITION register
Sending packet 129 at 1585058785481
Sent packet 129 at 1585058785481
Received packet answering to 128 at 1585058785490
+ Configuration Done
Sending packet 130 at 1585058785490
Sent packet 130 at 1585058785490
Received packet answering to 129 at 1585058785498
devDeviceInfoExt.cpp, line 212: cannot find register "FACT_HARD_VERSION"
Sending packet 131 at 1585058785505
Sent packet 131 at 1585058785505
Received packet answering to 130 at 1585058785506
devDeviceInfoExt.cpp, line 1546: wrong status
devDeviceInfoExt.cpp, line 212: cannot find register "PLAIN_NUMBER_LOW"
Sending packet 132 at 1585058785507
Sent packet 132 at 1585058785507
Received packet answering to 131 at 1585058785515
Sending packet 133 at 1585058785515
Sent packet 133 at 1585058785515
Received packet answering to 132 at 1585058785523
Old version of the calibration file
Sending packet 134 at 1585058785528
Sent packet 134 at 1585058785529
Received packet answering to 133 at 1585058785539
devDeviceInfoExt.cpp, line 1546: wrong status
ftkDevice.cpp line 877: cannot read value from register ACC0_RANGE
Sending packet 135 at 1585058785539
Sent packet 135 at 1585058785539
Received packet answering to 134 at 1585058785547
devDeviceInfoExt.cpp, line 1546: wrong status
ftkDevice.cpp line 893: cannot read value from register ACC1_RANGE
Sending packet 136 at 1585058785547
Sent packet 136 at 1585058785547
Received packet answering to 135 at 1585058785548
devFusionTrack.cpp, line 891: no picture available
devFusionTrack.cpp, line 891: no picture available
devFusionTrack.cpp, line 891: no picture available
devFusionTrack.cpp, line 891: no picture available
devFusionTrack.cpp, line 891: no picture available
devFusionTrack.cpp, line 891: no picture available
devFusionTrack.cpp, line 891: no picture available
devFusionTrack.cpp, line 891: no picture available
devFusionTrack.cpp, line 891: no picture available
devFusionTrack.cpp, line 891: no picture available
devFusionTrack.cpp, line 891: no picture available
devFusionTrack.cpp, line 891: no picture available
devFusionTrack.cpp, line 891: no picture available
devFusionTrack.cpp, line 891: no picture available
devFusionTrack.cpp, line 891: no picture available
devFusionTrack.cpp, line 891: no picture available
devFusionTrack.cpp, line 891: no picture available
devFusionTrack.cpp, line 891: no picture available
devFusionTrack.cpp, line 891: no picture available
devFusionTrack.cpp, line 891: no picture available
devFusionTrack.cpp, line 891: no picture available
devFusionTrack.cpp, line 891: no picture available
devFusionTrack.cpp, line 891: no picture available
devFusionTrack.cpp, line 891: no picture available
devFusionTrack.cpp, line 891: no picture available
devFusionTrack.cpp, line 891: no picture available
devFusionTrack.cpp, line 891: no picture available
devFusionTrack.cpp, line 891: no picture available
devFusionTrack.cpp, line 891: no picture available
devFusionTrack.cpp, line 891: no picture available
devFusionTrack.cpp, line 891: no picture available
devFusionTrack.cpp, line 891: no picture available
devFusionTrack.cpp, line 891: no picture available
devFusionTrack.cpp, line 891: no picture available
devFusionTrack.cpp, line 891: no picture available
devFusionTrack.cpp, line 891: no picture available
devFusionTrack.cpp, line 891: no picture available
devFusionTrack.cpp, line 891: no picture available
devFusionTrack.cpp, line 891: no picture available
devFusionTrack.cpp, line 891: no picture available
devFusionTrack.cpp, line 891: no picture available
devFusionTrack.cpp, line 891: no picture available
devFusionTrack.cpp, line 891: no picture available
devFusionTrack.cpp, line 891: no picture available
devFusionTrack.cpp, line 891: no picture available
devFusionTrack.cpp, line 891: no picture available
devFusionTrack.cpp, line 891: no picture available
devFusionTrack.cpp, line 891: no picture available
devFusionTrack.cpp, line 891: no picture available
devFusionTrack.cpp, line 891: no picture available
devFusionTrack.cpp, line 891: no picture available
devFusionTrack.cpp, line 891: no picture available
devFusionTrack.cpp, line 891: no picture available
devFusionTrack.cpp, line 891: no picture available
devFusionTrack.cpp, line 891: no picture available
devFusionTrack.cpp, line 891: no picture available
devFusionTrack.cpp, line 891: no picture available
devFusionTrack.cpp, line 891: no picture available
devFusionTrack.cpp, line 891: no picture available
devFusionTrack.cpp, line 891: no picture available
devFusionTrack.cpp, line 891: no picture available
devFusionTrack.cpp, line 891: no picture available
devFusionTrack.cpp, line 891: no picture available
devFusionTrack.cpp, line 891: no picture available
devFusionTrack.cpp, line 891: no picture available
devFusionTrack.cpp, line 891: no picture available
devFusionTrack.cpp, line 891: no picture available
devFusionTrack.cpp, line 891: no picture available
devFusionTrack.cpp, line 891: no picture available
devFusionTrack.cpp, line 891: no picture available
devFusionTrack.cpp, line 891: no picture available
devFusionTrack.cpp, line 891: no picture available
devFusionTrack.cpp, line 891: no picture available
devFusionTrack.cpp, line 891: no picture available
devFusionTrack.cpp, line 891: no picture available
devFusionTrack.cpp, line 891: no picture available
devFusionTrack.cpp, line 891: no picture available
devFusionTrack.cpp, line 891: no picture available
devFusionTrack.cpp, line 891: no picture available
devFusionTrack.cpp, line 891: no picture available
devFusionTrack.cpp, line 891: no picture available
devFusionTrack.cpp, line 891: no picture available
devFusionTrack.cpp, line 891: no picture available
devFusionTrack.cpp, line 891: no picture available
devFusionTrack.cpp, line 891: no picture available
devFusionTrack.cpp, line 891: no picture available
devFusionTrack.cpp, line 891: no picture available
devFusionTrack.cpp, line 891: no picture available
devFusionTrack.cpp, line 891: no picture available
devFusionTrack.cpp, line 891: no picture available
devFusionTrack.cpp, line 891: no picture available
devFusionTrack.cpp, line 891: no picture available
devFusionTrack.cpp, line 891: no picture available
devFusionTrack.cpp, line 891: no picture available
devFusionTrack.cpp, line 891: no picture available
devFusionTrack.cpp, line 891: no picture available
devFusionTrack.cpp, line 891: no picture available
devFusionTrack.cpp, line 891: no picture available
devFusionTrack.cpp, line 891: no picture available
devFusionTrack.cpp, line 891: no picture available
devFusionTrack.cpp, line 891: no picture available
devFusionTrack.cpp, line 891: no picture available
devFusionTrack.cpp, line 891: no picture available
devFusionTrack.cpp, line 891: no picture available
devFusionTrack.cpp, line 891: no picture available
devFusionTrack.cpp, line 891: no picture available
devFusionTrack.cpp, line 891: no picture available
devFusionTrack.cpp, line 891: no picture available
devFusionTrack.cpp, line 891: no picture available
devFusionTrack.cpp, line 891: no picture available
devFusionTrack.cpp, line 891: no picture available
devFusionTrack.cpp, line 891: no picture available
devFusionTrack.cpp, line 891: no picture available
devFusionTrack.cpp, line 891: no picture available
devFusionTrack.cpp, line 891: no picture available
devFusionTrack.cpp, line 891: no picture available
devFusionTrack.cpp, line 891: no picture available
devFusionTrack.cpp, line 891: no picture available
devFusionTrack.cpp, line 891: no picture available
devFusionTrack.cpp, line 891: no picture available
devFusionTrack.cpp, line 891: no picture available
devFusionTrack.cpp, line 891: no picture available
devFusionTrack.cpp, line 891: no picture available
devFusionTrack.cpp, line 891: no picture available
devFusionTrack.cpp, line 891: no picture available
devFusionTrack.cpp, line 891: no picture available
devFusionTrack.cpp, line 891: no picture available
devFusionTrack.cpp, line 891: no picture available
devFusionTrack.cpp, line 891: no picture available
devFusionTrack.cpp, line 891: no picture available
devFusionTrack.cpp, line 891: no picture available
devFusionTrack.cpp, line 891: no picture available
devFusionTrack.cpp, line 891: no picture available
devFusionTrack.cpp, line 891: no picture available
devFusionTrack.cpp, line 891: no picture available
devFusionTrack.cpp, line 891: no picture available
devFusionTrack.cpp, line 891: no picture available
devFusionTrack.cpp, line 891: no picture available
devFusionTrack.cpp, line 891: no picture available
devFusionTrack.cpp, line 891: no picture available
devFusionTrack.cpp, line 891: no picture available
devFusionTrack.cpp, line 891: no picture available
devFusionTrack.cpp, line 891: no picture available
devFusionTrack.cpp, line 891: no picture available
devFusionTrack.cpp, line 891: no picture available
devFusionTrack.cpp, line 891: no picture available
devFusionTrack.cpp, line 891: no picture available
devFusionTrack.cpp, line 891: no picture available
devFusionTrack.cpp, line 891: no picture available
devFusionTrack.cpp, line 891: no picture available
devFusionTrack.cpp, line 891: no picture available
devFusionTrack.cpp, line 891: no picture available
devFusionTrack.cpp, line 891: no picture available
devFusionTrack.cpp, line 891: no picture available
devFusionTrack.cpp, line 891: no picture available
devFusionTrack.cpp, line 891: no picture available
devFusionTrack.cpp, line 891: no picture available
devFusionTrack.cpp, line 891: no picture available
devFusionTrack.cpp, line 891: no picture available
devFusionTrack.cpp, line 891: no picture available
devFusionTrack.cpp, line 891: no picture available
devFusionTrack.cpp, line 891: no picture available
devFusionTrack.cpp, line 891: no picture available
devFusionTrack.cpp, line 891: no picture available
devFusionTrack.cpp, line 891: no picture available
devFusionTrack.cpp, line 891: no picture available
devFusionTrack.cpp, line 891: no picture available
devFusionTrack.cpp, line 891: no picture available
devFusionTrack.cpp, line 891: no picture available
devFusionTrack.cpp, line 891: no picture available
devFusionTrack.cpp, line 891: no picture available
devFusionTrack.cpp, line 891: no picture available
devFusionTrack.cpp, line 891: no picture available
devFusionTrack.cpp, line 891: no picture available
devFusionTrack.cpp, line 891: no picture available
devFusionTrack.cpp, line 891: no picture available
devFusionTrack.cpp, line 891: no picture available
devFusionTrack.cpp, line 891: no picture available
devFusionTrack.cpp, line 891: no picture available
devFusionTrack.cpp, line 891: no picture available
devFusionTrack.cpp, line 891: no picture available
devFusionTrack.cpp, line 891: no picture available
devFusionTrack.cpp, line 891: no picture available
devFusionTrack.cpp, line 891: no picture available
devFusionTrack.cpp, line 891: no picture available
devFusionTrack.cpp, line 891: no picture available
devFusionTrack.cpp, line 891: no picture available
devFusionTrack.cpp, line 891: no picture available
devFusionTrack.cpp, line 891: no picture available
devFusionTrack.cpp, line 891: no picture available
devFusionTrack.cpp, line 891: no picture available
devFusionTrack.cpp, line 891: no picture available
devFusionTrack.cpp, line 891: no picture available
devFusionTrack.cpp, line 891: no picture available
devFusionTrack.cpp, line 891: no picture available
devFusionTrack.cpp, line 891: no picture available
devFusionTrack.cpp, line 891: no picture available
devFusionTrack.cpp, line 891: no picture available
devFusionTrack.cpp, line 891: no picture available
devFusionTrack.cpp, line 891: no picture available
devFusionTrack.cpp, line 891: no picture available
devFusionTrack.cpp, line 891: no picture available
devFusionTrack.cpp, line 891: no picture available
devFusionTrack.cpp, line 891: no picture available
devFusionTrack.cpp, line 891: no picture available
devFusionTrack.cpp, line 891: no picture available
devFusionTrack.cpp, line 891: no picture available
devFusionTrack.cpp, line 891: no picture available
devFusionTrack.cpp, line 891: no picture available
devFusionTrack.cpp, line 891: no picture available
devFusionTrack.cpp, line 891: no picture available
devFusionTrack.cpp, line 891: no picture available
devFusionTrack.cpp, line 891: no picture available
devFusionTrack.cpp, line 891: no picture available
devFusionTrack.cpp, line 891: no picture available
devFusionTrack.cpp, line 891: no picture available
devFusionTrack.cpp, line 891: no picture available
devFusionTrack.cpp, line 891: no picture available
devFusionTrack.cpp, line 891: no picture available
devFusionTrack.cpp, line 891: no picture available
devFusionTrack.cpp, line 891: no picture available
devFusionTrack.cpp, line 891: no picture available
devFusionTrack.cpp, line 891: no picture available
devFusionTrack.cpp, line 891: no picture available
devFusionTrack.cpp, line 891: no picture available
devFusionTrack.cpp, line 891: no picture available
devFusionTrack.cpp, line 891: no picture available
devFusionTrack.cpp, line 891: no picture available
devFusionTrack.cpp, line 891: no picture available
devFusionTrack.cpp, line 891: no picture available
devFusionTrack.cpp, line 891: no picture available
devFusionTrack.cpp, line 891: no picture available
devFusionTrack.cpp, line 891: no picture available
devFusionTrack.cpp, line 891: no picture available
devFusionTrack.cpp, line 891: no picture available
devFusionTrack.cpp, line 891: no picture available
devFusionTrack.cpp, line 891: no picture available
devFusionTrack.cpp, line 891: no picture available
devFusionTrack.cpp, line 891: no picture available
devFusionTrack.cpp, line 891: no picture available
devFusionTrack.cpp, line 891: no picture available
devFusionTrack.cpp, line 891: no picture available
devFusionTrack.cpp, line 891: no picture available
devFusionTrack.cpp, line 891: no picture available
devFusionTrack.cpp, line 891: no picture available
devFusionTrack.cpp, line 891: no picture available
devFusionTrack.cpp, line 891: no picture available
devFusionTrack.cpp, line 891: no picture available
devFusionTrack.cpp, line 891: no picture available
devFusionTrack.cpp, line 891: no picture available
devFusionTrack.cpp, line 891: no picture available
devFusionTrack.cpp, line 891: no picture available
devFusionTrack.cpp, line 891: no picture available
devFusionTrack.cpp, line 891: no picture available
devFusionTrack.cpp, line 891: no picture available
devFusionTrack.cpp, line 891: no picture available
devFusionTrack.cpp, line 891: no picture available
devFusionTrack.cpp, line 891: no picture available
devFusionTrack.cpp, line 891: no picture available
devFusionTrack.cpp, line 891: no picture available
devFusionTrack.cpp, line 891: no picture available
devFusionTrack.cpp, line 891: no picture available
devFusionTrack.cpp, line 891: no picture available
devFusionTrack.cpp, line 891: no picture available
devFusionTrack.cpp, line 891: no picture available
devFusionTrack.cpp, line 891: no picture available
devFusionTrack.cpp, line 891: no picture available
devFusionTrack.cpp, line 891: no picture available
devFusionTrack.cpp, line 891: no picture available
devFusionTrack.cpp, line 891: no picture available
devFusionTrack.cpp, line 891: no picture available
devFusionTrack.cpp, line 891: no picture available
devFusionTrack.cpp, line 891: no picture available
devFusionTrack.cpp, line 891: no picture available
devFusionTrack.cpp, line 891: no picture available
devFusionTrack.cpp, line 891: no picture available
devFusionTrack.cpp, line 891: no picture available
devFusionTrack.cpp, line 891: no picture available
devFusionTrack.cpp, line 891: no picture available
devFusionTrack.cpp, line 891: no picture available
devFusionTrack.cpp, line 891: no picture available
devFusionTrack.cpp, line 891: no picture available
devFusionTrack.cpp, line 891: no picture available
devFusionTrack.cpp, line 891: no picture available
devFusionTrack.cpp, line 891: no picture available
devFusionTrack.cpp, line 891: no picture available
devFusionTrack.cpp, line 891: no picture available
devFusionTrack.cpp, line 891: no picture available
devFusionTrack.cpp, line 891: no picture available
devFusionTrack.cpp, line 891: no picture available
devFusionTrack.cpp, line 891: no picture available
devFusionTrack.cpp, line 891: no picture available
devFusionTrack.cpp, line 891: no picture available
devFusionTrack.cpp, line 891: no picture available
devFusionTrack.cpp, line 891: no picture available
devFusionTrack.cpp, line 891: no picture available
devFusionTrack.cpp, line 891: no picture available
devFusionTrack.cpp, line 891: no picture available
devFusionTrack.cpp, line 891: no picture available
devFusionTrack.cpp, line 891: no picture available
devFusionTrack.cpp, line 891: no picture available
devFusionTrack.cpp, line 891: no picture available
devFusionTrack.cpp, line 891: no picture available
devFusionTrack.cpp, line 891: no picture available
devFusionTrack.cpp, line 891: no picture available
devFusionTrack.cpp, line 891: no picture available
devFusionTrack.cpp, line 891: no picture available
devFusionTrack.cpp, line 891: no picture available
devFusionTrack.cpp, line 891: no picture available
devFusionTrack.cpp, line 891: no picture available
devFusionTrack.cpp, line 891: no picture available
devFusionTrack.cpp, line 891: no picture available
devFusionTrack.cpp, line 891: no picture available
devFusionTrack.cpp, line 891: no picture available
devFusionTrack.cpp, line 891: no picture available
devFusionTrack.cpp, line 891: no picture available
devFusionTrack.cpp, line 891: no picture available
devFusionTrack.cpp, line 891: no picture available
devFusionTrack.cpp, line 891: no picture available
devFusionTrack.cpp, line 891: no picture available
devFusionTrack.cpp, line 891: no picture available
devFusionTrack.cpp, line 891: no picture available
devFusionTrack.cpp, line 891: no picture available
devFusionTrack.cpp, line 891: no picture available
devFusionTrack.cpp, line 891: no picture available
devFusionTrack.cpp, line 891: no picture available
devFusionTrack.cpp, line 891: no picture available
devFusionTrack.cpp, line 891: no picture available
devFusionTrack.cpp, line 891: no picture available
devFusionTrack.cpp, line 891: no picture available
devFusionTrack.cpp, line 891: no picture available
devFusionTrack.cpp, line 891: no picture available
devFusionTrack.cpp, line 891: no picture available
devFusionTrack.cpp, line 891: no picture available
devFusionTrack.cpp, line 891: no picture available
devFusionTrack.cpp, line 891: no picture available
devFusionTrack.cpp, line 891: no picture available
devFusionTrack.cpp, line 891: no picture available
devFusionTrack.cpp, line 891: no picture available
devFusionTrack.cpp, line 891: no picture available
devFusionTrack.cpp, line 891: no picture available
devFusionTrack.cpp, line 891: no picture available
devFusionTrack.cpp, line 891: no picture available
devFusionTrack.cpp, line 891: no picture available
devFusionTrack.cpp, line 891: no picture available
devFusionTrack.cpp, line 891: no picture available
devFusionTrack.cpp, line 891: no picture available
devFusionTrack.cpp, line 891: no picture available
devFusionTrack.cpp, line 891: no picture available
devFusionTrack.cpp, line 891: no picture available
devFusionTrack.cpp, line 891: no picture available
devFusionTrack.cpp, line 891: no picture available
devFusionTrack.cpp, line 891: no picture available
devFusionTrack.cpp, line 891: no picture available
devFusionTrack.cpp, line 891: no picture available
devFusionTrack.cpp, line 891: no picture available
devFusionTrack.cpp, line 891: no picture available
devFusionTrack.cpp, line 891: no picture available
devFusionTrack.cpp, line 891: no picture available
devFusionTrack.cpp, line 891: no picture available
devFusionTrack.cpp, line 891: no picture available
devFusionTrack.cpp, line 891: no picture available
devFusionTrack.cpp, line 891: no picture available
devFusionTrack.cpp, line 891: no picture available
devFusionTrack.cpp, line 891: no picture available
devFusionTrack.cpp, line 891: no picture available
devFusionTrack.cpp, line 891: no picture available
devFusionTrack.cpp, line 891: no picture available
devFusionTrack.cpp, line 891: no picture available
devFusionTrack.cpp, line 891: no picture available
devFusionTrack.cpp, line 891: no picture available
devFusionTrack.cpp, line 891: no picture available
devFusionTrack.cpp, line 891: no picture available
devFusionTrack.cpp, line 891: no picture available
devFusionTrack.cpp, line 891: no picture available
devFusionTrack.cpp, line 891: no picture available
devFusionTrack.cpp, line 891: no picture available
devFusionTrack.cpp, line 891: no picture available
devFusionTrack.cpp, line 891: no picture available
devFusionTrack.cpp, line 891: no picture available
devFusionTrack.cpp, line 891: no picture available
devFusionTrack.cpp, line 891: no picture available
devFusionTrack.cpp, line 891: no picture available
devFusionTrack.cpp, line 891: no picture available
devFusionTrack.cpp, line 891: no picture available
devFusionTrack.cpp, line 891: no picture available
devFusionTrack.cpp, line 891: no picture available
devFusionTrack.cpp, line 891: no picture available
devFusionTrack.cpp, line 891: no picture available
devFusionTrack.cpp, line 891: no picture available
devFusionTrack.cpp, line 891: no picture available
devFusionTrack.cpp, line 891: no picture available
devFusionTrack.cpp, line 891: no picture available
devFusionTrack.cpp, line 891: no picture available
devFusionTrack.cpp, line 891: no picture available
devFusionTrack.cpp, line 891: no picture available
devFusionTrack.cpp, line 891: no picture available
devFusionTrack.cpp, line 891: no picture available
devFusionTrack.cpp, line 891: no picture available
devFusionTrack.cpp, line 891: no picture available
devFusionTrack.cpp, line 891: no picture available
devFusionTrack.cpp, line 891: no picture available
devFusionTrack.cpp, line 891: no picture available
devFusionTrack.cpp, line 891: no picture available
devFusionTrack.cpp, line 891: no picture available
devFusionTrack.cpp, line 891: no picture available
devFusionTrack.cpp, line 891: no picture available
devFusionTrack.cpp, line 891: no picture available
devFusionTrack.cpp, line 891: no picture available
devFusionTrack.cpp, line 891: no picture available
devFusionTrack.cpp, line 891: no picture available
devFusionTrack.cpp, line 891: no picture available
devFusionTrack.cpp, line 891: no picture available
devFusionTrack.cpp, line 891: no picture available
devFusionTrack.cpp, line 891: no picture available
devFusionTrack.cpp, line 891: no picture available
devFusionTrack.cpp, line 891: no picture available
devFusionTrack.cpp, line 891: no picture available
devFusionTrack.cpp, line 891: no picture available
devFusionTrack.cpp, line 891: no picture available
devFusionTrack.cpp, line 891: no picture available
devFusionTrack.cpp, line 891: no picture available
devFusionTrack.cpp, line 891: no picture available
devFusionTrack.cpp, line 891: no picture available
devFusionTrack.cpp, line 891: no picture available
devFusionTrack.cpp, line 891: no picture available
devFusionTrack.cpp, line 891: no picture available
devFusionTrack.cpp, line 891: no picture available
devFusionTrack.cpp, line 891: no picture available
devFusionTrack.cpp, line 891: no picture available
devFusionTrack.cpp, line 891: no picture available
devFusionTrack.cpp, line 891: no picture available
devFusionTrack.cpp, line 891: no picture available
devFusionTrack.cpp, line 891: no picture available
devFusionTrack.cpp, line 891: no picture available
devFusionTrack.cpp, line 891: no picture available
devFusionTrack.cpp, line 891: no picture available
devFusionTrack.cpp, line 891: no picture available
devFusionTrack.cpp, line 891: no picture available
devFusionTrack.cpp, line 891: no picture available
devFusionTrack.cpp, line 891: no picture available
devFusionTrack.cpp, line 891: no picture available
devFusionTrack.cpp, line 891: no picture available
devFusionTrack.cpp, line 891: no picture available
devFusionTrack.cpp, line 891: no picture available
devFusionTrack.cpp, line 891: no picture available
devFusionTrack.cpp, line 891: no picture available
devFusionTrack.cpp, line 891: no picture available
devFusionTrack.cpp, line 891: no picture available
devFusionTrack.cpp, line 891: no picture available
devFusionTrack.cpp, line 891: no picture available
devFusionTrack.cpp, line 891: no picture available
devFusionTrack.cpp, line 891: no picture available
devFusionTrack.cpp, line 891: no picture available
devFusionTrack.cpp, line 891: no picture available
devFusionTrack.cpp, line 891: no picture available
devFusionTrack.cpp, line 891: no picture available
devFusionTrack.cpp, line 891: no picture available
devFusionTrack.cpp, line 891: no picture available
devFusionTrack.cpp, line 891: no picture available
devFusionTrack.cpp, line 891: no picture available
devFusionTrack.cpp, line 891: no picture available
devFusionTrack.cpp, line 891: no picture available
devFusionTrack.cpp, line 891: no picture available
devFusionTrack.cpp, line 891: no picture available
devFusionTrack.cpp, line 891: no picture available
devFusionTrack.cpp, line 891: no picture available
devFusionTrack.cpp, line 891: no picture available
devFusionTrack.cpp, line 891: no picture available
devFusionTrack.cpp, line 891: no picture available
devFusionTrack.cpp, line 891: no picture available
devFusionTrack.cpp, line 891: no picture available
devFusionTrack.cpp, line 891: no picture available
devFusionTrack.cpp, line 891: no picture available
devFusionTrack.cpp, line 891: no picture available
devFusionTrack.cpp, line 891: no picture available
devFusionTrack.cpp, line 891: no picture available
devFusionTrack.cpp, line 891: no picture available
devFusionTrack.cpp, line 891: no picture available
devFusionTrack.cpp, line 891: no picture available
devFusionTrack.cpp, line 891: no picture available
devFusionTrack.cpp, line 891: no picture available
devFusionTrack.cpp, line 891: no picture available
devFusionTrack.cpp, line 891: no picture available
devFusionTrack.cpp, line 891: no picture available
devFusionTrack.cpp, line 891: no picture available
devFusionTrack.cpp, line 891: no picture available
devFusionTrack.cpp, line 891: no picture available
devFusionTrack.cpp, line 891: no picture available
devFusionTrack.cpp, line 891: no picture available
devFusionTrack.cpp, line 891: no picture available
devFusionTrack.cpp, line 891: no picture available
devFusionTrack.cpp, line 891: no picture available
devFusionTrack.cpp, line 891: no picture available
devFusionTrack.cpp, line 891: no picture available
devFusionTrack.cpp, line 891: no picture available
devFusionTrack.cpp, line 891: no picture available
devFusionTrack.cpp, line 891: no picture available
devFusionTrack.cpp, line 891: no picture available
devFusionTrack.cpp, line 891: no picture available
devFusionTrack.cpp, line 891: no picture available
devFusionTrack.cpp, line 891: no picture available
devFusionTrack.cpp, line 891: no picture available
devFusionTrack.cpp, line 891: no picture available
devFusionTrack.cpp, line 891: no picture available
devFusionTrack.cpp, line 891: no picture available
devFusionTrack.cpp, line 891: no picture available
devFusionTrack.cpp, line 891: no picture available
devFusionTrack.cpp, line 891: no picture available
devFusionTrack.cpp, line 891: no picture available
devFusionTrack.cpp, line 891: no picture available
devFusionTrack.cpp, line 891: no picture available
devFusionTrack.cpp, line 891: no picture available
devFusionTrack.cpp, line 891: no picture available
devFusionTrack.cpp, line 891: no picture available
devFusionTrack.cpp, line 891: no picture available
devFusionTrack.cpp, line 891: no picture available
devFusionTrack.cpp, line 891: no picture available
devFusionTrack.cpp, line 891: no picture available
devFusionTrack.cpp, line 891: no picture available
devFusionTrack.cpp, line 891: no picture available
devFusionTrack.cpp, line 891: no picture available
devFusionTrack.cpp, line 891: no picture available
devFusionTrack.cpp, line 891: no picture available
devFusionTrack.cpp, line 891: no picture available
devFusionTrack.cpp, line 891: no picture available
devFusionTrack.cpp, line 891: no picture available
devFusionTrack.cpp, line 891: no picture available
devFusionTrack.cpp, line 891: no picture available
devFusionTrack.cpp, line 891: no picture available
devFusionTrack.cpp, line 891: no picture available
devFusionTrack.cpp, line 891: no picture available
devFusionTrack.cpp, line 891: no picture available
devFusionTrack.cpp, line 891: no picture available
devFusionTrack.cpp, line 891: no picture available
devFusionTrack.cpp, line 891: no picture available
devFusionTrack.cpp, line 891: no picture available
devFusionTrack.cpp, line 891: no picture available
devFusionTrack.cpp, line 891: no picture available
devFusionTrack.cpp, line 891: no picture available
devFusionTrack.cpp, line 891: no picture available
devFusionTrack.cpp, line 891: no picture available
devFusionTrack.cpp, line 891: no picture available
devFusionTrack.cpp, line 891: no picture available
devFusionTrack.cpp, line 891: no picture available
devFusionTrack.cpp, line 891: no picture available
devFusionTrack.cpp, line 891: no picture available
devFusionTrack.cpp, line 891: no picture available
devFusionTrack.cpp, line 891: no picture available
devFusionTrack.cpp, line 891: no picture available
devFusionTrack.cpp, line 891: no picture available
devFusionTrack.cpp, line 891: no picture available
devFusionTrack.cpp, line 891: no picture available
devFusionTrack.cpp, line 891: no picture available
devFusionTrack.cpp, line 891: no picture available
devFusionTrack.cpp, line 891: no picture available
devFusionTrack.cpp, line 891: no picture available
devFusionTrack.cpp, line 891: no picture available
devFusionTrack.cpp, line 891: no picture available
devFusionTrack.cpp, line 891: no picture available
devFusionTrack.cpp, line 891: no picture available
devFusionTrack.cpp, line 891: no picture available
devFusionTrack.cpp, line 891: no picture available
devFusionTrack.cpp, line 891: no picture available
devFusionTrack.cpp, line 891: no picture available
devFusionTrack.cpp, line 891: no picture available
devFusionTrack.cpp, line 891: no picture available
devFusionTrack.cpp, line 891: no picture available
devFusionTrack.cpp, line 891: no picture available
devFusionTrack.cpp, line 891: no picture available
devFusionTrack.cpp, line 891: no picture available
devFusionTrack.cpp, line 891: no picture available
devFusionTrack.cpp, line 891: no picture available
devFusionTrack.cpp, line 891: no picture available
devFusionTrack.cpp, line 891: no picture available
devFusionTrack.cpp, line 891: no picture available
devFusionTrack.cpp, line 891: no picture available
devFusionTrack.cpp, line 891: no picture available
devFusionTrack.cpp, line 891: no picture available
devFusionTrack.cpp, line 891: no picture available
devFusionTrack.cpp, line 891: no picture available
devFusionTrack.cpp, line 891: no picture available
devFusionTrack.cpp, line 891: no picture available
devFusionTrack.cpp, line 891: no picture available
devFusionTrack.cpp, line 891: no picture available
devFusionTrack.cpp, line 891: no picture available
devFusionTrack.cpp, line 891: no picture available
devFusionTrack.cpp, line 891: no picture available
devFusionTrack.cpp, line 891: no picture available
devFusionTrack.cpp, line 891: no picture available
devFusionTrack.cpp, line 891: no picture available
devFusionTrack.cpp, line 891: no picture available
devFusionTrack.cpp, line 891: no picture available
devFusionTrack.cpp, line 891: no picture available
devFusionTrack.cpp, line 891: no picture available
devFusionTrack.cpp, line 891: no picture available
devFusionTrack.cpp, line 891: no picture available
devFusionTrack.cpp, line 891: no picture available
devFusionTrack.cpp, line 891: no picture available
devFusionTrack.cpp, line 891: no picture available
devFusionTrack.cpp, line 891: no picture available
devFusionTrack.cpp, line 891: no picture available
devFusionTrack.cpp, line 891: no picture available
devFusionTrack.cpp, line 891: no picture available
devFusionTrack.cpp, line 891: no picture available
devFusionTrack.cpp, line 891: no picture available
devFusionTrack.cpp, line 891: no picture available
devFusionTrack.cpp, line 891: no picture available
devFusionTrack.cpp, line 891: no picture available
devFusionTrack.cpp, line 891: no picture available
devFusionTrack.cpp, line 891: no picture available
devFusionTrack.cpp, line 891: no picture available
devFusionTrack.cpp, line 891: no picture available
devFusionTrack.cpp, line 891: no picture available
devFusionTrack.cpp, line 891: no picture available
devFusionTrack.cpp, line 891: no picture available
devFusionTrack.cpp, line 891: no picture available
devFusionTrack.cpp, line 891: no picture available
devFusionTrack.cpp, line 891: no picture available
devFusionTrack.cpp, line 891: no picture available
devFusionTrack.cpp, line 891: no picture available
devFusionTrack.cpp, line 891: no picture available
devFusionTrack.cpp, line 891: no picture available
devFusionTrack.cpp, line 891: no picture available
devFusionTrack.cpp, line 891: no picture available
devFusionTrack.cpp, line 891: no picture available
devFusionTrack.cpp, line 891: no picture available
devFusionTrack.cpp, line 891: no picture available
devFusionTrack.cpp, line 891: no picture available
devFusionTrack.cpp, line 891: no picture available
devFusionTrack.cpp, line 891: no picture available
devFusionTrack.cpp, line 891: no picture available
devFusionTrack.cpp, line 891: no picture available
devFusionTrack.cpp, line 891: no picture available
devFusionTrack.cpp, line 891: no picture available
devFusionTrack.cpp, line 891: no picture available
devFusionTrack.cpp, line 891: no picture available
devFusionTrack.cpp, line 891: no picture available
devFusionTrack.cpp, line 891: no picture available
devFusionTrack.cpp, line 891: no picture available
devFusionTrack.cpp, line 891: no picture available
devFusionTrack.cpp, line 891: no picture available
devFusionTrack.cpp, line 891: no picture available
devFusionTrack.cpp, line 891: no picture available
devFusionTrack.cpp, line 891: no picture available
devFusionTrack.cpp, line 891: no picture available
devFusionTrack.cpp, line 891: no picture available
devFusionTrack.cpp, line 891: no picture available
devFusionTrack.cpp, line 891: no picture available
devFusionTrack.cpp, line 891: no picture available
devFusionTrack.cpp, line 891: no picture available
devFusionTrack.cpp, line 891: no picture available
devFusionTrack.cpp, line 891: no picture available
devFusionTrack.cpp, line 891: no picture available
devFusionTrack.cpp, line 891: no picture available
devFusionTrack.cpp, line 891: no picture available
devFusionTrack.cpp, line 891: no picture available
devFusionTrack.cpp, line 891: no picture available
devFusionTrack.cpp, line 891: no picture available
devFusionTrack.cpp, line 891: no picture available
devFusionTrack.cpp, line 891: no picture available
devFusionTrack.cpp, line 891: no picture available
devFusionTrack.cpp, line 891: no picture available
devFusionTrack.cpp, line 891: no picture available
devFusionTrack.cpp, line 891: no picture available
devFusionTrack.cpp, line 891: no picture available
devFusionTrack.cpp, line 891: no picture available
devFusionTrack.cpp, line 891: no picture available
devFusionTrack.cpp, line 891: no picture available
devFusionTrack.cpp, line 891: no picture available
devFusionTrack.cpp, line 891: no picture available
devFusionTrack.cpp, line 891: no picture available
devFusionTrack.cpp, line 891: no picture available
devFusionTrack.cpp, line 891: no picture available
devFusionTrack.cpp, line 891: no picture available
devFusionTrack.cpp, line 891: no picture available
devFusionTrack.cpp, line 891: no picture available
devFusionTrack.cpp, line 891: no picture available
devFusionTrack.cpp, line 891: no picture available
devFusionTrack.cpp, line 891: no picture available
devFusionTrack.cpp, line 891: no picture available
devFusionTrack.cpp, line 891: no picture available
devFusionTrack.cpp, line 891: no picture available
devFusionTrack.cpp, line 891: no picture available
devFusionTrack.cpp, line 891: no picture available
devFusionTrack.cpp, line 891: no picture available
devFusionTrack.cpp, line 891: no picture available
devFusionTrack.cpp, line 891: no picture available
devFusionTrack.cpp, line 891: no picture available
devFusionTrack.cpp, line 891: no picture available
devFusionTrack.cpp, line 891: no picture available
devFusionTrack.cpp, line 891: no picture available
devFusionTrack.cpp, line 891: no picture available
devFusionTrack.cpp, line 891: no picture available
devFusionTrack.cpp, line 891: no picture available
devFusionTrack.cpp, line 891: no picture available
devFusionTrack.cpp, line 891: no picture available
devFusionTrack.cpp, line 891: no picture available
devFusionTrack.cpp, line 891: no picture available
devFusionTrack.cpp, line 891: no picture available
devFusionTrack.cpp, line 891: no picture available
devFusionTrack.cpp, line 891: no picture available
devFusionTrack.cpp, line 891: no picture available
devFusionTrack.cpp, line 891: no picture available
devFusionTrack.cpp, line 891: no picture available
devFusionTrack.cpp, line 891: no picture available
devFusionTrack.cpp, line 891: no picture available
devFusionTrack.cpp, line 891: no picture available
devFusionTrack.cpp, line 891: no picture available
devFusionTrack.cpp, line 891: no picture available
devFusionTrack.cpp, line 891: no picture available
devFusionTrack.cpp, line 891: no picture available
devFusionTrack.cpp, line 891: no picture available
devFusionTrack.cpp, line 891: no picture available
devFusionTrack.cpp, line 891: no picture available
devFusionTrack.cpp, line 891: no picture available
devFusionTrack.cpp, line 891: no picture available
devFusionTrack.cpp, line 891: no picture available
devFusionTrack.cpp, line 891: no picture available
devFusionTrack.cpp, line 891: no picture available
devFusionTrack.cpp, line 891: no picture available
devFusionTrack.cpp, line 891: no picture available
devFusionTrack.cpp, line 891: no picture available
devFusionTrack.cpp, line 891: no picture available
devFusionTrack.cpp, line 891: no picture available
devFusionTrack.cpp, line 891: no picture available
devFusionTrack.cpp, line 891: no picture available
devFusionTrack.cpp, line 891: no picture available
devFusionTrack.cpp, line 891: no picture available
devFusionTrack.cpp, line 891: no picture available
devFusionTrack.cpp, line 891: no picture available
devFusionTrack.cpp, line 891: no picture available
devFusionTrack.cpp, line 891: no picture available
devFusionTrack.cpp, line 891: no picture available
devFusionTrack.cpp, line 891: no picture available
devFusionTrack.cpp, line 891: no picture available
devFusionTrack.cpp, line 891: no picture available
devFusionTrack.cpp, line 891: no picture available
devFusionTrack.cpp, line 891: no picture available
devFusionTrack.cpp, line 891: no picture available
devFusionTrack.cpp, line 891: no picture available
devFusionTrack.cpp, line 891: no picture available
devFusionTrack.cpp, line 891: no picture available
devFusionTrack.cpp, line 891: no picture available
devFusionTrack.cpp, line 891: no picture available
devFusionTrack.cpp, line 891: no picture available
devFusionTrack.cpp, line 891: no picture available
devFusionTrack.cpp, line 891: no picture available
devFusionTrack.cpp, line 891: no picture available
devFusionTrack.cpp, line 891: no picture available
devFusionTrack.cpp, line 891: no picture available
devFusionTrack.cpp, line 891: no picture available
devFusionTrack.cpp, line 891: no picture available
devFusionTrack.cpp, line 891: no picture available
devFusionTrack.cpp, line 891: no picture available
devFusionTrack.cpp, line 891: no picture available
devFusionTrack.cpp, line 891: no picture available
devFusionTrack.cpp, line 891: no picture available
devFusionTrack.cpp, line 891: no picture available
devFusionTrack.cpp, line 891: no picture available
devFusionTrack.cpp, line 891: no picture available
devFusionTrack.cpp, line 891: no picture available
devFusionTrack.cpp, line 891: no picture available
devFusionTrack.cpp, line 891: no picture available
devFusionTrack.cpp, line 891: no picture available
devFusionTrack.cpp, line 891: no picture available
devFusionTrack.cpp, line 891: no picture available
devFusionTrack.cpp, line 891: no picture available
devFusionTrack.cpp, line 891: no picture available
devFusionTrack.cpp, line 891: no picture available
devFusionTrack.cpp, line 891: no picture available
devFusionTrack.cpp, line 891: no picture available
devFusionTrack.cpp, line 891: no picture available
devFusionTrack.cpp, line 891: no picture available
devFusionTrack.cpp, line 891: no picture available
devFusionTrack.cpp, line 891: no picture available
devFusionTrack.cpp, line 891: no picture available
devFusionTrack.cpp, line 891: no picture available
devFusionTrack.cpp, line 891: no picture available
devFusionTrack.cpp, line 891: no picture available
devFusionTrack.cpp, line 891: no picture available
devFusionTrack.cpp, line 891: no picture available
devFusionTrack.cpp, line 891: no picture available
devFusionTrack.cpp, line 891: no picture available
devFusionTrack.cpp, line 891: no picture available
devFusionTrack.cpp, line 891: no picture available
devFusionTrack.cpp, line 891: no picture available
devFusionTrack.cpp, line 891: no picture available
devFusionTrack.cpp, line 891: no picture available
devFusionTrack.cpp, line 891: no picture available
devFusionTrack.cpp, line 891: no picture available
devFusionTrack.cpp, line 891: no picture available
devFusionTrack.cpp, line 891: no picture available
devFusionTrack.cpp, line 891: no picture available
devFusionTrack.cpp, line 891: no picture available
devFusionTrack.cpp, line 891: no picture available
devFusionTrack.cpp, line 891: no picture available
devFusionTrack.cpp, line 891: no picture available
devFusionTrack.cpp, line 891: no picture available
devFusionTrack.cpp, line 891: no picture available
devFusionTrack.cpp, line 891: no picture available
devFusionTrack.cpp, line 891: no picture available
devFusionTrack.cpp, line 891: no picture available
devFusionTrack.cpp, line 891: no picture available
devFusionTrack.cpp, line 891: no picture available
devFusionTrack.cpp, line 891: no picture available
devFusionTrack.cpp, line 891: no picture available
devFusionTrack.cpp, line 891: no picture available
devFusionTrack.cpp, line 891: no picture available
devFusionTrack.cpp, line 891: no picture available
devFusionTrack.cpp, line 891: no picture available
devFusionTrack.cpp, line 891: no picture available
devFusionTrack.cpp, line 891: no picture available
devFusionTrack.cpp, line 891: no picture available
devFusionTrack.cpp, line 891: no picture available
devFusionTrack.cpp, line 891: no picture available
devFusionTrack.cpp, line 891: no picture available
devFusionTrack.cpp, line 891: no picture available
devFusionTrack.cpp, line 891: no picture available
devFusionTrack.cpp, line 891: no picture available
devFusionTrack.cpp, line 891: no picture available
devFusionTrack.cpp, line 891: no picture available
devFusionTrack.cpp, line 891: no picture available
devFusionTrack.cpp, line 891: no picture available
devFusionTrack.cpp, line 891: no picture available
devFusionTrack.cpp, line 891: no picture available
devFusionTrack.cpp, line 891: no picture available
devFusionTrack.cpp, line 891: no picture available
devFusionTrack.cpp, line 891: no picture available
devFusionTrack.cpp, line 891: no picture available
devFusionTrack.cpp, line 891: no picture available
devFusionTrack.cpp, line 891: no picture available
devFusionTrack.cpp, line 891: no picture available
devFusionTrack.cpp, line 891: no picture available
devFusionTrack.cpp, line 891: no picture available
devFusionTrack.cpp, line 891: no picture available
devFusionTrack.cpp, line 891: no picture available
devFusionTrack.cpp, line 891: no picture available
devFusionTrack.cpp, line 891: no picture available
devFusionTrack.cpp, line 891: no picture available
devFusionTrack.cpp, line 891: no picture available
devFusionTrack.cpp, line 891: no picture available
devFusionTrack.cpp, line 891: no picture available
devFusionTrack.cpp, line 891: no picture available
devFusionTrack.cpp, line 891: no picture available
devFusionTrack.cpp, line 891: no picture available
Sending packet 207 at 1585059133079
Sent packet 207 at 1585059133081
Received packet answering to 206 at 1585059133084
Sending packet 208 at 1585059133084
Sent packet 208 at 1585059133084
Received packet answering to 207 at 1585059133098
