Starting logging on 2020-04-08 at 11:05:40
Launching discovery service for config 172.17.1.7:3509
devFusionTrack.cpp, line 205: reading SN LSBs
Sending packet 2 at 1586336740152
Sent packet 2 at 1586336740152
/var/jenkins/workspace/ftk_soft.atr.meta.2cams.sdk.release.public.linux.installer/soft.atr.2cams.ftk/dev/include/devPacketReader.tpp, line 91, waiting for response
Sending packet 2 at 1586336741652
Sent packet 2 at 1586336741652
/var/jenkins/workspace/ftk_soft.atr.meta.2cams.sdk.release.public.linux.installer/soft.atr.2cams.ftk/dev/include/devPacketReader.tpp, line 91, waiting for response
Sending packet 2 at 1586336743152
Sent packet 2 at 1586336743152
/var/jenkins/workspace/ftk_soft.atr.meta.2cams.sdk.release.public.linux.installer/soft.atr.2cams.ftk/dev/include/devPacketReader.tpp, line 91, waiting for response
Sending packet 2 at 1586336744652
Sent packet 2 at 1586336744653
/var/jenkins/workspace/ftk_soft.atr.meta.2cams.sdk.release.public.linux.installer/soft.atr.2cams.ftk/dev/include/devPacketReader.tpp, line 91, waiting for response
Sending packet 2 at 1586336746153
Sent packet 2 at 1586336746153
/var/jenkins/workspace/ftk_soft.atr.meta.2cams.sdk.release.public.linux.installer/soft.atr.2cams.ftk/dev/include/devPacketReader.tpp, line 91, waiting for response
devFusionTrack.cpp, line 210: cannot read SN LSBs
! No device detected while searching for: (172.17.1.7:3509)
Restarting discovery with looser timeout
Launching discovery service for config 172.17.1.7:3509
devFusionTrack.cpp, line 205: reading SN LSBs
Sending packet 3 at 1586336747657
Sent packet 3 at 1586336747657
/var/jenkins/workspace/ftk_soft.atr.meta.2cams.sdk.release.public.linux.installer/soft.atr.2cams.ftk/dev/include/devPacketReader.tpp, line 91, waiting for response
Sending packet 3 at 1586336749157
Sent packet 3 at 1586336749157
/var/jenkins/workspace/ftk_soft.atr.meta.2cams.sdk.release.public.linux.installer/soft.atr.2cams.ftk/dev/include/devPacketReader.tpp, line 91, waiting for response
Sending packet 3 at 1586336750657
Sent packet 3 at 1586336750657
/var/jenkins/workspace/ftk_soft.atr.meta.2cams.sdk.release.public.linux.installer/soft.atr.2cams.ftk/dev/include/devPacketReader.tpp, line 91, waiting for response
Sending packet 3 at 1586336752158
Sent packet 3 at 1586336752158
/var/jenkins/workspace/ftk_soft.atr.meta.2cams.sdk.release.public.linux.installer/soft.atr.2cams.ftk/dev/include/devPacketReader.tpp, line 91, waiting for response
Sending packet 3 at 1586336753658
Sent packet 3 at 1586336753658
/var/jenkins/workspace/ftk_soft.atr.meta.2cams.sdk.release.public.linux.installer/soft.atr.2cams.ftk/dev/include/devPacketReader.tpp, line 91, waiting for response
devFusionTrack.cpp, line 210: cannot read SN LSBs
! No device detected while searching for: (172.17.1.7:3509)
