Starting logging on 2020-04-07 at 14:06:16
Launching discovery service for config 172.17.1.7:3509
devFusionTrack.cpp, line 205: reading SN LSBs
Sending packet 2 at 1586261176785
Sent packet 2 at 1586261176786
/var/jenkins/workspace/ftk_soft.atr.meta.2cams.sdk.release.public.linux.installer/soft.atr.2cams.ftk/dev/include/devPacketReader.tpp, line 91, waiting for response
Sending packet 2 at 1586261178286
Sent packet 2 at 1586261178286
/var/jenkins/workspace/ftk_soft.atr.meta.2cams.sdk.release.public.linux.installer/soft.atr.2cams.ftk/dev/include/devPacketReader.tpp, line 91, waiting for response
Sending packet 2 at 1586261179786
Sent packet 2 at 1586261179787
/var/jenkins/workspace/ftk_soft.atr.meta.2cams.sdk.release.public.linux.installer/soft.atr.2cams.ftk/dev/include/devPacketReader.tpp, line 91, waiting for response
Sending packet 2 at 1586261181287
Sent packet 2 at 1586261181287
/var/jenkins/workspace/ftk_soft.atr.meta.2cams.sdk.release.public.linux.installer/soft.atr.2cams.ftk/dev/include/devPacketReader.tpp, line 91, waiting for response
Sending packet 2 at 1586261182787
Sent packet 2 at 1586261182787
/var/jenkins/workspace/ftk_soft.atr.meta.2cams.sdk.release.public.linux.installer/soft.atr.2cams.ftk/dev/include/devPacketReader.tpp, line 91, waiting for response
devFusionTrack.cpp, line 210: cannot read SN LSBs
! No device detected while searching for: (172.17.1.7:3509)
Restarting discovery with looser timeout
Launching discovery service for config 172.17.1.7:3509
devFusionTrack.cpp, line 205: reading SN LSBs
Sending packet 3 at 1586261184289
Sent packet 3 at 1586261184289
/var/jenkins/workspace/ftk_soft.atr.meta.2cams.sdk.release.public.linux.installer/soft.atr.2cams.ftk/dev/include/devPacketReader.tpp, line 91, waiting for response
Sending packet 3 at 1586261185790
Sent packet 3 at 1586261185790
/var/jenkins/workspace/ftk_soft.atr.meta.2cams.sdk.release.public.linux.installer/soft.atr.2cams.ftk/dev/include/devPacketReader.tpp, line 91, waiting for response
Sending packet 3 at 1586261187290
Sent packet 3 at 1586261187290
Received packet answering to 2 at 1586261187301
devFusionTrack.cpp, line 235: reading SN MSBs
Sending packet 4 at 1586261187321
Sent packet 4 at 1586261187321
Received packet answering to 3 at 1586261187326
- Device 0xE30000091D052628 found (ip=172.17.1.7, port=3509)
- Configure Device
devDeviceInfoExt.cpp, line 1155: connecting the socket
devDeviceInfoExt.cpp, line 1174: reading registers description address
devDeviceInfoExt.cpp, line 1182: downloading the register description
devDeviceInfoExt.cpp, line 1196: testing UPD packet size
  ? Testing UDP packet size of 8132
  + Setting UDP packet size to 8144
devDeviceInfoExt.cpp, line 1201: looking for PACKET_MAX_SIZE register
devDeviceInfoExt.cpp, line 1210: writing for PACKET_MAX_SIZE register
devDeviceInfoExt.cpp, line 1221: looking for DEVICE_VERSION register
devDeviceInfoExt.cpp, line 1275: downloading calibration
  ! Cannot upload factory file
devDeviceInfoExt.cpp, line 1288: uniforming compression
devDeviceInfoExt.cpp, line 1297: looking for ACQUISITION register
devDeviceInfoExt.cpp, line 1305: writing for ACQUISITION register
+ Configuration Done
devDeviceInfoExt.cpp, line 212: cannot find register "FACT_HARD_VERSION"
devDeviceInfoExt.cpp, line 1546: wrong status
devDeviceInfoExt.cpp, line 212: cannot find register "PLAIN_NUMBER_LOW"
Old version of the calibration file
devDeviceInfoExt.cpp, line 1546: wrong status
ftkDevice.cpp line 877: cannot read value from register ACC0_RANGE
devDeviceInfoExt.cpp, line 1546: wrong status
ftkDevice.cpp line 893: cannot read value from register ACC1_RANGE
