Starting logging on 2020-04-07 at 14:01:56
Launching discovery service for config 172.17.1.7:3509
devFusionTrack.cpp, line 205: reading SN LSBs
Sending packet 2 at 1586260916227
Sent packet 2 at 1586260916227
/var/jenkins/workspace/ftk_soft.atr.meta.2cams.sdk.release.public.linux.installer/soft.atr.2cams.ftk/dev/include/devPacketReader.tpp, line 91, waiting for response
Sending packet 2 at 1586260917727
Sent packet 2 at 1586260917727
/var/jenkins/workspace/ftk_soft.atr.meta.2cams.sdk.release.public.linux.installer/soft.atr.2cams.ftk/dev/include/devPacketReader.tpp, line 91, waiting for response
Sending packet 2 at 1586260919227
Sent packet 2 at 1586260919227
/var/jenkins/workspace/ftk_soft.atr.meta.2cams.sdk.release.public.linux.installer/soft.atr.2cams.ftk/dev/include/devPacketReader.tpp, line 91, waiting for response
Sending packet 2 at 1586260920728
Sent packet 2 at 1586260920728
/var/jenkins/workspace/ftk_soft.atr.meta.2cams.sdk.release.public.linux.installer/soft.atr.2cams.ftk/dev/include/devPacketReader.tpp, line 91, waiting for response
Sending packet 2 at 1586260922228
Sent packet 2 at 1586260922228
/var/jenkins/workspace/ftk_soft.atr.meta.2cams.sdk.release.public.linux.installer/soft.atr.2cams.ftk/dev/include/devPacketReader.tpp, line 91, waiting for response
devFusionTrack.cpp, line 210: cannot read SN LSBs
! No device detected while searching for: (172.17.1.7:3509)
Restarting discovery with looser timeout
Launching discovery service for config 172.17.1.7:3509
devFusionTrack.cpp, line 205: reading SN LSBs
Sending packet 3 at 1586260923733
Sent packet 3 at 1586260923733
/var/jenkins/workspace/ftk_soft.atr.meta.2cams.sdk.release.public.linux.installer/soft.atr.2cams.ftk/dev/include/devPacketReader.tpp, line 91, waiting for response
Sending packet 3 at 1586260925233
Sent packet 3 at 1586260925233
/var/jenkins/workspace/ftk_soft.atr.meta.2cams.sdk.release.public.linux.installer/soft.atr.2cams.ftk/dev/include/devPacketReader.tpp, line 91, waiting for response
Sending packet 3 at 1586260926733
Sent packet 3 at 1586260926733
/var/jenkins/workspace/ftk_soft.atr.meta.2cams.sdk.release.public.linux.installer/soft.atr.2cams.ftk/dev/include/devPacketReader.tpp, line 91, waiting for response
Sending packet 3 at 1586260928234
Sent packet 3 at 1586260928234
/var/jenkins/workspace/ftk_soft.atr.meta.2cams.sdk.release.public.linux.installer/soft.atr.2cams.ftk/dev/include/devPacketReader.tpp, line 91, waiting for response
Sending packet 3 at 1586260929734
Sent packet 3 at 1586260929734
/var/jenkins/workspace/ftk_soft.atr.meta.2cams.sdk.release.public.linux.installer/soft.atr.2cams.ftk/dev/include/devPacketReader.tpp, line 91, waiting for response
devFusionTrack.cpp, line 210: cannot read SN LSBs
! No device detected while searching for: (172.17.1.7:3509)
