Starting logging on 2020-06-30 at 13:50:18
Launching discovery service for config 172.17.1.7:3509
devFusionTrack.cpp, line 205: reading SN LSBs
Sending packet 2 at 1593517818679
Sent packet 2 at 1593517818679
Received packet answering to 1 at 1593517819708
devFusionTrack.cpp, line 235: reading SN MSBs
Sending packet 3 at 1593517819708
Sent packet 3 at 1593517819708
Received packet answering to 2 at 1593517819716
- Device 0xE30000091D052628 found (ip=172.17.1.7, port=3509)
- Configure Device
devDeviceInfoExt.cpp, line 1155: connecting the socket
devDeviceInfoExt.cpp, line 1174: reading registers description address
devDeviceInfoExt.cpp, line 1182: downloading the register description
devDeviceInfoExt.cpp, line 1196: testing UPD packet size
  ? Testing UDP packet size of 8132
  + Setting UDP packet size to 8144
devDeviceInfoExt.cpp, line 1201: looking for PACKET_MAX_SIZE register
devDeviceInfoExt.cpp, line 1210: writing for PACKET_MAX_SIZE register
devDeviceInfoExt.cpp, line 1221: looking for DEVICE_VERSION register
devDeviceInfoExt.cpp, line 1275: downloading calibration
/var/jenkins/workspace/ftk_soft.atr.meta.2cams.sdk.release.public.linux.installer/soft.atr.2cams.ftk/dev/include/devPacketReader.tpp, line 91, waiting for response
/var/jenkins/workspace/ftk_soft.atr.meta.2cams.sdk.release.public.linux.installer/soft.atr.2cams.ftk/dev/include/devPacketReader.tpp, line 91, waiting for response
/var/jenkins/workspace/ftk_soft.atr.meta.2cams.sdk.release.public.linux.installer/soft.atr.2cams.ftk/dev/include/devPacketReader.tpp, line 91, waiting for response
/var/jenkins/workspace/ftk_soft.atr.meta.2cams.sdk.release.public.linux.installer/soft.atr.2cams.ftk/dev/include/devPacketReader.tpp, line 91, waiting for response
/var/jenkins/workspace/ftk_soft.atr.meta.2cams.sdk.release.public.linux.installer/soft.atr.2cams.ftk/dev/include/devPacketReader.tpp, line 91, waiting for response
devDeviceInfoExt.cpp, line 1540: cannot perfom memread sync operation
  ! Cannot upload factory file
devDeviceInfoExt.cpp, line 1288: uniforming compression
/var/jenkins/workspace/ftk_soft.atr.meta.2cams.sdk.release.public.linux.installer/soft.atr.2cams.ftk/dev/include/devPacketReader.tpp, line 91, waiting for response
/var/jenkins/workspace/ftk_soft.atr.meta.2cams.sdk.release.public.linux.installer/soft.atr.2cams.ftk/dev/include/devPacketReader.tpp, line 91, waiting for response
/var/jenkins/workspace/ftk_soft.atr.meta.2cams.sdk.release.public.linux.installer/soft.atr.2cams.ftk/dev/include/devPacketReader.tpp, line 91, waiting for response
/var/jenkins/workspace/ftk_soft.atr.meta.2cams.sdk.release.public.linux.installer/soft.atr.2cams.ftk/dev/include/devPacketReader.tpp, line 91, waiting for response
/var/jenkins/workspace/ftk_soft.atr.meta.2cams.sdk.release.public.linux.installer/soft.atr.2cams.ftk/dev/include/devPacketReader.tpp, line 91, waiting for response
devDeviceInfoExt.cpp, line 1540: cannot perfom memread sync operation
  ! Cannot retrieve image compression registers
- Configure Device
devDeviceInfoExt.cpp, line 1155: connecting the socket
devDeviceInfoExt.cpp, line 1174: reading registers description address
Sending packet 49 at 1593517825086
Sent packet 49 at 1593517825086
/var/jenkins/workspace/ftk_soft.atr.meta.2cams.sdk.release.public.linux.installer/soft.atr.2cams.ftk/dev/include/devPacketReader.tpp, line 91, waiting for response
Sending packet 49 at 1593517825587
Sent packet 49 at 1593517825587
Received packet answering to 48 at 1593517825633
devDeviceInfoExt.cpp, line 1182: downloading the register description
Sending packet 50 at 1593517825633
Sent packet 50 at 1593517825633
Received packet answering to 49 at 1593517825656
Sending packet 51 at 1593517825656
Sent packet 51 at 1593517825656
Received packet answering to 50 at 1593517825658
Sending packet 52 at 1593517825658
Sent packet 52 at 1593517825658
Received packet answering to 51 at 1593517825666
Sending packet 53 at 1593517825666
Sent packet 53 at 1593517825666
Received packet answering to 52 at 1593517825674
Sending packet 54 at 1593517825675
Sent packet 54 at 1593517825675
Received packet answering to 53 at 1593517825683
Sending packet 55 at 1593517825683
Sent packet 55 at 1593517825683
Received packet answering to 54 at 1593517825691
devDeviceInfoExt.cpp, line 1196: testing UPD packet size
  ? Testing UDP packet size of 8132
Sending packet 56 at 1593517825694
Sent packet 56 at 1593517825694
Received packet answering to 55 at 1593517825700
  + Setting UDP packet size to 8144
devDeviceInfoExt.cpp, line 1201: looking for PACKET_MAX_SIZE register
devDeviceInfoExt.cpp, line 1210: writing for PACKET_MAX_SIZE register
Sending packet 57 at 1593517825700
Sent packet 57 at 1593517825700
Received packet answering to 56 at 1593517825708
devDeviceInfoExt.cpp, line 1221: looking for DEVICE_VERSION register
Sending packet 58 at 1593517825708
Sent packet 58 at 1593517825708
Received packet answering to 57 at 1593517825716
Sending packet 59 at 1593517825716
Sent packet 59 at 1593517825716
Received packet answering to 58 at 1593517825724
devDeviceInfoExt.cpp, line 1275: downloading calibration
Sending packet 60 at 1593517825724
Sent packet 60 at 1593517825725
Received packet answering to 59 at 1593517825742
Sending packet 61 at 1593517825742
Sent packet 61 at 1593517825742
Received packet answering to 60 at 1593517825749
Sending packet 62 at 1593517825749
Sent packet 62 at 1593517825749
Received packet answering to 61 at 1593517825758
Sending packet 63 at 1593517825758
Sent packet 63 at 1593517825758
Received packet answering to 62 at 1593517825766
Sending packet 64 at 1593517825766
Sent packet 64 at 1593517825766
Received packet answering to 63 at 1593517825776
Sending packet 65 at 1593517825776
Sent packet 65 at 1593517825776
Received packet answering to 64 at 1593517825783
Sending packet 66 at 1593517825783
Sent packet 66 at 1593517825783
Received packet answering to 65 at 1593517825791
Sending packet 67 at 1593517825791
Sent packet 67 at 1593517825791
Received packet answering to 66 at 1593517825799
Sending packet 68 at 1593517825799
Sent packet 68 at 1593517825799
Received packet answering to 67 at 1593517825807
Sending packet 69 at 1593517825808
Sent packet 69 at 1593517825808
Received packet answering to 68 at 1593517825816
Sending packet 70 at 1593517825816
Sent packet 70 at 1593517825816
Received packet answering to 69 at 1593517825824
Sending packet 71 at 1593517825824
Sent packet 71 at 1593517825824
Received packet answering to 70 at 1593517825833
Sending packet 72 at 1593517825833
Sent packet 72 at 1593517825833
Received packet answering to 71 at 1593517825841
Sending packet 73 at 1593517825841
Sent packet 73 at 1593517825841
Received packet answering to 72 at 1593517825849
Sending packet 74 at 1593517825849
Sent packet 74 at 1593517825849
Received packet answering to 73 at 1593517825858
Sending packet 75 at 1593517825858
Sent packet 75 at 1593517825858
Received packet answering to 74 at 1593517825866
Sending packet 76 at 1593517825866
Sent packet 76 at 1593517825866
Received packet answering to 75 at 1593517825874
Sending packet 77 at 1593517825874
Sent packet 77 at 1593517825874
Received packet answering to 76 at 1593517825883
Sending packet 78 at 1593517825883
Sent packet 78 at 1593517825883
Received packet answering to 77 at 1593517825891
Sending packet 79 at 1593517825891
Sent packet 79 at 1593517825891
Received packet answering to 78 at 1593517825899
Sending packet 80 at 1593517825899
Sent packet 80 at 1593517825899
Received packet answering to 79 at 1593517825908
Sending packet 81 at 1593517825908
Sent packet 81 at 1593517825908
Received packet answering to 80 at 1593517825916
Sending packet 82 at 1593517825916
Sent packet 82 at 1593517825916
Received packet answering to 81 at 1593517825924
Sending packet 83 at 1593517825925
Sent packet 83 at 1593517825925
Received packet answering to 82 at 1593517825933
Sending packet 84 at 1593517825933
Sent packet 84 at 1593517825933
Received packet answering to 83 at 1593517825941
Sending packet 85 at 1593517825941
Sent packet 85 at 1593517825941
Received packet answering to 84 at 1593517825949
Sending packet 86 at 1593517825949
Sent packet 86 at 1593517825950
Received packet answering to 85 at 1593517825958
Sending packet 87 at 1593517825958
Sent packet 87 at 1593517825958
Received packet answering to 86 at 1593517825966
Sending packet 88 at 1593517825966
Sent packet 88 at 1593517825966
Received packet answering to 87 at 1593517825974
Sending packet 89 at 1593517825974
Sent packet 89 at 1593517825975
Received packet answering to 88 at 1593517825983
Sending packet 90 at 1593517825983
Sent packet 90 at 1593517825983
Received packet answering to 89 at 1593517825991
Sending packet 91 at 1593517825991
Sent packet 91 at 1593517825991
Received packet answering to 90 at 1593517825999
Sending packet 92 at 1593517825999
Sent packet 92 at 1593517826000
Received packet answering to 91 at 1593517826007
Sending packet 93 at 1593517826007
Sent packet 93 at 1593517826007
Received packet answering to 92 at 1593517826016
Sending packet 94 at 1593517826016
Sent packet 94 at 1593517826016
Received packet answering to 93 at 1593517826024
Sending packet 95 at 1593517826024
Sent packet 95 at 1593517826024
Received packet answering to 94 at 1593517826033
Sending packet 96 at 1593517826033
Sent packet 96 at 1593517826033
Received packet answering to 95 at 1593517826041
Sending packet 97 at 1593517826041
Sent packet 97 at 1593517826041
Received packet answering to 96 at 1593517826049
Sending packet 98 at 1593517826050
Sent packet 98 at 1593517826050
Received packet answering to 97 at 1593517826058
Sending packet 99 at 1593517826058
Sent packet 99 at 1593517826058
Received packet answering to 98 at 1593517826066
Sending packet 100 at 1593517826066
Sent packet 100 at 1593517826066
Received packet answering to 99 at 1593517826074
Sending packet 101 at 1593517826074
Sent packet 101 at 1593517826074
Received packet answering to 100 at 1593517826083
Sending packet 102 at 1593517826083
Sent packet 102 at 1593517826083
Received packet answering to 101 at 1593517826091
Sending packet 103 at 1593517826091
Sent packet 103 at 1593517826091
Received packet answering to 102 at 1593517826099
Sending packet 104 at 1593517826099
Sent packet 104 at 1593517826099
Received packet answering to 103 at 1593517826108
Sending packet 105 at 1593517826108
Sent packet 105 at 1593517826108
Received packet answering to 104 at 1593517826116
Sending packet 106 at 1593517826116
Sent packet 106 at 1593517826116
Received packet answering to 105 at 1593517826124
Sending packet 107 at 1593517826124
Sent packet 107 at 1593517826124
Received packet answering to 106 at 1593517826133
Sending packet 108 at 1593517826133
Sent packet 108 at 1593517826133
Received packet answering to 107 at 1593517826141
Sending packet 109 at 1593517826141
Sent packet 109 at 1593517826141
Received packet answering to 108 at 1593517826149
Sending packet 110 at 1593517826149
Sent packet 110 at 1593517826149
Received packet answering to 109 at 1593517826157
Sending packet 111 at 1593517826158
Sent packet 111 at 1593517826158
Received packet answering to 110 at 1593517826166
Sending packet 112 at 1593517826166
Sent packet 112 at 1593517826166
Received packet answering to 111 at 1593517826174
Sending packet 113 at 1593517826174
Sent packet 113 at 1593517826174
Received packet answering to 112 at 1593517826183
Sending packet 114 at 1593517826183
Sent packet 114 at 1593517826183
Received packet answering to 113 at 1593517826191
Sending packet 115 at 1593517826191
Sent packet 115 at 1593517826191
Received packet answering to 114 at 1593517826199
Sending packet 116 at 1593517826199
Sent packet 116 at 1593517826199
Received packet answering to 115 at 1593517826208
Sending packet 117 at 1593517826208
Sent packet 117 at 1593517826208
Received packet answering to 116 at 1593517826216
Sending packet 118 at 1593517826216
Sent packet 118 at 1593517826216
Received packet answering to 117 at 1593517826224
Sending packet 119 at 1593517826224
Sent packet 119 at 1593517826224
Received packet answering to 118 at 1593517826233
Sending packet 120 at 1593517826233
Sent packet 120 at 1593517826233
Received packet answering to 119 at 1593517826241
Sending packet 121 at 1593517826241
Sent packet 121 at 1593517826241
Received packet answering to 120 at 1593517826249
Sending packet 122 at 1593517826249
Sent packet 122 at 1593517826249
Received packet answering to 121 at 1593517826258
Sending packet 123 at 1593517826258
Sent packet 123 at 1593517826258
Received packet answering to 122 at 1593517826266
Sending packet 124 at 1593517826266
Sent packet 124 at 1593517826266
Received packet answering to 123 at 1593517826274
Sending packet 125 at 1593517826274
Sent packet 125 at 1593517826275
Received packet answering to 124 at 1593517826283
  ! Cannot upload factory file
devDeviceInfoExt.cpp, line 1288: uniforming compression
Sending packet 126 at 1593517826283
Sent packet 126 at 1593517826283
Received packet answering to 125 at 1593517826291
Sending packet 127 at 1593517826291
Sent packet 127 at 1593517826291
Received packet answering to 126 at 1593517826299
devDeviceInfoExt.cpp, line 1297: looking for ACQUISITION register
devDeviceInfoExt.cpp, line 1305: writing for ACQUISITION register
Sending packet 128 at 1593517826300
Sent packet 128 at 1593517826300
Received packet answering to 127 at 1593517826308
+ Configuration Done
Sending packet 129 at 1593517826308
Sent packet 129 at 1593517826308
Received packet answering to 128 at 1593517826316
devDeviceInfoExt.cpp, line 212: cannot find register "FACT_HARD_VERSION"
Sending packet 130 at 1593517826325
Sent packet 130 at 1593517826325
Received packet answering to 129 at 1593517826333
devDeviceInfoExt.cpp, line 1546: wrong status
devDeviceInfoExt.cpp, line 212: cannot find register "PLAIN_NUMBER_LOW"
Sending packet 131 at 1593517826333
Sent packet 131 at 1593517826333
Received packet answering to 130 at 1593517826341
Sending packet 132 at 1593517826341
Sent packet 132 at 1593517826341
Received packet answering to 131 at 1593517826349
Old version of the calibration file
Sending packet 133 at 1593517826355
Sent packet 133 at 1593517826356
Received packet answering to 132 at 1593517826365
devDeviceInfoExt.cpp, line 1546: wrong status
ftkDevice.cpp line 877: cannot read value from register ACC0_RANGE
Sending packet 134 at 1593517826366
Sent packet 134 at 1593517826366
Received packet answering to 133 at 1593517826382
devDeviceInfoExt.cpp, line 1546: wrong status
ftkDevice.cpp line 893: cannot read value from register ACC1_RANGE
Sending packet 135 at 1593517826382
Sent packet 135 at 1593517826382
Received packet answering to 134 at 1593517826383
devFusionTrack.cpp, line 891: no picture available
devFusionTrack.cpp, line 891: no picture available
devFusionTrack.cpp, line 891: no picture available
devFusionTrack.cpp, line 891: no picture available
devFusionTrack.cpp, line 891: no picture available
devFusionTrack.cpp, line 891: no picture available
devFusionTrack.cpp, line 891: no picture available
devFusionTrack.cpp, line 891: no picture available
devFusionTrack.cpp, line 891: no picture available
devFusionTrack.cpp, line 891: no picture available
devFusionTrack.cpp, line 891: no picture available
devFusionTrack.cpp, line 891: no picture available
devFusionTrack.cpp, line 891: no picture available
devFusionTrack.cpp, line 891: no picture available
devFusionTrack.cpp, line 891: no picture available
devFusionTrack.cpp, line 891: no picture available
devFusionTrack.cpp, line 891: no picture available
devFusionTrack.cpp, line 891: no picture available
devFusionTrack.cpp, line 891: no picture available
devFusionTrack.cpp, line 891: no picture available
devFusionTrack.cpp, line 891: no picture available
devFusionTrack.cpp, line 891: no picture available
devFusionTrack.cpp, line 891: no picture available
devFusionTrack.cpp, line 891: no picture available
devFusionTrack.cpp, line 891: no picture available
devFusionTrack.cpp, line 891: no picture available
devFusionTrack.cpp, line 891: no picture available
devFusionTrack.cpp, line 891: no picture available
devFusionTrack.cpp, line 891: no picture available
devFusionTrack.cpp, line 891: no picture available
devFusionTrack.cpp, line 891: no picture available
devFusionTrack.cpp, line 891: no picture available
devFusionTrack.cpp, line 891: no picture available
devFusionTrack.cpp, line 891: no picture available
devFusionTrack.cpp, line 891: no picture available
devFusionTrack.cpp, line 891: no picture available
devFusionTrack.cpp, line 891: no picture available
devFusionTrack.cpp, line 891: no picture available
devFusionTrack.cpp, line 891: no picture available
devFusionTrack.cpp, line 891: no picture available
devFusionTrack.cpp, line 891: no picture available
devFusionTrack.cpp, line 891: no picture available
devFusionTrack.cpp, line 891: no picture available
devFusionTrack.cpp, line 891: no picture available
devFusionTrack.cpp, line 891: no picture available
devFusionTrack.cpp, line 891: no picture available
devFusionTrack.cpp, line 891: no picture available
devFusionTrack.cpp, line 891: no picture available
devFusionTrack.cpp, line 891: no picture available
devFusionTrack.cpp, line 891: no picture available
devFusionTrack.cpp, line 891: no picture available
devFusionTrack.cpp, line 891: no picture available
devFusionTrack.cpp, line 891: no picture available
devFusionTrack.cpp, line 891: no picture available
devFusionTrack.cpp, line 891: no picture available
devFusionTrack.cpp, line 891: no picture available
devFusionTrack.cpp, line 891: no picture available
devFusionTrack.cpp, line 891: no picture available
devFusionTrack.cpp, line 891: no picture available
devFusionTrack.cpp, line 891: no picture available
devFusionTrack.cpp, line 891: no picture available
devFusionTrack.cpp, line 891: no picture available
devFusionTrack.cpp, line 891: no picture available
devFusionTrack.cpp, line 891: no picture available
devFusionTrack.cpp, line 891: no picture available
devFusionTrack.cpp, line 891: no picture available
devFusionTrack.cpp, line 891: no picture available
devFusionTrack.cpp, line 891: no picture available
devFusionTrack.cpp, line 891: no picture available
devFusionTrack.cpp, line 891: no picture available
devFusionTrack.cpp, line 891: no picture available
devFusionTrack.cpp, line 891: no picture available
devFusionTrack.cpp, line 891: no picture available
devFusionTrack.cpp, line 891: no picture available
devFusionTrack.cpp, line 891: no picture available
devFusionTrack.cpp, line 891: no picture available
devFusionTrack.cpp, line 891: no picture available
devFusionTrack.cpp, line 891: no picture available
devFusionTrack.cpp, line 891: no picture available
devFusionTrack.cpp, line 891: no picture available
devFusionTrack.cpp, line 891: no picture available
devFusionTrack.cpp, line 891: no picture available
devFusionTrack.cpp, line 891: no picture available
devFusionTrack.cpp, line 891: no picture available
devFusionTrack.cpp, line 891: no picture available
devFusionTrack.cpp, line 891: no picture available
devFusionTrack.cpp, line 891: no picture available
devFusionTrack.cpp, line 891: no picture available
devFusionTrack.cpp, line 891: no picture available
devFusionTrack.cpp, line 891: no picture available
devFusionTrack.cpp, line 891: no picture available
devFusionTrack.cpp, line 891: no picture available
devFusionTrack.cpp, line 891: no picture available
devFusionTrack.cpp, line 891: no picture available
devFusionTrack.cpp, line 891: no picture available
devFusionTrack.cpp, line 891: no picture available
devFusionTrack.cpp, line 891: no picture available
devFusionTrack.cpp, line 891: no picture available
devFusionTrack.cpp, line 891: no picture available
devFusionTrack.cpp, line 891: no picture available
devFusionTrack.cpp, line 891: no picture available
devFusionTrack.cpp, line 891: no picture available
devFusionTrack.cpp, line 891: no picture available
devFusionTrack.cpp, line 891: no picture available
devFusionTrack.cpp, line 891: no picture available
devFusionTrack.cpp, line 891: no picture available
devFusionTrack.cpp, line 891: no picture available
devFusionTrack.cpp, line 891: no picture available
devFusionTrack.cpp, line 891: no picture available
devFusionTrack.cpp, line 891: no picture available
devFusionTrack.cpp, line 891: no picture available
devFusionTrack.cpp, line 891: no picture available
devFusionTrack.cpp, line 891: no picture available
devFusionTrack.cpp, line 891: no picture available
devFusionTrack.cpp, line 891: no picture available
devFusionTrack.cpp, line 891: no picture available
devFusionTrack.cpp, line 891: no picture available
devFusionTrack.cpp, line 891: no picture available
devFusionTrack.cpp, line 891: no picture available
devFusionTrack.cpp, line 891: no picture available
devFusionTrack.cpp, line 891: no picture available
devFusionTrack.cpp, line 891: no picture available
devFusionTrack.cpp, line 891: no picture available
devFusionTrack.cpp, line 891: no picture available
devFusionTrack.cpp, line 891: no picture available
devFusionTrack.cpp, line 891: no picture available
devFusionTrack.cpp, line 891: no picture available
devFusionTrack.cpp, line 891: no picture available
devFusionTrack.cpp, line 891: no picture available
devFusionTrack.cpp, line 891: no picture available
devFusionTrack.cpp, line 891: no picture available
devFusionTrack.cpp, line 891: no picture available
devFusionTrack.cpp, line 891: no picture available
devFusionTrack.cpp, line 891: no picture available
devFusionTrack.cpp, line 891: no picture available
devFusionTrack.cpp, line 891: no picture available
devFusionTrack.cpp, line 891: no picture available
devFusionTrack.cpp, line 891: no picture available
devFusionTrack.cpp, line 891: no picture available
devFusionTrack.cpp, line 891: no picture available
devFusionTrack.cpp, line 891: no picture available
devFusionTrack.cpp, line 891: no picture available
devFusionTrack.cpp, line 891: no picture available
devFusionTrack.cpp, line 891: no picture available
devFusionTrack.cpp, line 891: no picture available
devFusionTrack.cpp, line 891: no picture available
devFusionTrack.cpp, line 891: no picture available
devFusionTrack.cpp, line 891: no picture available
devFusionTrack.cpp, line 891: no picture available
devFusionTrack.cpp, line 891: no picture available
devFusionTrack.cpp, line 891: no picture available
devFusionTrack.cpp, line 891: no picture available
devFusionTrack.cpp, line 891: no picture available
devFusionTrack.cpp, line 891: no picture available
devFusionTrack.cpp, line 891: no picture available
devFusionTrack.cpp, line 891: no picture available
devFusionTrack.cpp, line 891: no picture available
devFusionTrack.cpp, line 891: no picture available
devFusionTrack.cpp, line 891: no picture available
devFusionTrack.cpp, line 891: no picture available
devFusionTrack.cpp, line 891: no picture available
devFusionTrack.cpp, line 891: no picture available
devFusionTrack.cpp, line 891: no picture available
devFusionTrack.cpp, line 891: no picture available
devFusionTrack.cpp, line 891: no picture available
devFusionTrack.cpp, line 891: no picture available
devFusionTrack.cpp, line 891: no picture available
devFusionTrack.cpp, line 891: no picture available
devFusionTrack.cpp, line 891: no picture available
devFusionTrack.cpp, line 891: no picture available
devFusionTrack.cpp, line 891: no picture available
devFusionTrack.cpp, line 891: no picture available
devFusionTrack.cpp, line 891: no picture available
devFusionTrack.cpp, line 891: no picture available
devFusionTrack.cpp, line 891: no picture available
devFusionTrack.cpp, line 891: no picture available
devFusionTrack.cpp, line 891: no picture available
devFusionTrack.cpp, line 891: no picture available
devFusionTrack.cpp, line 891: no picture available
devFusionTrack.cpp, line 891: no picture available
devFusionTrack.cpp, line 891: no picture available
devFusionTrack.cpp, line 891: no picture available
devFusionTrack.cpp, line 891: no picture available
devFusionTrack.cpp, line 891: no picture available
devFusionTrack.cpp, line 891: no picture available
devFusionTrack.cpp, line 891: no picture available
devFusionTrack.cpp, line 891: no picture available
devFusionTrack.cpp, line 891: no picture available
devFusionTrack.cpp, line 891: no picture available
devFusionTrack.cpp, line 891: no picture available
devFusionTrack.cpp, line 891: no picture available
devFusionTrack.cpp, line 891: no picture available
devFusionTrack.cpp, line 891: no picture available
devFusionTrack.cpp, line 891: no picture available
devFusionTrack.cpp, line 891: no picture available
devFusionTrack.cpp, line 891: no picture available
devFusionTrack.cpp, line 891: no picture available
devFusionTrack.cpp, line 891: no picture available
devFusionTrack.cpp, line 891: no picture available
devFusionTrack.cpp, line 891: no picture available
devFusionTrack.cpp, line 891: no picture available
devFusionTrack.cpp, line 891: no picture available
devFusionTrack.cpp, line 891: no picture available
devFusionTrack.cpp, line 891: no picture available
devFusionTrack.cpp, line 891: no picture available
devFusionTrack.cpp, line 891: no picture available
devFusionTrack.cpp, line 891: no picture available
devFusionTrack.cpp, line 891: no picture available
devFusionTrack.cpp, line 891: no picture available
devFusionTrack.cpp, line 891: no picture available
devFusionTrack.cpp, line 891: no picture available
devFusionTrack.cpp, line 891: no picture available
devFusionTrack.cpp, line 891: no picture available
devFusionTrack.cpp, line 891: no picture available
devFusionTrack.cpp, line 891: no picture available
devFusionTrack.cpp, line 891: no picture available
devFusionTrack.cpp, line 891: no picture available
devFusionTrack.cpp, line 891: no picture available
devFusionTrack.cpp, line 891: no picture available
devFusionTrack.cpp, line 891: no picture available
devFusionTrack.cpp, line 891: no picture available
devFusionTrack.cpp, line 891: no picture available
devFusionTrack.cpp, line 891: no picture available
devFusionTrack.cpp, line 891: no picture available
devFusionTrack.cpp, line 891: no picture available
devFusionTrack.cpp, line 891: no picture available
devFusionTrack.cpp, line 891: no picture available
devFusionTrack.cpp, line 891: no picture available
devFusionTrack.cpp, line 891: no picture available
devFusionTrack.cpp, line 891: no picture available
devFusionTrack.cpp, line 891: no picture available
devFusionTrack.cpp, line 891: no picture available
devFusionTrack.cpp, line 891: no picture available
devFusionTrack.cpp, line 891: no picture available
devFusionTrack.cpp, line 891: no picture available
devFusionTrack.cpp, line 891: no picture available
devFusionTrack.cpp, line 891: no picture available
devFusionTrack.cpp, line 891: no picture available
devFusionTrack.cpp, line 891: no picture available
devFusionTrack.cpp, line 891: no picture available
devFusionTrack.cpp, line 891: no picture available
devFusionTrack.cpp, line 891: no picture available
devFusionTrack.cpp, line 891: no picture available
devFusionTrack.cpp, line 891: no picture available
devFusionTrack.cpp, line 891: no picture available
devFusionTrack.cpp, line 891: no picture available
devFusionTrack.cpp, line 891: no picture available
devFusionTrack.cpp, line 891: no picture available
devFusionTrack.cpp, line 891: no picture available
devFusionTrack.cpp, line 891: no picture available
devFusionTrack.cpp, line 891: no picture available
devFusionTrack.cpp, line 891: no picture available
devFusionTrack.cpp, line 891: no picture available
devFusionTrack.cpp, line 891: no picture available
devFusionTrack.cpp, line 891: no picture available
devFusionTrack.cpp, line 891: no picture available
devFusionTrack.cpp, line 891: no picture available
devFusionTrack.cpp, line 891: no picture available
devFusionTrack.cpp, line 891: no picture available
devFusionTrack.cpp, line 891: no picture available
devFusionTrack.cpp, line 891: no picture available
devFusionTrack.cpp, line 891: no picture available
devFusionTrack.cpp, line 891: no picture available
devFusionTrack.cpp, line 891: no picture available
devFusionTrack.cpp, line 891: no picture available
devFusionTrack.cpp, line 891: no picture available
devFusionTrack.cpp, line 891: no picture available
devFusionTrack.cpp, line 891: no picture available
devFusionTrack.cpp, line 891: no picture available
devFusionTrack.cpp, line 891: no picture available
devFusionTrack.cpp, line 891: no picture available
devFusionTrack.cpp, line 891: no picture available
devFusionTrack.cpp, line 891: no picture available
devFusionTrack.cpp, line 891: no picture available
devFusionTrack.cpp, line 891: no picture available
devFusionTrack.cpp, line 891: no picture available
devFusionTrack.cpp, line 891: no picture available
devFusionTrack.cpp, line 891: no picture available
devFusionTrack.cpp, line 891: no picture available
devFusionTrack.cpp, line 891: no picture available
devFusionTrack.cpp, line 891: no picture available
devFusionTrack.cpp, line 891: no picture available
devFusionTrack.cpp, line 891: no picture available
devFusionTrack.cpp, line 891: no picture available
devFusionTrack.cpp, line 891: no picture available
devFusionTrack.cpp, line 891: no picture available
devFusionTrack.cpp, line 891: no picture available
devFusionTrack.cpp, line 891: no picture available
devFusionTrack.cpp, line 891: no picture available
devFusionTrack.cpp, line 891: no picture available
devFusionTrack.cpp, line 891: no picture available
devFusionTrack.cpp, line 891: no picture available
devFusionTrack.cpp, line 891: no picture available
devFusionTrack.cpp, line 891: no picture available
devFusionTrack.cpp, line 891: no picture available
devFusionTrack.cpp, line 891: no picture available
devFusionTrack.cpp, line 891: no picture available
devFusionTrack.cpp, line 891: no picture available
devFusionTrack.cpp, line 891: no picture available
devFusionTrack.cpp, line 891: no picture available
devFusionTrack.cpp, line 891: no picture available
devFusionTrack.cpp, line 891: no picture available
devFusionTrack.cpp, line 891: no picture available
devFusionTrack.cpp, line 891: no picture available
devFusionTrack.cpp, line 891: no picture available
devFusionTrack.cpp, line 891: no picture available
devFusionTrack.cpp, line 891: no picture available
devFusionTrack.cpp, line 891: no picture available
devFusionTrack.cpp, line 891: no picture available
devFusionTrack.cpp, line 891: no picture available
devFusionTrack.cpp, line 891: no picture available
devFusionTrack.cpp, line 891: no picture available
devFusionTrack.cpp, line 891: no picture available
devFusionTrack.cpp, line 891: no picture available
devFusionTrack.cpp, line 891: no picture available
devFusionTrack.cpp, line 891: no picture available
devFusionTrack.cpp, line 891: no picture available
devFusionTrack.cpp, line 891: no picture available
devFusionTrack.cpp, line 891: no picture available
devFusionTrack.cpp, line 891: no picture available
devFusionTrack.cpp, line 891: no picture available
devFusionTrack.cpp, line 891: no picture available
devFusionTrack.cpp, line 891: no picture available
devFusionTrack.cpp, line 891: no picture available
devFusionTrack.cpp, line 891: no picture available
devFusionTrack.cpp, line 891: no picture available
devFusionTrack.cpp, line 891: no picture available
devFusionTrack.cpp, line 891: no picture available
devFusionTrack.cpp, line 891: no picture available
devFusionTrack.cpp, line 891: no picture available
devFusionTrack.cpp, line 891: no picture available
devFusionTrack.cpp, line 891: no picture available
devFusionTrack.cpp, line 891: no picture available
devFusionTrack.cpp, line 891: no picture available
devFusionTrack.cpp, line 891: no picture available
devFusionTrack.cpp, line 891: no picture available
devFusionTrack.cpp, line 891: no picture available
devFusionTrack.cpp, line 891: no picture available
devFusionTrack.cpp, line 891: no picture available
devFusionTrack.cpp, line 891: no picture available
devFusionTrack.cpp, line 891: no picture available
devFusionTrack.cpp, line 891: no picture available
devFusionTrack.cpp, line 891: no picture available
devFusionTrack.cpp, line 891: no picture available
devFusionTrack.cpp, line 891: no picture available
devFusionTrack.cpp, line 891: no picture available
devFusionTrack.cpp, line 891: no picture available
devFusionTrack.cpp, line 891: no picture available
devFusionTrack.cpp, line 891: no picture available
devFusionTrack.cpp, line 891: no picture available
devFusionTrack.cpp, line 891: no picture available
devFusionTrack.cpp, line 891: no picture available
devFusionTrack.cpp, line 891: no picture available
devFusionTrack.cpp, line 891: no picture available
devFusionTrack.cpp, line 891: no picture available
devFusionTrack.cpp, line 891: no picture available
devFusionTrack.cpp, line 891: no picture available
devFusionTrack.cpp, line 891: no picture available
devFusionTrack.cpp, line 891: no picture available
devFusionTrack.cpp, line 891: no picture available
devFusionTrack.cpp, line 891: no picture available
devFusionTrack.cpp, line 891: no picture available
devFusionTrack.cpp, line 891: no picture available
devFusionTrack.cpp, line 891: no picture available
devFusionTrack.cpp, line 891: no picture available
devFusionTrack.cpp, line 891: no picture available
devFusionTrack.cpp, line 891: no picture available
devFusionTrack.cpp, line 891: no picture available
devFusionTrack.cpp, line 891: no picture available
devFusionTrack.cpp, line 891: no picture available
devFusionTrack.cpp, line 891: no picture available
devFusionTrack.cpp, line 891: no picture available
devFusionTrack.cpp, line 891: no picture available
devFusionTrack.cpp, line 891: no picture available
devFusionTrack.cpp, line 891: no picture available
devFusionTrack.cpp, line 891: no picture available
devFusionTrack.cpp, line 891: no picture available
devFusionTrack.cpp, line 891: no picture available
devFusionTrack.cpp, line 891: no picture available
devFusionTrack.cpp, line 891: no picture available
devFusionTrack.cpp, line 891: no picture available
devFusionTrack.cpp, line 891: no picture available
devFusionTrack.cpp, line 891: no picture available
devFusionTrack.cpp, line 891: no picture available
devFusionTrack.cpp, line 891: no picture available
devFusionTrack.cpp, line 891: no picture available
devFusionTrack.cpp, line 891: no picture available
devFusionTrack.cpp, line 891: no picture available
devFusionTrack.cpp, line 891: no picture available
devFusionTrack.cpp, line 891: no picture available
devFusionTrack.cpp, line 891: no picture available
devFusionTrack.cpp, line 891: no picture available
devFusionTrack.cpp, line 891: no picture available
devFusionTrack.cpp, line 891: no picture available
devFusionTrack.cpp, line 891: no picture available
devFusionTrack.cpp, line 891: no picture available
devFusionTrack.cpp, line 891: no picture available
devFusionTrack.cpp, line 891: no picture available
devFusionTrack.cpp, line 891: no picture available
devFusionTrack.cpp, line 891: no picture available
devFusionTrack.cpp, line 891: no picture available
devFusionTrack.cpp, line 891: no picture available
devFusionTrack.cpp, line 891: no picture available
devFusionTrack.cpp, line 891: no picture available
devFusionTrack.cpp, line 891: no picture available
devFusionTrack.cpp, line 891: no picture available
devFusionTrack.cpp, line 891: no picture available
devFusionTrack.cpp, line 891: no picture available
devFusionTrack.cpp, line 891: no picture available
devFusionTrack.cpp, line 891: no picture available
devFusionTrack.cpp, line 891: no picture available
devFusionTrack.cpp, line 891: no picture available
devFusionTrack.cpp, line 891: no picture available
devFusionTrack.cpp, line 891: no picture available
devFusionTrack.cpp, line 891: no picture available
devFusionTrack.cpp, line 891: no picture available
devFusionTrack.cpp, line 891: no picture available
devFusionTrack.cpp, line 891: no picture available
devFusionTrack.cpp, line 891: no picture available
devFusionTrack.cpp, line 891: no picture available
devFusionTrack.cpp, line 891: no picture available
devFusionTrack.cpp, line 891: no picture available
devFusionTrack.cpp, line 891: no picture available
devFusionTrack.cpp, line 891: no picture available
devFusionTrack.cpp, line 891: no picture available
devFusionTrack.cpp, line 891: no picture available
devFusionTrack.cpp, line 891: no picture available
devFusionTrack.cpp, line 891: no picture available
devFusionTrack.cpp, line 891: no picture available
devFusionTrack.cpp, line 891: no picture available
devFusionTrack.cpp, line 891: no picture available
devFusionTrack.cpp, line 891: no picture available
devFusionTrack.cpp, line 891: no picture available
devFusionTrack.cpp, line 891: no picture available
devFusionTrack.cpp, line 891: no picture available
devFusionTrack.cpp, line 891: no picture available
devFusionTrack.cpp, line 891: no picture available
devFusionTrack.cpp, line 891: no picture available
devFusionTrack.cpp, line 891: no picture available
devFusionTrack.cpp, line 891: no picture available
devFusionTrack.cpp, line 891: no picture available
devFusionTrack.cpp, line 891: no picture available
devFusionTrack.cpp, line 891: no picture available
devFusionTrack.cpp, line 891: no picture available
devFusionTrack.cpp, line 891: no picture available
devFusionTrack.cpp, line 891: no picture available
devFusionTrack.cpp, line 891: no picture available
devFusionTrack.cpp, line 891: no picture available
devFusionTrack.cpp, line 891: no picture available
devFusionTrack.cpp, line 891: no picture available
devFusionTrack.cpp, line 891: no picture available
devFusionTrack.cpp, line 891: no picture available
devFusionTrack.cpp, line 891: no picture available
devFusionTrack.cpp, line 891: no picture available
devFusionTrack.cpp, line 891: no picture available
devFusionTrack.cpp, line 891: no picture available
devFusionTrack.cpp, line 891: no picture available
devFusionTrack.cpp, line 891: no picture available
devFusionTrack.cpp, line 891: no picture available
devFusionTrack.cpp, line 891: no picture available
devFusionTrack.cpp, line 891: no picture available
devFusionTrack.cpp, line 891: no picture available
devFusionTrack.cpp, line 891: no picture available
devFusionTrack.cpp, line 891: no picture available
devFusionTrack.cpp, line 891: no picture available
devFusionTrack.cpp, line 891: no picture available
devFusionTrack.cpp, line 891: no picture available
devFusionTrack.cpp, line 891: no picture available
devFusionTrack.cpp, line 891: no picture available
devFusionTrack.cpp, line 891: no picture available
devFusionTrack.cpp, line 891: no picture available
devFusionTrack.cpp, line 891: no picture available
devFusionTrack.cpp, line 891: no picture available
devFusionTrack.cpp, line 891: no picture available
devFusionTrack.cpp, line 891: no picture available
devFusionTrack.cpp, line 891: no picture available
devFusionTrack.cpp, line 891: no picture available
devFusionTrack.cpp, line 891: no picture available
devFusionTrack.cpp, line 891: no picture available
devFusionTrack.cpp, line 891: no picture available
devFusionTrack.cpp, line 891: no picture available
devFusionTrack.cpp, line 891: no picture available
devFusionTrack.cpp, line 891: no picture available
devFusionTrack.cpp, line 891: no picture available
devFusionTrack.cpp, line 891: no picture available
devFusionTrack.cpp, line 891: no picture available
devFusionTrack.cpp, line 891: no picture available
devFusionTrack.cpp, line 891: no picture available
devFusionTrack.cpp, line 891: no picture available
devFusionTrack.cpp, line 891: no picture available
devFusionTrack.cpp, line 891: no picture available
devFusionTrack.cpp, line 891: no picture available
devFusionTrack.cpp, line 891: no picture available
devFusionTrack.cpp, line 891: no picture available
devFusionTrack.cpp, line 891: no picture available
devFusionTrack.cpp, line 891: no picture available
devFusionTrack.cpp, line 891: no picture available
devFusionTrack.cpp, line 891: no picture available
devFusionTrack.cpp, line 891: no picture available
devFusionTrack.cpp, line 891: no picture available
devFusionTrack.cpp, line 891: no picture available
devFusionTrack.cpp, line 891: no picture available
devFusionTrack.cpp, line 891: no picture available
devFusionTrack.cpp, line 891: no picture available
devFusionTrack.cpp, line 891: no picture available
devFusionTrack.cpp, line 891: no picture available
devFusionTrack.cpp, line 891: no picture available
devFusionTrack.cpp, line 891: no picture available
devFusionTrack.cpp, line 891: no picture available
devFusionTrack.cpp, line 891: no picture available
devFusionTrack.cpp, line 891: no picture available
devFusionTrack.cpp, line 891: no picture available
devFusionTrack.cpp, line 891: no picture available
devFusionTrack.cpp, line 891: no picture available
devFusionTrack.cpp, line 891: no picture available
devFusionTrack.cpp, line 891: no picture available
devFusionTrack.cpp, line 891: no picture available
devFusionTrack.cpp, line 891: no picture available
devFusionTrack.cpp, line 891: no picture available
devFusionTrack.cpp, line 891: no picture available
devFusionTrack.cpp, line 891: no picture available
devFusionTrack.cpp, line 891: no picture available
devFusionTrack.cpp, line 891: no picture available
devFusionTrack.cpp, line 891: no picture available
devFusionTrack.cpp, line 891: no picture available
devFusionTrack.cpp, line 891: no picture available
devFusionTrack.cpp, line 891: no picture available
devFusionTrack.cpp, line 891: no picture available
devFusionTrack.cpp, line 891: no picture available
devFusionTrack.cpp, line 891: no picture available
devFusionTrack.cpp, line 891: no picture available
devFusionTrack.cpp, line 891: no picture available
devFusionTrack.cpp, line 891: no picture available
devFusionTrack.cpp, line 891: no picture available
devFusionTrack.cpp, line 891: no picture available
devFusionTrack.cpp, line 891: no picture available
devFusionTrack.cpp, line 891: no picture available
devFusionTrack.cpp, line 891: no picture available
devFusionTrack.cpp, line 891: no picture available
devFusionTrack.cpp, line 891: no picture available
devFusionTrack.cpp, line 891: no picture available
devFusionTrack.cpp, line 891: no picture available
devFusionTrack.cpp, line 891: no picture available
devFusionTrack.cpp, line 891: no picture available
devFusionTrack.cpp, line 891: no picture available
devFusionTrack.cpp, line 891: no picture available
devFusionTrack.cpp, line 891: no picture available
devFusionTrack.cpp, line 891: no picture available
devFusionTrack.cpp, line 891: no picture available
devFusionTrack.cpp, line 891: no picture available
devFusionTrack.cpp, line 891: no picture available
devFusionTrack.cpp, line 891: no picture available
devFusionTrack.cpp, line 891: no picture available
devFusionTrack.cpp, line 891: no picture available
devFusionTrack.cpp, line 891: no picture available
devFusionTrack.cpp, line 891: no picture available
devFusionTrack.cpp, line 891: no picture available
devFusionTrack.cpp, line 891: no picture available
devFusionTrack.cpp, line 891: no picture available
devFusionTrack.cpp, line 891: no picture available
devFusionTrack.cpp, line 891: no picture available
devFusionTrack.cpp, line 891: no picture available
devFusionTrack.cpp, line 891: no picture available
devFusionTrack.cpp, line 891: no picture available
devFusionTrack.cpp, line 891: no picture available
devFusionTrack.cpp, line 891: no picture available
devFusionTrack.cpp, line 891: no picture available
devFusionTrack.cpp, line 891: no picture available
devFusionTrack.cpp, line 891: no picture available
devFusionTrack.cpp, line 891: no picture available
devFusionTrack.cpp, line 891: no picture available
devFusionTrack.cpp, line 891: no picture available
devFusionTrack.cpp, line 891: no picture available
devFusionTrack.cpp, line 891: no picture available
devFusionTrack.cpp, line 891: no picture available
devFusionTrack.cpp, line 891: no picture available
devFusionTrack.cpp, line 891: no picture available
devFusionTrack.cpp, line 891: no picture available
devFusionTrack.cpp, line 891: no picture available
devFusionTrack.cpp, line 891: no picture available
devFusionTrack.cpp, line 891: no picture available
devFusionTrack.cpp, line 891: no picture available
devFusionTrack.cpp, line 891: no picture available
devFusionTrack.cpp, line 891: no picture available
devFusionTrack.cpp, line 891: no picture available
devFusionTrack.cpp, line 891: no picture available
devFusionTrack.cpp, line 891: no picture available
devFusionTrack.cpp, line 891: no picture available
devFusionTrack.cpp, line 891: no picture available
devFusionTrack.cpp, line 891: no picture available
devFusionTrack.cpp, line 891: no picture available
devFusionTrack.cpp, line 891: no picture available
devFusionTrack.cpp, line 891: no picture available
devFusionTrack.cpp, line 891: no picture available
devFusionTrack.cpp, line 891: no picture available
devFusionTrack.cpp, line 891: no picture available
devFusionTrack.cpp, line 891: no picture available
devFusionTrack.cpp, line 891: no picture available
devFusionTrack.cpp, line 891: no picture available
devFusionTrack.cpp, line 891: no picture available
devFusionTrack.cpp, line 891: no picture available
devFusionTrack.cpp, line 891: no picture available
devFusionTrack.cpp, line 891: no picture available
devFusionTrack.cpp, line 891: no picture available
devFusionTrack.cpp, line 891: no picture available
devFusionTrack.cpp, line 891: no picture available
devFusionTrack.cpp, line 891: no picture available
devFusionTrack.cpp, line 891: no picture available
devFusionTrack.cpp, line 891: no picture available
devFusionTrack.cpp, line 891: no picture available
devFusionTrack.cpp, line 891: no picture available
devFusionTrack.cpp, line 891: no picture available
devFusionTrack.cpp, line 891: no picture available
devFusionTrack.cpp, line 891: no picture available
devFusionTrack.cpp, line 891: no picture available
devFusionTrack.cpp, line 891: no picture available
devFusionTrack.cpp, line 891: no picture available
devFusionTrack.cpp, line 891: no picture available
devFusionTrack.cpp, line 891: no picture available
devFusionTrack.cpp, line 891: no picture available
devFusionTrack.cpp, line 891: no picture available
devFusionTrack.cpp, line 891: no picture available
devFusionTrack.cpp, line 891: no picture available
devFusionTrack.cpp, line 891: no picture available
devFusionTrack.cpp, line 891: no picture available
devFusionTrack.cpp, line 891: no picture available
devFusionTrack.cpp, line 891: no picture available
devFusionTrack.cpp, line 891: no picture available
devFusionTrack.cpp, line 891: no picture available
devFusionTrack.cpp, line 891: no picture available
devFusionTrack.cpp, line 891: no picture available
devFusionTrack.cpp, line 891: no picture available
devFusionTrack.cpp, line 891: no picture available
devFusionTrack.cpp, line 891: no picture available
devFusionTrack.cpp, line 891: no picture available
devFusionTrack.cpp, line 891: no picture available
devFusionTrack.cpp, line 891: no picture available
devFusionTrack.cpp, line 891: no picture available
devFusionTrack.cpp, line 891: no picture available
devFusionTrack.cpp, line 891: no picture available
devFusionTrack.cpp, line 891: no picture available
devFusionTrack.cpp, line 891: no picture available
devFusionTrack.cpp, line 891: no picture available
devFusionTrack.cpp, line 891: no picture available
devFusionTrack.cpp, line 891: no picture available
devFusionTrack.cpp, line 891: no picture available
devFusionTrack.cpp, line 891: no picture available
devFusionTrack.cpp, line 891: no picture available
devFusionTrack.cpp, line 891: no picture available
devFusionTrack.cpp, line 891: no picture available
devFusionTrack.cpp, line 891: no picture available
devFusionTrack.cpp, line 891: no picture available
devFusionTrack.cpp, line 891: no picture available
devFusionTrack.cpp, line 891: no picture available
devFusionTrack.cpp, line 891: no picture available
devFusionTrack.cpp, line 891: no picture available
devFusionTrack.cpp, line 891: no picture available
devFusionTrack.cpp, line 891: no picture available
devFusionTrack.cpp, line 891: no picture available
devFusionTrack.cpp, line 891: no picture available
devFusionTrack.cpp, line 891: no picture available
devFusionTrack.cpp, line 891: no picture available
devFusionTrack.cpp, line 891: no picture available
devFusionTrack.cpp, line 891: no picture available
devFusionTrack.cpp, line 891: no picture available
devFusionTrack.cpp, line 891: no picture available
devFusionTrack.cpp, line 891: no picture available
devFusionTrack.cpp, line 891: no picture available
devFusionTrack.cpp, line 891: no picture available
devFusionTrack.cpp, line 891: no picture available
devFusionTrack.cpp, line 891: no picture available
devFusionTrack.cpp, line 891: no picture available
devFusionTrack.cpp, line 891: no picture available
devFusionTrack.cpp, line 891: no picture available
devFusionTrack.cpp, line 891: no picture available
devFusionTrack.cpp, line 891: no picture available
devFusionTrack.cpp, line 891: no picture available
devFusionTrack.cpp, line 891: no picture available
devFusionTrack.cpp, line 891: no picture available
devFusionTrack.cpp, line 891: no picture available
devFusionTrack.cpp, line 891: no picture available
devFusionTrack.cpp, line 891: no picture available
devFusionTrack.cpp, line 891: no picture available
devFusionTrack.cpp, line 891: no picture available
devFusionTrack.cpp, line 891: no picture available
devFusionTrack.cpp, line 891: no picture available
devFusionTrack.cpp, line 891: no picture available
devFusionTrack.cpp, line 891: no picture available
devFusionTrack.cpp, line 891: no picture available
devFusionTrack.cpp, line 891: no picture available
devFusionTrack.cpp, line 891: no picture available
devFusionTrack.cpp, line 891: no picture available
devFusionTrack.cpp, line 891: no picture available
devFusionTrack.cpp, line 891: no picture available
devFusionTrack.cpp, line 891: no picture available
devFusionTrack.cpp, line 891: no picture available
devFusionTrack.cpp, line 891: no picture available
devFusionTrack.cpp, line 891: no picture available
devFusionTrack.cpp, line 891: no picture available
devFusionTrack.cpp, line 891: no picture available
devFusionTrack.cpp, line 891: no picture available
devFusionTrack.cpp, line 891: no picture available
devFusionTrack.cpp, line 891: no picture available
devFusionTrack.cpp, line 891: no picture available
devFusionTrack.cpp, line 891: no picture available
devFusionTrack.cpp, line 891: no picture available
devFusionTrack.cpp, line 891: no picture available
devFusionTrack.cpp, line 891: no picture available
devFusionTrack.cpp, line 891: no picture available
devFusionTrack.cpp, line 891: no picture available
devFusionTrack.cpp, line 891: no picture available
devFusionTrack.cpp, line 891: no picture available
devFusionTrack.cpp, line 891: no picture available
devFusionTrack.cpp, line 891: no picture available
devFusionTrack.cpp, line 891: no picture available
devFusionTrack.cpp, line 891: no picture available
devFusionTrack.cpp, line 891: no picture available
devFusionTrack.cpp, line 891: no picture available
devFusionTrack.cpp, line 891: no picture available
devFusionTrack.cpp, line 891: no picture available
devFusionTrack.cpp, line 891: no picture available
devFusionTrack.cpp, line 891: no picture available
devFusionTrack.cpp, line 891: no picture available
devFusionTrack.cpp, line 891: no picture available
devFusionTrack.cpp, line 891: no picture available
devFusionTrack.cpp, line 891: no picture available
devFusionTrack.cpp, line 891: no picture available
devFusionTrack.cpp, line 891: no picture available
devFusionTrack.cpp, line 891: no picture available
devFusionTrack.cpp, line 891: no picture available
devFusionTrack.cpp, line 891: no picture available
devFusionTrack.cpp, line 891: no picture available
devFusionTrack.cpp, line 891: no picture available
devFusionTrack.cpp, line 891: no picture available
devFusionTrack.cpp, line 891: no picture available
devFusionTrack.cpp, line 891: no picture available
devFusionTrack.cpp, line 891: no picture available
devFusionTrack.cpp, line 891: no picture available
devFusionTrack.cpp, line 891: no picture available
devFusionTrack.cpp, line 891: no picture available
devFusionTrack.cpp, line 891: no picture available
devFusionTrack.cpp, line 891: no picture available
devFusionTrack.cpp, line 891: no picture available
devFusionTrack.cpp, line 891: no picture available
devFusionTrack.cpp, line 891: no picture available
devFusionTrack.cpp, line 891: no picture available
devFusionTrack.cpp, line 891: no picture available
devFusionTrack.cpp, line 891: no picture available
devFusionTrack.cpp, line 891: no picture available
devFusionTrack.cpp, line 891: no picture available
devFusionTrack.cpp, line 891: no picture available
devFusionTrack.cpp, line 891: no picture available
devFusionTrack.cpp, line 891: no picture available
devFusionTrack.cpp, line 891: no picture available
devFusionTrack.cpp, line 891: no picture available
devFusionTrack.cpp, line 891: no picture available
devFusionTrack.cpp, line 891: no picture available
devFusionTrack.cpp, line 891: no picture available
devFusionTrack.cpp, line 891: no picture available
devFusionTrack.cpp, line 891: no picture available
devFusionTrack.cpp, line 891: no picture available
devFusionTrack.cpp, line 891: no picture available
devFusionTrack.cpp, line 891: no picture available
devFusionTrack.cpp, line 891: no picture available
devFusionTrack.cpp, line 891: no picture available
devFusionTrack.cpp, line 891: no picture available
devFusionTrack.cpp, line 891: no picture available
devFusionTrack.cpp, line 891: no picture available
devFusionTrack.cpp, line 891: no picture available
devFusionTrack.cpp, line 891: no picture available
devFusionTrack.cpp, line 891: no picture available
devFusionTrack.cpp, line 891: no picture available
devFusionTrack.cpp, line 891: no picture available
devFusionTrack.cpp, line 891: no picture available
devFusionTrack.cpp, line 891: no picture available
devFusionTrack.cpp, line 891: no picture available
devFusionTrack.cpp, line 891: no picture available
devFusionTrack.cpp, line 891: no picture available
devFusionTrack.cpp, line 891: no picture available
devFusionTrack.cpp, line 891: no picture available
devFusionTrack.cpp, line 891: no picture available
devFusionTrack.cpp, line 891: no picture available
devFusionTrack.cpp, line 891: no picture available
devFusionTrack.cpp, line 891: no picture available
devFusionTrack.cpp, line 891: no picture available
devFusionTrack.cpp, line 891: no picture available
devFusionTrack.cpp, line 891: no picture available
devFusionTrack.cpp, line 891: no picture available
devFusionTrack.cpp, line 891: no picture available
devFusionTrack.cpp, line 891: no picture available
devFusionTrack.cpp, line 891: no picture available
devFusionTrack.cpp, line 891: no picture available
devFusionTrack.cpp, line 891: no picture available
devFusionTrack.cpp, line 891: no picture available
devFusionTrack.cpp, line 891: no picture available
devFusionTrack.cpp, line 891: no picture available
devFusionTrack.cpp, line 891: no picture available
devFusionTrack.cpp, line 891: no picture available
devFusionTrack.cpp, line 891: no picture available
devFusionTrack.cpp, line 891: no picture available
devFusionTrack.cpp, line 891: no picture available
devFusionTrack.cpp, line 891: no picture available
devFusionTrack.cpp, line 891: no picture available
devFusionTrack.cpp, line 891: no picture available
devFusionTrack.cpp, line 891: no picture available
devFusionTrack.cpp, line 891: no picture available
devFusionTrack.cpp, line 891: no picture available
devFusionTrack.cpp, line 891: no picture available
devFusionTrack.cpp, line 891: no picture available
devFusionTrack.cpp, line 891: no picture available
devFusionTrack.cpp, line 891: no picture available
devFusionTrack.cpp, line 891: no picture available
devFusionTrack.cpp, line 891: no picture available
devFusionTrack.cpp, line 891: no picture available
devFusionTrack.cpp, line 891: no picture available
devFusionTrack.cpp, line 891: no picture available
devFusionTrack.cpp, line 891: no picture available
devFusionTrack.cpp, line 891: no picture available
devFusionTrack.cpp, line 891: no picture available
devFusionTrack.cpp, line 891: no picture available
devFusionTrack.cpp, line 891: no picture available
devFusionTrack.cpp, line 891: no picture available
devFusionTrack.cpp, line 891: no picture available
devFusionTrack.cpp, line 891: no picture available
devFusionTrack.cpp, line 891: no picture available
devFusionTrack.cpp, line 891: no picture available
devFusionTrack.cpp, line 891: no picture available
devFusionTrack.cpp, line 891: no picture available
devFusionTrack.cpp, line 891: no picture available
devFusionTrack.cpp, line 891: no picture available
devFusionTrack.cpp, line 891: no picture available
devFusionTrack.cpp, line 891: no picture available
devFusionTrack.cpp, line 891: no picture available
devFusionTrack.cpp, line 891: no picture available
devFusionTrack.cpp, line 891: no picture available
devFusionTrack.cpp, line 891: no picture available
devFusionTrack.cpp, line 891: no picture available
devFusionTrack.cpp, line 891: no picture available
devFusionTrack.cpp, line 891: no picture available
devFusionTrack.cpp, line 891: no picture available
devFusionTrack.cpp, line 891: no picture available
devFusionTrack.cpp, line 891: no picture available
devFusionTrack.cpp, line 891: no picture available
devFusionTrack.cpp, line 891: no picture available
devFusionTrack.cpp, line 891: no picture available
devFusionTrack.cpp, line 891: no picture available
devFusionTrack.cpp, line 891: no picture available
devFusionTrack.cpp, line 891: no picture available
devFusionTrack.cpp, line 891: no picture available
devFusionTrack.cpp, line 891: no picture available
devFusionTrack.cpp, line 891: no picture available
devFusionTrack.cpp, line 891: no picture available
devFusionTrack.cpp, line 891: no picture available
devFusionTrack.cpp, line 891: no picture available
devFusionTrack.cpp, line 891: no picture available
devFusionTrack.cpp, line 891: no picture available
devFusionTrack.cpp, line 891: no picture available
devFusionTrack.cpp, line 891: no picture available
devFusionTrack.cpp, line 891: no picture available
devFusionTrack.cpp, line 891: no picture available
devFusionTrack.cpp, line 891: no picture available
devFusionTrack.cpp, line 891: no picture available
devFusionTrack.cpp, line 891: no picture available
devFusionTrack.cpp, line 891: no picture available
devFusionTrack.cpp, line 891: no picture available
devFusionTrack.cpp, line 891: no picture available
devFusionTrack.cpp, line 891: no picture available
devFusionTrack.cpp, line 891: no picture available
devFusionTrack.cpp, line 891: no picture available
devFusionTrack.cpp, line 891: no picture available
devFusionTrack.cpp, line 891: no picture available
devFusionTrack.cpp, line 891: no picture available
devFusionTrack.cpp, line 891: no picture available
devFusionTrack.cpp, line 891: no picture available
devFusionTrack.cpp, line 891: no picture available
devFusionTrack.cpp, line 891: no picture available
devFusionTrack.cpp, line 891: no picture available
devFusionTrack.cpp, line 891: no picture available
devFusionTrack.cpp, line 891: no picture available
devFusionTrack.cpp, line 891: no picture available
devFusionTrack.cpp, line 891: no picture available
devFusionTrack.cpp, line 891: no picture available
devFusionTrack.cpp, line 891: no picture available
devFusionTrack.cpp, line 891: no picture available
devFusionTrack.cpp, line 891: no picture available
devFusionTrack.cpp, line 891: no picture available
devFusionTrack.cpp, line 891: no picture available
devFusionTrack.cpp, line 891: no picture available
devFusionTrack.cpp, line 891: no picture available
devFusionTrack.cpp, line 891: no picture available
devFusionTrack.cpp, line 891: no picture available
devFusionTrack.cpp, line 891: no picture available
devFusionTrack.cpp, line 891: no picture available
devFusionTrack.cpp, line 891: no picture available
devFusionTrack.cpp, line 891: no picture available
devFusionTrack.cpp, line 891: no picture available
devFusionTrack.cpp, line 891: no picture available
devFusionTrack.cpp, line 891: no picture available
devFusionTrack.cpp, line 891: no picture available
devFusionTrack.cpp, line 891: no picture available
devFusionTrack.cpp, line 891: no picture available
devFusionTrack.cpp, line 891: no picture available
devFusionTrack.cpp, line 891: no picture available
devFusionTrack.cpp, line 891: no picture available
devFusionTrack.cpp, line 891: no picture available
devFusionTrack.cpp, line 891: no picture available
devFusionTrack.cpp, line 891: no picture available
devFusionTrack.cpp, line 891: no picture available
devFusionTrack.cpp, line 891: no picture available
devFusionTrack.cpp, line 891: no picture available
devFusionTrack.cpp, line 891: no picture available
devFusionTrack.cpp, line 891: no picture available
devFusionTrack.cpp, line 891: no picture available
devFusionTrack.cpp, line 891: no picture available
devFusionTrack.cpp, line 891: no picture available
devFusionTrack.cpp, line 891: no picture available
devFusionTrack.cpp, line 891: no picture available
devFusionTrack.cpp, line 891: no picture available
devFusionTrack.cpp, line 891: no picture available
devFusionTrack.cpp, line 891: no picture available
devFusionTrack.cpp, line 891: no picture available
devFusionTrack.cpp, line 891: no picture available
devFusionTrack.cpp, line 891: no picture available
devFusionTrack.cpp, line 891: no picture available
devFusionTrack.cpp, line 891: no picture available
devFusionTrack.cpp, line 891: no picture available
devFusionTrack.cpp, line 891: no picture available
devFusionTrack.cpp, line 891: no picture available
devFusionTrack.cpp, line 891: no picture available
devFusionTrack.cpp, line 891: no picture available
devFusionTrack.cpp, line 891: no picture available
devFusionTrack.cpp, line 891: no picture available
devFusionTrack.cpp, line 891: no picture available
devFusionTrack.cpp, line 891: no picture available
devFusionTrack.cpp, line 891: no picture available
devFusionTrack.cpp, line 891: no picture available
devFusionTrack.cpp, line 891: no picture available
devFusionTrack.cpp, line 891: no picture available
devFusionTrack.cpp, line 891: no picture available
devFusionTrack.cpp, line 891: no picture available
devFusionTrack.cpp, line 891: no picture available
devFusionTrack.cpp, line 891: no picture available
devFusionTrack.cpp, line 891: no picture available
devFusionTrack.cpp, line 891: no picture available
devFusionTrack.cpp, line 891: no picture available
devFusionTrack.cpp, line 891: no picture available
devFusionTrack.cpp, line 891: no picture available
devFusionTrack.cpp, line 891: no picture available
devFusionTrack.cpp, line 891: no picture available
devFusionTrack.cpp, line 891: no picture available
devFusionTrack.cpp, line 891: no picture available
devFusionTrack.cpp, line 891: no picture available
devFusionTrack.cpp, line 891: no picture available
devFusionTrack.cpp, line 891: no picture available
devFusionTrack.cpp, line 891: no picture available
devFusionTrack.cpp, line 891: no picture available
devFusionTrack.cpp, line 891: no picture available
devFusionTrack.cpp, line 891: no picture available
devFusionTrack.cpp, line 891: no picture available
devFusionTrack.cpp, line 891: no picture available
devFusionTrack.cpp, line 891: no picture available
devFusionTrack.cpp, line 891: no picture available
devFusionTrack.cpp, line 891: no picture available
devFusionTrack.cpp, line 891: no picture available
devFusionTrack.cpp, line 891: no picture available
devFusionTrack.cpp, line 891: no picture available
devFusionTrack.cpp, line 891: no picture available
devFusionTrack.cpp, line 891: no picture available
devFusionTrack.cpp, line 891: no picture available
devFusionTrack.cpp, line 891: no picture available
devFusionTrack.cpp, line 891: no picture available
devFusionTrack.cpp, line 891: no picture available
devFusionTrack.cpp, line 891: no picture available
devFusionTrack.cpp, line 891: no picture available
devFusionTrack.cpp, line 891: no picture available
devFusionTrack.cpp, line 891: no picture available
devFusionTrack.cpp, line 891: no picture available
devFusionTrack.cpp, line 891: no picture available
devFusionTrack.cpp, line 891: no picture available
devFusionTrack.cpp, line 891: no picture available
devFusionTrack.cpp, line 891: no picture available
devFusionTrack.cpp, line 891: no picture available
devFusionTrack.cpp, line 891: no picture available
devFusionTrack.cpp, line 891: no picture available
devFusionTrack.cpp, line 891: no picture available
devFusionTrack.cpp, line 891: no picture available
devFusionTrack.cpp, line 891: no picture available
devFusionTrack.cpp, line 891: no picture available
devFusionTrack.cpp, line 891: no picture available
devFusionTrack.cpp, line 891: no picture available
devFusionTrack.cpp, line 891: no picture available
devFusionTrack.cpp, line 891: no picture available
devFusionTrack.cpp, line 891: no picture available
devFusionTrack.cpp, line 891: no picture available
devFusionTrack.cpp, line 891: no picture available
devFusionTrack.cpp, line 891: no picture available
devFusionTrack.cpp, line 891: no picture available
devFusionTrack.cpp, line 891: no picture available
devFusionTrack.cpp, line 891: no picture available
devFusionTrack.cpp, line 891: no picture available
devFusionTrack.cpp, line 891: no picture available
devFusionTrack.cpp, line 891: no picture available
devFusionTrack.cpp, line 891: no picture available
devFusionTrack.cpp, line 891: no picture available
devFusionTrack.cpp, line 891: no picture available
devFusionTrack.cpp, line 891: no picture available
devFusionTrack.cpp, line 891: no picture available
devFusionTrack.cpp, line 891: no picture available
devFusionTrack.cpp, line 891: no picture available
devFusionTrack.cpp, line 891: no picture available
devFusionTrack.cpp, line 891: no picture available
devFusionTrack.cpp, line 891: no picture available
devFusionTrack.cpp, line 891: no picture available
devFusionTrack.cpp, line 891: no picture available
devFusionTrack.cpp, line 891: no picture available
devFusionTrack.cpp, line 891: no picture available
devFusionTrack.cpp, line 891: no picture available
devFusionTrack.cpp, line 891: no picture available
devFusionTrack.cpp, line 891: no picture available
devFusionTrack.cpp, line 891: no picture available
devFusionTrack.cpp, line 891: no picture available
devFusionTrack.cpp, line 891: no picture available
devFusionTrack.cpp, line 891: no picture available
devFusionTrack.cpp, line 891: no picture available
devFusionTrack.cpp, line 891: no picture available
devFusionTrack.cpp, line 891: no picture available
devFusionTrack.cpp, line 891: no picture available
devFusionTrack.cpp, line 891: no picture available
devFusionTrack.cpp, line 891: no picture available
devFusionTrack.cpp, line 891: no picture available
devFusionTrack.cpp, line 891: no picture available
devFusionTrack.cpp, line 891: no picture available
devFusionTrack.cpp, line 891: no picture available
devFusionTrack.cpp, line 891: no picture available
devFusionTrack.cpp, line 891: no picture available
devFusionTrack.cpp, line 891: no picture available
devFusionTrack.cpp, line 891: no picture available
devFusionTrack.cpp, line 891: no picture available
devFusionTrack.cpp, line 891: no picture available
devFusionTrack.cpp, line 891: no picture available
devFusionTrack.cpp, line 891: no picture available
devFusionTrack.cpp, line 891: no picture available
devFusionTrack.cpp, line 891: no picture available
devFusionTrack.cpp, line 891: no picture available
devFusionTrack.cpp, line 891: no picture available
devFusionTrack.cpp, line 891: no picture available
devFusionTrack.cpp, line 891: no picture available
devFusionTrack.cpp, line 891: no picture available
devFusionTrack.cpp, line 891: no picture available
devFusionTrack.cpp, line 891: no picture available
devFusionTrack.cpp, line 891: no picture available
devFusionTrack.cpp, line 891: no picture available
devFusionTrack.cpp, line 891: no picture available
devFusionTrack.cpp, line 891: no picture available
devFusionTrack.cpp, line 891: no picture available
devFusionTrack.cpp, line 891: no picture available
devFusionTrack.cpp, line 891: no picture available
devFusionTrack.cpp, line 891: no picture available
devFusionTrack.cpp, line 891: no picture available
devFusionTrack.cpp, line 891: no picture available
devFusionTrack.cpp, line 891: no picture available
devFusionTrack.cpp, line 891: no picture available
devFusionTrack.cpp, line 891: no picture available
devFusionTrack.cpp, line 891: no picture available
devFusionTrack.cpp, line 891: no picture available
devFusionTrack.cpp, line 891: no picture available
devFusionTrack.cpp, line 891: no picture available
devFusionTrack.cpp, line 891: no picture available
devFusionTrack.cpp, line 891: no picture available
devFusionTrack.cpp, line 891: no picture available
devFusionTrack.cpp, line 891: no picture available
devFusionTrack.cpp, line 891: no picture available
devFusionTrack.cpp, line 891: no picture available
devFusionTrack.cpp, line 891: no picture available
devFusionTrack.cpp, line 891: no picture available
devFusionTrack.cpp, line 891: no picture available
devFusionTrack.cpp, line 891: no picture available
devFusionTrack.cpp, line 891: no picture available
devFusionTrack.cpp, line 891: no picture available
devFusionTrack.cpp, line 891: no picture available
devFusionTrack.cpp, line 891: no picture available
devFusionTrack.cpp, line 891: no picture available
devFusionTrack.cpp, line 891: no picture available
devFusionTrack.cpp, line 891: no picture available
devFusionTrack.cpp, line 891: no picture available
devFusionTrack.cpp, line 891: no picture available
devFusionTrack.cpp, line 891: no picture available
devFusionTrack.cpp, line 891: no picture available
devFusionTrack.cpp, line 891: no picture available
devFusionTrack.cpp, line 891: no picture available
devFusionTrack.cpp, line 891: no picture available
devFusionTrack.cpp, line 891: no picture available
devFusionTrack.cpp, line 891: no picture available
devFusionTrack.cpp, line 891: no picture available
devFusionTrack.cpp, line 891: no picture available
devFusionTrack.cpp, line 891: no picture available
devFusionTrack.cpp, line 891: no picture available
devFusionTrack.cpp, line 891: no picture available
devFusionTrack.cpp, line 891: no picture available
devFusionTrack.cpp, line 891: no picture available
devFusionTrack.cpp, line 891: no picture available
devFusionTrack.cpp, line 891: no picture available
devFusionTrack.cpp, line 891: no picture available
devFusionTrack.cpp, line 891: no picture available
devFusionTrack.cpp, line 891: no picture available
devFusionTrack.cpp, line 891: no picture available
devFusionTrack.cpp, line 891: no picture available
devFusionTrack.cpp, line 891: no picture available
devFusionTrack.cpp, line 891: no picture available
devFusionTrack.cpp, line 891: no picture available
devFusionTrack.cpp, line 891: no picture available
devFusionTrack.cpp, line 891: no picture available
devFusionTrack.cpp, line 891: no picture available
devFusionTrack.cpp, line 891: no picture available
devFusionTrack.cpp, line 891: no picture available
devFusionTrack.cpp, line 891: no picture available
devFusionTrack.cpp, line 891: no picture available
devFusionTrack.cpp, line 891: no picture available
devFusionTrack.cpp, line 891: no picture available
devFusionTrack.cpp, line 891: no picture available
devFusionTrack.cpp, line 891: no picture available
devFusionTrack.cpp, line 891: no picture available
devFusionTrack.cpp, line 891: no picture available
devFusionTrack.cpp, line 891: no picture available
devFusionTrack.cpp, line 891: no picture available
devFusionTrack.cpp, line 891: no picture available
devFusionTrack.cpp, line 891: no picture available
devFusionTrack.cpp, line 891: no picture available
devFusionTrack.cpp, line 891: no picture available
devFusionTrack.cpp, line 891: no picture available
devFusionTrack.cpp, line 891: no picture available
devFusionTrack.cpp, line 891: no picture available
devFusionTrack.cpp, line 891: no picture available
devFusionTrack.cpp, line 891: no picture available
devFusionTrack.cpp, line 891: no picture available
devFusionTrack.cpp, line 891: no picture available
devFusionTrack.cpp, line 891: no picture available
devFusionTrack.cpp, line 891: no picture available
devFusionTrack.cpp, line 891: no picture available
devFusionTrack.cpp, line 891: no picture available
devFusionTrack.cpp, line 891: no picture available
devFusionTrack.cpp, line 891: no picture available
devFusionTrack.cpp, line 891: no picture available
devFusionTrack.cpp, line 891: no picture available
devFusionTrack.cpp, line 891: no picture available
devFusionTrack.cpp, line 891: no picture available
devFusionTrack.cpp, line 891: no picture available
devFusionTrack.cpp, line 891: no picture available
devFusionTrack.cpp, line 891: no picture available
devFusionTrack.cpp, line 891: no picture available
devFusionTrack.cpp, line 891: no picture available
devFusionTrack.cpp, line 891: no picture available
devFusionTrack.cpp, line 891: no picture available
devFusionTrack.cpp, line 891: no picture available
devFusionTrack.cpp, line 891: no picture available
devFusionTrack.cpp, line 891: no picture available
devFusionTrack.cpp, line 891: no picture available
devFusionTrack.cpp, line 891: no picture available
devFusionTrack.cpp, line 891: no picture available
devFusionTrack.cpp, line 891: no picture available
devFusionTrack.cpp, line 891: no picture available
devFusionTrack.cpp, line 891: no picture available
devFusionTrack.cpp, line 891: no picture available
devFusionTrack.cpp, line 891: no picture available
devFusionTrack.cpp, line 891: no picture available
devFusionTrack.cpp, line 891: no picture available
devFusionTrack.cpp, line 891: no picture available
devFusionTrack.cpp, line 891: no picture available
devFusionTrack.cpp, line 891: no picture available
devFusionTrack.cpp, line 891: no picture available
devFusionTrack.cpp, line 891: no picture available
devFusionTrack.cpp, line 891: no picture available
devFusionTrack.cpp, line 891: no picture available
devFusionTrack.cpp, line 891: no picture available
devFusionTrack.cpp, line 891: no picture available
devFusionTrack.cpp, line 891: no picture available
devFusionTrack.cpp, line 891: no picture available
devFusionTrack.cpp, line 891: no picture available
devFusionTrack.cpp, line 891: no picture available
devFusionTrack.cpp, line 891: no picture available
devFusionTrack.cpp, line 891: no picture available
devFusionTrack.cpp, line 891: no picture available
devFusionTrack.cpp, line 891: no picture available
devFusionTrack.cpp, line 891: no picture available
devFusionTrack.cpp, line 891: no picture available
devFusionTrack.cpp, line 891: no picture available
devFusionTrack.cpp, line 891: no picture available
devFusionTrack.cpp, line 891: no picture available
devFusionTrack.cpp, line 891: no picture available
devFusionTrack.cpp, line 891: no picture available
devFusionTrack.cpp, line 891: no picture available
devFusionTrack.cpp, line 891: no picture available
devFusionTrack.cpp, line 891: no picture available
devFusionTrack.cpp, line 891: no picture available
devFusionTrack.cpp, line 891: no picture available
devFusionTrack.cpp, line 891: no picture available
devFusionTrack.cpp, line 891: no picture available
devFusionTrack.cpp, line 891: no picture available
devFusionTrack.cpp, line 891: no picture available
devFusionTrack.cpp, line 891: no picture available
devFusionTrack.cpp, line 891: no picture available
devFusionTrack.cpp, line 891: no picture available
devFusionTrack.cpp, line 891: no picture available
devFusionTrack.cpp, line 891: no picture available
devFusionTrack.cpp, line 891: no picture available
devFusionTrack.cpp, line 891: no picture available
devFusionTrack.cpp, line 891: no picture available
devFusionTrack.cpp, line 891: no picture available
devFusionTrack.cpp, line 891: no picture available
devFusionTrack.cpp, line 891: no picture available
devFusionTrack.cpp, line 891: no picture available
devFusionTrack.cpp, line 891: no picture available
devFusionTrack.cpp, line 891: no picture available
devFusionTrack.cpp, line 891: no picture available
devFusionTrack.cpp, line 891: no picture available
devFusionTrack.cpp, line 891: no picture available
devFusionTrack.cpp, line 891: no picture available
devFusionTrack.cpp, line 891: no picture available
devFusionTrack.cpp, line 891: no picture available
devFusionTrack.cpp, line 891: no picture available
devFusionTrack.cpp, line 891: no picture available
devFusionTrack.cpp, line 891: no picture available
devFusionTrack.cpp, line 891: no picture available
devFusionTrack.cpp, line 891: no picture available
devFusionTrack.cpp, line 891: no picture available
devFusionTrack.cpp, line 891: no picture available
devFusionTrack.cpp, line 891: no picture available
devFusionTrack.cpp, line 891: no picture available
devFusionTrack.cpp, line 891: no picture available
devFusionTrack.cpp, line 891: no picture available
devFusionTrack.cpp, line 891: no picture available
devFusionTrack.cpp, line 891: no picture available
devFusionTrack.cpp, line 891: no picture available
devFusionTrack.cpp, line 891: no picture available
devFusionTrack.cpp, line 891: no picture available
devFusionTrack.cpp, line 891: no picture available
devFusionTrack.cpp, line 891: no picture available
devFusionTrack.cpp, line 891: no picture available
devFusionTrack.cpp, line 891: no picture available
devFusionTrack.cpp, line 891: no picture available
devFusionTrack.cpp, line 891: no picture available
devFusionTrack.cpp, line 891: no picture available
devFusionTrack.cpp, line 891: no picture available
devFusionTrack.cpp, line 891: no picture available
devFusionTrack.cpp, line 891: no picture available
devFusionTrack.cpp, line 891: no picture available
devFusionTrack.cpp, line 891: no picture available
devFusionTrack.cpp, line 891: no picture available
devFusionTrack.cpp, line 891: no picture available
devFusionTrack.cpp, line 891: no picture available
devFusionTrack.cpp, line 891: no picture available
devFusionTrack.cpp, line 891: no picture available
devFusionTrack.cpp, line 891: no picture available
devFusionTrack.cpp, line 891: no picture available
devFusionTrack.cpp, line 891: no picture available
devFusionTrack.cpp, line 891: no picture available
devFusionTrack.cpp, line 891: no picture available
devFusionTrack.cpp, line 891: no picture available
devFusionTrack.cpp, line 891: no picture available
devFusionTrack.cpp, line 891: no picture available
devFusionTrack.cpp, line 891: no picture available
devFusionTrack.cpp, line 891: no picture available
devFusionTrack.cpp, line 891: no picture available
devFusionTrack.cpp, line 891: no picture available
devFusionTrack.cpp, line 891: no picture available
devFusionTrack.cpp, line 891: no picture available
devFusionTrack.cpp, line 891: no picture available
devFusionTrack.cpp, line 891: no picture available
devFusionTrack.cpp, line 891: no picture available
devFusionTrack.cpp, line 891: no picture available
devFusionTrack.cpp, line 891: no picture available
devFusionTrack.cpp, line 891: no picture available
devFusionTrack.cpp, line 891: no picture available
devFusionTrack.cpp, line 891: no picture available
devFusionTrack.cpp, line 891: no picture available
devFusionTrack.cpp, line 891: no picture available
devFusionTrack.cpp, line 891: no picture available
devFusionTrack.cpp, line 891: no picture available
devFusionTrack.cpp, line 891: no picture available
devFusionTrack.cpp, line 891: no picture available
devFusionTrack.cpp, line 891: no picture available
devFusionTrack.cpp, line 891: no picture available
devFusionTrack.cpp, line 891: no picture available
devFusionTrack.cpp, line 891: no picture available
devFusionTrack.cpp, line 891: no picture available
devFusionTrack.cpp, line 891: no picture available
devFusionTrack.cpp, line 891: no picture available
devFusionTrack.cpp, line 891: no picture available
devFusionTrack.cpp, line 891: no picture available
devFusionTrack.cpp, line 891: no picture available
devFusionTrack.cpp, line 891: no picture available
devFusionTrack.cpp, line 891: no picture available
devFusionTrack.cpp, line 891: no picture available
devFusionTrack.cpp, line 891: no picture available
devFusionTrack.cpp, line 891: no picture available
devFusionTrack.cpp, line 891: no picture available
devFusionTrack.cpp, line 891: no picture available
devFusionTrack.cpp, line 891: no picture available
devFusionTrack.cpp, line 891: no picture available
devFusionTrack.cpp, line 891: no picture available
devFusionTrack.cpp, line 891: no picture available
devFusionTrack.cpp, line 891: no picture available
devFusionTrack.cpp, line 891: no picture available
devFusionTrack.cpp, line 891: no picture available
devFusionTrack.cpp, line 891: no picture available
devFusionTrack.cpp, line 891: no picture available
devFusionTrack.cpp, line 891: no picture available
devFusionTrack.cpp, line 891: no picture available
devFusionTrack.cpp, line 891: no picture available
devFusionTrack.cpp, line 891: no picture available
devFusionTrack.cpp, line 891: no picture available
devFusionTrack.cpp, line 891: no picture available
devFusionTrack.cpp, line 891: no picture available
devFusionTrack.cpp, line 891: no picture available
devFusionTrack.cpp, line 891: no picture available
devFusionTrack.cpp, line 891: no picture available
devFusionTrack.cpp, line 891: no picture available
devFusionTrack.cpp, line 891: no picture available
devFusionTrack.cpp, line 891: no picture available
devFusionTrack.cpp, line 891: no picture available
devFusionTrack.cpp, line 891: no picture available
devFusionTrack.cpp, line 891: no picture available
devFusionTrack.cpp, line 891: no picture available
devFusionTrack.cpp, line 891: no picture available
devFusionTrack.cpp, line 891: no picture available
devFusionTrack.cpp, line 891: no picture available
devFusionTrack.cpp, line 891: no picture available
devFusionTrack.cpp, line 891: no picture available
devFusionTrack.cpp, line 891: no picture available
devFusionTrack.cpp, line 891: no picture available
devFusionTrack.cpp, line 891: no picture available
devFusionTrack.cpp, line 891: no picture available
devFusionTrack.cpp, line 891: no picture available
devFusionTrack.cpp, line 891: no picture available
devFusionTrack.cpp, line 891: no picture available
devFusionTrack.cpp, line 891: no picture available
devFusionTrack.cpp, line 891: no picture available
devFusionTrack.cpp, line 891: no picture available
devFusionTrack.cpp, line 891: no picture available
devFusionTrack.cpp, line 891: no picture available
devFusionTrack.cpp, line 891: no picture available
devFusionTrack.cpp, line 891: no picture available
devFusionTrack.cpp, line 891: no picture available
devFusionTrack.cpp, line 891: no picture available
devFusionTrack.cpp, line 891: no picture available
devFusionTrack.cpp, line 891: no picture available
devFusionTrack.cpp, line 891: no picture available
devFusionTrack.cpp, line 891: no picture available
devFusionTrack.cpp, line 891: no picture available
devFusionTrack.cpp, line 891: no picture available
devFusionTrack.cpp, line 891: no picture available
devFusionTrack.cpp, line 891: no picture available
devFusionTrack.cpp, line 891: no picture available
devFusionTrack.cpp, line 891: no picture available
devFusionTrack.cpp, line 891: no picture available
devFusionTrack.cpp, line 891: no picture available
devFusionTrack.cpp, line 891: no picture available
devFusionTrack.cpp, line 891: no picture available
devFusionTrack.cpp, line 891: no picture available
devFusionTrack.cpp, line 891: no picture available
devFusionTrack.cpp, line 891: no picture available
devFusionTrack.cpp, line 891: no picture available
devFusionTrack.cpp, line 891: no picture available
devFusionTrack.cpp, line 891: no picture available
devFusionTrack.cpp, line 891: no picture available
devFusionTrack.cpp, line 891: no picture available
devFusionTrack.cpp, line 891: no picture available
devFusionTrack.cpp, line 891: no picture available
devFusionTrack.cpp, line 891: no picture available
devFusionTrack.cpp, line 891: no picture available
devFusionTrack.cpp, line 891: no picture available
devFusionTrack.cpp, line 891: no picture available
devFusionTrack.cpp, line 891: no picture available
devFusionTrack.cpp, line 891: no picture available
devFusionTrack.cpp, line 891: no picture available
devFusionTrack.cpp, line 891: no picture available
devFusionTrack.cpp, line 891: no picture available
devFusionTrack.cpp, line 891: no picture available
devFusionTrack.cpp, line 891: no picture available
devFusionTrack.cpp, line 891: no picture available
devFusionTrack.cpp, line 891: no picture available
devFusionTrack.cpp, line 891: no picture available
devFusionTrack.cpp, line 891: no picture available
devFusionTrack.cpp, line 891: no picture available
devFusionTrack.cpp, line 891: no picture available
devFusionTrack.cpp, line 891: no picture available
devFusionTrack.cpp, line 891: no picture available
devFusionTrack.cpp, line 891: no picture available
devFusionTrack.cpp, line 891: no picture available
devFusionTrack.cpp, line 891: no picture available
devFusionTrack.cpp, line 891: no picture available
devFusionTrack.cpp, line 891: no picture available
devFusionTrack.cpp, line 891: no picture available
devFusionTrack.cpp, line 891: no picture available
devFusionTrack.cpp, line 891: no picture available
devFusionTrack.cpp, line 891: no picture available
devFusionTrack.cpp, line 891: no picture available
devFusionTrack.cpp, line 891: no picture available
devFusionTrack.cpp, line 891: no picture available
devFusionTrack.cpp, line 891: no picture available
devFusionTrack.cpp, line 891: no picture available
devFusionTrack.cpp, line 891: no picture available
devFusionTrack.cpp, line 891: no picture available
devFusionTrack.cpp, line 891: no picture available
devFusionTrack.cpp, line 891: no picture available
devFusionTrack.cpp, line 891: no picture available
devFusionTrack.cpp, line 891: no picture available
devFusionTrack.cpp, line 891: no picture available
devFusionTrack.cpp, line 891: no picture available
devFusionTrack.cpp, line 891: no picture available
devFusionTrack.cpp, line 891: no picture available
devFusionTrack.cpp, line 891: no picture available
devFusionTrack.cpp, line 891: no picture available
devFusionTrack.cpp, line 891: no picture available
devFusionTrack.cpp, line 891: no picture available
devFusionTrack.cpp, line 891: no picture available
devFusionTrack.cpp, line 891: no picture available
devFusionTrack.cpp, line 891: no picture available
devFusionTrack.cpp, line 891: no picture available
devFusionTrack.cpp, line 891: no picture available
devFusionTrack.cpp, line 891: no picture available
devFusionTrack.cpp, line 891: no picture available
devFusionTrack.cpp, line 891: no picture available
devFusionTrack.cpp, line 891: no picture available
devFusionTrack.cpp, line 891: no picture available
devFusionTrack.cpp, line 891: no picture available
devFusionTrack.cpp, line 891: no picture available
devFusionTrack.cpp, line 891: no picture available
devFusionTrack.cpp, line 891: no picture available
devFusionTrack.cpp, line 891: no picture available
devFusionTrack.cpp, line 891: no picture available
devFusionTrack.cpp, line 891: no picture available
devFusionTrack.cpp, line 891: no picture available
devFusionTrack.cpp, line 891: no picture available
devFusionTrack.cpp, line 891: no picture available
devFusionTrack.cpp, line 891: no picture available
devFusionTrack.cpp, line 891: no picture available
devFusionTrack.cpp, line 891: no picture available
devFusionTrack.cpp, line 891: no picture available
devFusionTrack.cpp, line 891: no picture available
devFusionTrack.cpp, line 891: no picture available
devFusionTrack.cpp, line 891: no picture available
devFusionTrack.cpp, line 891: no picture available
devFusionTrack.cpp, line 891: no picture available
devFusionTrack.cpp, line 891: no picture available
devFusionTrack.cpp, line 891: no picture available
devFusionTrack.cpp, line 891: no picture available
devFusionTrack.cpp, line 891: no picture available
devFusionTrack.cpp, line 891: no picture available
devFusionTrack.cpp, line 891: no picture available
devFusionTrack.cpp, line 891: no picture available
devFusionTrack.cpp, line 891: no picture available
devFusionTrack.cpp, line 891: no picture available
devFusionTrack.cpp, line 891: no picture available
devFusionTrack.cpp, line 891: no picture available
devFusionTrack.cpp, line 891: no picture available
devFusionTrack.cpp, line 891: no picture available
devFusionTrack.cpp, line 891: no picture available
devFusionTrack.cpp, line 891: no picture available
devFusionTrack.cpp, line 891: no picture available
devFusionTrack.cpp, line 891: no picture available
devFusionTrack.cpp, line 891: no picture available
devFusionTrack.cpp, line 891: no picture available
devFusionTrack.cpp, line 891: no picture available
devFusionTrack.cpp, line 891: no picture available
devFusionTrack.cpp, line 891: no picture available
devFusionTrack.cpp, line 891: no picture available
devFusionTrack.cpp, line 891: no picture available
devFusionTrack.cpp, line 891: no picture available
devFusionTrack.cpp, line 891: no picture available
devFusionTrack.cpp, line 891: no picture available
devFusionTrack.cpp, line 891: no picture available
devFusionTrack.cpp, line 891: no picture available
devFusionTrack.cpp, line 891: no picture available
devFusionTrack.cpp, line 891: no picture available
devFusionTrack.cpp, line 891: no picture available
devFusionTrack.cpp, line 891: no picture available
devFusionTrack.cpp, line 891: no picture available
devFusionTrack.cpp, line 891: no picture available
devFusionTrack.cpp, line 891: no picture available
devFusionTrack.cpp, line 891: no picture available
devFusionTrack.cpp, line 891: no picture available
devFusionTrack.cpp, line 891: no picture available
devFusionTrack.cpp, line 891: no picture available
devFusionTrack.cpp, line 891: no picture available
devFusionTrack.cpp, line 891: no picture available
devFusionTrack.cpp, line 891: no picture available
devFusionTrack.cpp, line 891: no picture available
devFusionTrack.cpp, line 891: no picture available
devFusionTrack.cpp, line 891: no picture available
devFusionTrack.cpp, line 891: no picture available
devFusionTrack.cpp, line 891: no picture available
devFusionTrack.cpp, line 891: no picture available
devFusionTrack.cpp, line 891: no picture available
devFusionTrack.cpp, line 891: no picture available
devFusionTrack.cpp, line 891: no picture available
devFusionTrack.cpp, line 891: no picture available
devFusionTrack.cpp, line 891: no picture available
devFusionTrack.cpp, line 891: no picture available
devFusionTrack.cpp, line 891: no picture available
devFusionTrack.cpp, line 891: no picture available
devFusionTrack.cpp, line 891: no picture available
devFusionTrack.cpp, line 891: no picture available
devFusionTrack.cpp, line 891: no picture available
devFusionTrack.cpp, line 891: no picture available
devFusionTrack.cpp, line 891: no picture available
devFusionTrack.cpp, line 891: no picture available
devFusionTrack.cpp, line 891: no picture available
devFusionTrack.cpp, line 891: no picture available
devFusionTrack.cpp, line 891: no picture available
devFusionTrack.cpp, line 891: no picture available
devFusionTrack.cpp, line 891: no picture available
devFusionTrack.cpp, line 891: no picture available
devFusionTrack.cpp, line 891: no picture available
devFusionTrack.cpp, line 891: no picture available
devFusionTrack.cpp, line 891: no picture available
devFusionTrack.cpp, line 891: no picture available
devFusionTrack.cpp, line 891: no picture available
devFusionTrack.cpp, line 891: no picture available
devFusionTrack.cpp, line 891: no picture available
devFusionTrack.cpp, line 891: no picture available
devFusionTrack.cpp, line 891: no picture available
devFusionTrack.cpp, line 891: no picture available
devFusionTrack.cpp, line 891: no picture available
devFusionTrack.cpp, line 891: no picture available
devFusionTrack.cpp, line 891: no picture available
devFusionTrack.cpp, line 891: no picture available
devFusionTrack.cpp, line 891: no picture available
devFusionTrack.cpp, line 891: no picture available
devFusionTrack.cpp, line 891: no picture available
devFusionTrack.cpp, line 891: no picture available
devFusionTrack.cpp, line 891: no picture available
devFusionTrack.cpp, line 891: no picture available
devFusionTrack.cpp, line 891: no picture available
devFusionTrack.cpp, line 891: no picture available
devFusionTrack.cpp, line 891: no picture available
devFusionTrack.cpp, line 891: no picture available
devFusionTrack.cpp, line 891: no picture available
devFusionTrack.cpp, line 891: no picture available
devFusionTrack.cpp, line 891: no picture available
devFusionTrack.cpp, line 891: no picture available
