Starting logging on 2020-05-26 at 14:24:21
Launching discovery service for config 172.17.1.7:3509
devFusionTrack.cpp, line 205: reading SN LSBs
Sending packet 2 at 1590495861661
Sent packet 2 at 1590495861661
Received packet answering to 1 at 1590495861665
devFusionTrack.cpp, line 235: reading SN MSBs
Sending packet 3 at 1590495861666
Sent packet 3 at 1590495861666
Received packet answering to 2 at 1590495861674
- Device 0xE30000091D052628 found (ip=172.17.1.7, port=3509)
- Configure Device
devDeviceInfoExt.cpp, line 1155: connecting the socket
devDeviceInfoExt.cpp, line 1174: reading registers description address
devDeviceInfoExt.cpp, line 1182: downloading the register description
devDeviceInfoExt.cpp, line 1196: testing UPD packet size
  ? Testing UDP packet size of 8132
  + Setting UDP packet size to 8144
devDeviceInfoExt.cpp, line 1201: looking for PACKET_MAX_SIZE register
devDeviceInfoExt.cpp, line 1210: writing for PACKET_MAX_SIZE register
devDeviceInfoExt.cpp, line 1221: looking for DEVICE_VERSION register
devDeviceInfoExt.cpp, line 1275: downloading calibration
  ! Cannot upload factory file
devDeviceInfoExt.cpp, line 1288: uniforming compression
devDeviceInfoExt.cpp, line 1297: looking for ACQUISITION register
devDeviceInfoExt.cpp, line 1305: writing for ACQUISITION register
+ Configuration Done
devDeviceInfoExt.cpp, line 212: cannot find register "FACT_HARD_VERSION"
devDeviceInfoExt.cpp, line 1546: wrong status
devDeviceInfoExt.cpp, line 212: cannot find register "PLAIN_NUMBER_LOW"
Old version of the calibration file
devDeviceInfoExt.cpp, line 1546: wrong status
ftkDevice.cpp line 877: cannot read value from register ACC0_RANGE
devDeviceInfoExt.cpp, line 1546: wrong status
ftkDevice.cpp line 893: cannot read value from register ACC1_RANGE
devFusionTrack.cpp, line 891: no picture available
devFusionTrack.cpp, line 891: no picture available
devFusionTrack.cpp, line 891: no picture available
devFusionTrack.cpp, line 891: no picture available
devFusionTrack.cpp, line 891: no picture available
devFusionTrack.cpp, line 891: no picture available
devFusionTrack.cpp, line 891: no picture available
devFusionTrack.cpp, line 891: no picture available
devFusionTrack.cpp, line 891: no picture available
devFusionTrack.cpp, line 891: no picture available
devFusionTrack.cpp, line 891: no picture available
devFusionTrack.cpp, line 891: no picture available
devFusionTrack.cpp, line 891: no picture available
devFusionTrack.cpp, line 891: no picture available
devFusionTrack.cpp, line 891: no picture available
devFusionTrack.cpp, line 891: no picture available
devFusionTrack.cpp, line 891: no picture available
devFusionTrack.cpp, line 891: no picture available
devFusionTrack.cpp, line 891: no picture available
devFusionTrack.cpp, line 891: no picture available
devFusionTrack.cpp, line 891: no picture available
devFusionTrack.cpp, line 891: no picture available
devFusionTrack.cpp, line 891: no picture available
devFusionTrack.cpp, line 891: no picture available
devFusionTrack.cpp, line 891: no picture available
devFusionTrack.cpp, line 891: no picture available
devFusionTrack.cpp, line 891: no picture available
devFusionTrack.cpp, line 891: no picture available
devFusionTrack.cpp, line 891: no picture available
devFusionTrack.cpp, line 891: no picture available
devFusionTrack.cpp, line 891: no picture available
devFusionTrack.cpp, line 891: no picture available
devFusionTrack.cpp, line 891: no picture available
devFusionTrack.cpp, line 891: no picture available
devFusionTrack.cpp, line 891: no picture available
devFusionTrack.cpp, line 891: no picture available
devFusionTrack.cpp, line 891: no picture available
devFusionTrack.cpp, line 891: no picture available
devFusionTrack.cpp, line 891: no picture available
devFusionTrack.cpp, line 891: no picture available
devFusionTrack.cpp, line 891: no picture available
devFusionTrack.cpp, line 891: no picture available
devFusionTrack.cpp, line 891: no picture available
devFusionTrack.cpp, line 891: no picture available
devFusionTrack.cpp, line 891: no picture available
devFusionTrack.cpp, line 891: no picture available
devFusionTrack.cpp, line 891: no picture available
devFusionTrack.cpp, line 891: no picture available
devFusionTrack.cpp, line 891: no picture available
devFusionTrack.cpp, line 891: no picture available
devFusionTrack.cpp, line 891: no picture available
devFusionTrack.cpp, line 891: no picture available
devFusionTrack.cpp, line 891: no picture available
devFusionTrack.cpp, line 891: no picture available
devFusionTrack.cpp, line 891: no picture available
devFusionTrack.cpp, line 891: no picture available
devFusionTrack.cpp, line 891: no picture available
devFusionTrack.cpp, line 891: no picture available
devFusionTrack.cpp, line 891: no picture available
devFusionTrack.cpp, line 891: no picture available
devFusionTrack.cpp, line 891: no picture available
devFusionTrack.cpp, line 891: no picture available
devFusionTrack.cpp, line 891: no picture available
devFusionTrack.cpp, line 891: no picture available
devFusionTrack.cpp, line 891: no picture available
devFusionTrack.cpp, line 891: no picture available
devFusionTrack.cpp, line 891: no picture available
devFusionTrack.cpp, line 891: no picture available
devFusionTrack.cpp, line 891: no picture available
devFusionTrack.cpp, line 891: no picture available
devFusionTrack.cpp, line 891: no picture available
devFusionTrack.cpp, line 891: no picture available
devFusionTrack.cpp, line 891: no picture available
devFusionTrack.cpp, line 891: no picture available
devFusionTrack.cpp, line 891: no picture available
devFusionTrack.cpp, line 891: no picture available
devFusionTrack.cpp, line 891: no picture available
devFusionTrack.cpp, line 891: no picture available
devFusionTrack.cpp, line 891: no picture available
devFusionTrack.cpp, line 891: no picture available
devFusionTrack.cpp, line 891: no picture available
devFusionTrack.cpp, line 891: no picture available
devFusionTrack.cpp, line 891: no picture available
devFusionTrack.cpp, line 891: no picture available
devFusionTrack.cpp, line 891: no picture available
devFusionTrack.cpp, line 891: no picture available
devFusionTrack.cpp, line 891: no picture available
devFusionTrack.cpp, line 891: no picture available
devFusionTrack.cpp, line 891: no picture available
devFusionTrack.cpp, line 891: no picture available
devFusionTrack.cpp, line 891: no picture available
devFusionTrack.cpp, line 891: no picture available
devFusionTrack.cpp, line 891: no picture available
devFusionTrack.cpp, line 891: no picture available
devFusionTrack.cpp, line 891: no picture available
devFusionTrack.cpp, line 891: no picture available
devFusionTrack.cpp, line 891: no picture available
devFusionTrack.cpp, line 891: no picture available
devFusionTrack.cpp, line 891: no picture available
devFusionTrack.cpp, line 891: no picture available
devFusionTrack.cpp, line 891: no picture available
devFusionTrack.cpp, line 891: no picture available
devFusionTrack.cpp, line 891: no picture available
devFusionTrack.cpp, line 891: no picture available
devFusionTrack.cpp, line 891: no picture available
devFusionTrack.cpp, line 891: no picture available
devFusionTrack.cpp, line 891: no picture available
devFusionTrack.cpp, line 891: no picture available
devFusionTrack.cpp, line 891: no picture available
devFusionTrack.cpp, line 891: no picture available
devFusionTrack.cpp, line 891: no picture available
devFusionTrack.cpp, line 891: no picture available
devFusionTrack.cpp, line 891: no picture available
devFusionTrack.cpp, line 891: no picture available
devFusionTrack.cpp, line 891: no picture available
devFusionTrack.cpp, line 891: no picture available
devFusionTrack.cpp, line 891: no picture available
devFusionTrack.cpp, line 891: no picture available
devFusionTrack.cpp, line 891: no picture available
devFusionTrack.cpp, line 891: no picture available
devFusionTrack.cpp, line 891: no picture available
devFusionTrack.cpp, line 891: no picture available
devFusionTrack.cpp, line 891: no picture available
devFusionTrack.cpp, line 891: no picture available
devFusionTrack.cpp, line 891: no picture available
devFusionTrack.cpp, line 891: no picture available
devFusionTrack.cpp, line 891: no picture available
devFusionTrack.cpp, line 891: no picture available
devFusionTrack.cpp, line 891: no picture available
devFusionTrack.cpp, line 891: no picture available
devFusionTrack.cpp, line 891: no picture available
devFusionTrack.cpp, line 891: no picture available
devFusionTrack.cpp, line 891: no picture available
devFusionTrack.cpp, line 891: no picture available
devFusionTrack.cpp, line 891: no picture available
devFusionTrack.cpp, line 891: no picture available
devFusionTrack.cpp, line 891: no picture available
devFusionTrack.cpp, line 891: no picture available
devFusionTrack.cpp, line 891: no picture available
devFusionTrack.cpp, line 891: no picture available
devFusionTrack.cpp, line 891: no picture available
devFusionTrack.cpp, line 891: no picture available
devFusionTrack.cpp, line 891: no picture available
devFusionTrack.cpp, line 891: no picture available
devFusionTrack.cpp, line 891: no picture available
devFusionTrack.cpp, line 891: no picture available
devFusionTrack.cpp, line 891: no picture available
devFusionTrack.cpp, line 891: no picture available
devFusionTrack.cpp, line 891: no picture available
devFusionTrack.cpp, line 891: no picture available
devFusionTrack.cpp, line 891: no picture available
devFusionTrack.cpp, line 891: no picture available
devFusionTrack.cpp, line 891: no picture available
devFusionTrack.cpp, line 891: no picture available
devFusionTrack.cpp, line 891: no picture available
devFusionTrack.cpp, line 891: no picture available
devFusionTrack.cpp, line 891: no picture available
devFusionTrack.cpp, line 891: no picture available
devFusionTrack.cpp, line 891: no picture available
devFusionTrack.cpp, line 891: no picture available
devFusionTrack.cpp, line 891: no picture available
devFusionTrack.cpp, line 891: no picture available
devFusionTrack.cpp, line 891: no picture available
devFusionTrack.cpp, line 891: no picture available
devFusionTrack.cpp, line 891: no picture available
devFusionTrack.cpp, line 891: no picture available
devFusionTrack.cpp, line 891: no picture available
devFusionTrack.cpp, line 891: no picture available
devFusionTrack.cpp, line 891: no picture available
devFusionTrack.cpp, line 891: no picture available
devFusionTrack.cpp, line 891: no picture available
devFusionTrack.cpp, line 891: no picture available
devFusionTrack.cpp, line 891: no picture available
devFusionTrack.cpp, line 891: no picture available
devFusionTrack.cpp, line 891: no picture available
devFusionTrack.cpp, line 891: no picture available
devFusionTrack.cpp, line 891: no picture available
devFusionTrack.cpp, line 891: no picture available
devFusionTrack.cpp, line 891: no picture available
devFusionTrack.cpp, line 891: no picture available
devFusionTrack.cpp, line 891: no picture available
devFusionTrack.cpp, line 891: no picture available
devFusionTrack.cpp, line 891: no picture available
devFusionTrack.cpp, line 891: no picture available
devFusionTrack.cpp, line 891: no picture available
devFusionTrack.cpp, line 891: no picture available
devFusionTrack.cpp, line 891: no picture available
devFusionTrack.cpp, line 891: no picture available
devFusionTrack.cpp, line 891: no picture available
devFusionTrack.cpp, line 891: no picture available
devFusionTrack.cpp, line 891: no picture available
devFusionTrack.cpp, line 891: no picture available
devFusionTrack.cpp, line 891: no picture available
devFusionTrack.cpp, line 891: no picture available
devFusionTrack.cpp, line 891: no picture available
devFusionTrack.cpp, line 891: no picture available
devFusionTrack.cpp, line 891: no picture available
devFusionTrack.cpp, line 891: no picture available
devFusionTrack.cpp, line 891: no picture available
devFusionTrack.cpp, line 891: no picture available
devFusionTrack.cpp, line 891: no picture available
devFusionTrack.cpp, line 891: no picture available
devFusionTrack.cpp, line 891: no picture available
devFusionTrack.cpp, line 891: no picture available
devFusionTrack.cpp, line 891: no picture available
devFusionTrack.cpp, line 891: no picture available
devFusionTrack.cpp, line 891: no picture available
devFusionTrack.cpp, line 891: no picture available
devFusionTrack.cpp, line 891: no picture available
devFusionTrack.cpp, line 891: no picture available
devFusionTrack.cpp, line 891: no picture available
devFusionTrack.cpp, line 891: no picture available
devFusionTrack.cpp, line 891: no picture available
devFusionTrack.cpp, line 891: no picture available
devFusionTrack.cpp, line 891: no picture available
devFusionTrack.cpp, line 891: no picture available
devFusionTrack.cpp, line 891: no picture available
devFusionTrack.cpp, line 891: no picture available
devFusionTrack.cpp, line 891: no picture available
devFusionTrack.cpp, line 891: no picture available
devFusionTrack.cpp, line 891: no picture available
devFusionTrack.cpp, line 891: no picture available
devFusionTrack.cpp, line 891: no picture available
devFusionTrack.cpp, line 891: no picture available
devFusionTrack.cpp, line 891: no picture available
devFusionTrack.cpp, line 891: no picture available
devFusionTrack.cpp, line 891: no picture available
devFusionTrack.cpp, line 891: no picture available
devFusionTrack.cpp, line 891: no picture available
devFusionTrack.cpp, line 891: no picture available
devFusionTrack.cpp, line 891: no picture available
devFusionTrack.cpp, line 891: no picture available
devFusionTrack.cpp, line 891: no picture available
devFusionTrack.cpp, line 891: no picture available
devFusionTrack.cpp, line 891: no picture available
devFusionTrack.cpp, line 891: no picture available
devFusionTrack.cpp, line 891: no picture available
devFusionTrack.cpp, line 891: no picture available
devFusionTrack.cpp, line 891: no picture available
devFusionTrack.cpp, line 891: no picture available
devFusionTrack.cpp, line 891: no picture available
devFusionTrack.cpp, line 891: no picture available
devFusionTrack.cpp, line 891: no picture available
devFusionTrack.cpp, line 891: no picture available
devFusionTrack.cpp, line 891: no picture available
devFusionTrack.cpp, line 891: no picture available
devFusionTrack.cpp, line 891: no picture available
devFusionTrack.cpp, line 891: no picture available
devFusionTrack.cpp, line 891: no picture available
devFusionTrack.cpp, line 891: no picture available
devFusionTrack.cpp, line 891: no picture available
devFusionTrack.cpp, line 891: no picture available
devFusionTrack.cpp, line 891: no picture available
devFusionTrack.cpp, line 891: no picture available
devFusionTrack.cpp, line 891: no picture available
devFusionTrack.cpp, line 891: no picture available
devFusionTrack.cpp, line 891: no picture available
devFusionTrack.cpp, line 891: no picture available
devFusionTrack.cpp, line 891: no picture available
devFusionTrack.cpp, line 891: no picture available
devFusionTrack.cpp, line 891: no picture available
devFusionTrack.cpp, line 891: no picture available
devFusionTrack.cpp, line 891: no picture available
devFusionTrack.cpp, line 891: no picture available
devFusionTrack.cpp, line 891: no picture available
devFusionTrack.cpp, line 891: no picture available
devFusionTrack.cpp, line 891: no picture available
devFusionTrack.cpp, line 891: no picture available
devFusionTrack.cpp, line 891: no picture available
devFusionTrack.cpp, line 891: no picture available
devFusionTrack.cpp, line 891: no picture available
devFusionTrack.cpp, line 891: no picture available
devFusionTrack.cpp, line 891: no picture available
devFusionTrack.cpp, line 891: no picture available
devFusionTrack.cpp, line 891: no picture available
devFusionTrack.cpp, line 891: no picture available
devFusionTrack.cpp, line 891: no picture available
devFusionTrack.cpp, line 891: no picture available
devFusionTrack.cpp, line 891: no picture available
devFusionTrack.cpp, line 891: no picture available
devFusionTrack.cpp, line 891: no picture available
devFusionTrack.cpp, line 891: no picture available
devFusionTrack.cpp, line 891: no picture available
devFusionTrack.cpp, line 891: no picture available
devFusionTrack.cpp, line 891: no picture available
devFusionTrack.cpp, line 891: no picture available
devFusionTrack.cpp, line 891: no picture available
devFusionTrack.cpp, line 891: no picture available
devFusionTrack.cpp, line 891: no picture available
devFusionTrack.cpp, line 891: no picture available
devFusionTrack.cpp, line 891: no picture available
devFusionTrack.cpp, line 891: no picture available
devFusionTrack.cpp, line 891: no picture available
devFusionTrack.cpp, line 891: no picture available
devFusionTrack.cpp, line 891: no picture available
devFusionTrack.cpp, line 891: no picture available
devFusionTrack.cpp, line 891: no picture available
devFusionTrack.cpp, line 891: no picture available
devFusionTrack.cpp, line 891: no picture available
devFusionTrack.cpp, line 891: no picture available
devFusionTrack.cpp, line 891: no picture available
devFusionTrack.cpp, line 891: no picture available
devFusionTrack.cpp, line 891: no picture available
devFusionTrack.cpp, line 891: no picture available
devFusionTrack.cpp, line 891: no picture available
devFusionTrack.cpp, line 891: no picture available
devFusionTrack.cpp, line 891: no picture available
devFusionTrack.cpp, line 891: no picture available
devFusionTrack.cpp, line 891: no picture available
devFusionTrack.cpp, line 891: no picture available
devFusionTrack.cpp, line 891: no picture available
devFusionTrack.cpp, line 891: no picture available
devFusionTrack.cpp, line 891: no picture available
devFusionTrack.cpp, line 891: no picture available
devFusionTrack.cpp, line 891: no picture available
devFusionTrack.cpp, line 891: no picture available
devFusionTrack.cpp, line 891: no picture available
devFusionTrack.cpp, line 891: no picture available
devFusionTrack.cpp, line 891: no picture available
devFusionTrack.cpp, line 891: no picture available
devFusionTrack.cpp, line 891: no picture available
devFusionTrack.cpp, line 891: no picture available
devFusionTrack.cpp, line 891: no picture available
devFusionTrack.cpp, line 891: no picture available
devFusionTrack.cpp, line 891: no picture available
devFusionTrack.cpp, line 891: no picture available
devFusionTrack.cpp, line 891: no picture available
devFusionTrack.cpp, line 891: no picture available
devFusionTrack.cpp, line 891: no picture available
devFusionTrack.cpp, line 891: no picture available
devFusionTrack.cpp, line 891: no picture available
devFusionTrack.cpp, line 891: no picture available
devFusionTrack.cpp, line 891: no picture available
devFusionTrack.cpp, line 891: no picture available
devFusionTrack.cpp, line 891: no picture available
devFusionTrack.cpp, line 891: no picture available
devFusionTrack.cpp, line 891: no picture available
devFusionTrack.cpp, line 891: no picture available
devFusionTrack.cpp, line 891: no picture available
devFusionTrack.cpp, line 891: no picture available
devFusionTrack.cpp, line 891: no picture available
devFusionTrack.cpp, line 891: no picture available
devFusionTrack.cpp, line 891: no picture available
devFusionTrack.cpp, line 891: no picture available
devFusionTrack.cpp, line 891: no picture available
devFusionTrack.cpp, line 891: no picture available
devFusionTrack.cpp, line 891: no picture available
devFusionTrack.cpp, line 891: no picture available
devFusionTrack.cpp, line 891: no picture available
devFusionTrack.cpp, line 891: no picture available
devFusionTrack.cpp, line 891: no picture available
devFusionTrack.cpp, line 891: no picture available
devFusionTrack.cpp, line 891: no picture available
devFusionTrack.cpp, line 891: no picture available
devFusionTrack.cpp, line 891: no picture available
devFusionTrack.cpp, line 891: no picture available
devFusionTrack.cpp, line 891: no picture available
devFusionTrack.cpp, line 891: no picture available
devFusionTrack.cpp, line 891: no picture available
devFusionTrack.cpp, line 891: no picture available
devFusionTrack.cpp, line 891: no picture available
devFusionTrack.cpp, line 891: no picture available
devFusionTrack.cpp, line 891: no picture available
devFusionTrack.cpp, line 891: no picture available
devFusionTrack.cpp, line 891: no picture available
devFusionTrack.cpp, line 891: no picture available
devFusionTrack.cpp, line 891: no picture available
devFusionTrack.cpp, line 891: no picture available
devFusionTrack.cpp, line 891: no picture available
devFusionTrack.cpp, line 891: no picture available
devFusionTrack.cpp, line 891: no picture available
devFusionTrack.cpp, line 891: no picture available
devFusionTrack.cpp, line 891: no picture available
devFusionTrack.cpp, line 891: no picture available
devFusionTrack.cpp, line 891: no picture available
devFusionTrack.cpp, line 891: no picture available
devFusionTrack.cpp, line 891: no picture available
devFusionTrack.cpp, line 891: no picture available
devFusionTrack.cpp, line 891: no picture available
devFusionTrack.cpp, line 891: no picture available
devFusionTrack.cpp, line 891: no picture available
devFusionTrack.cpp, line 891: no picture available
devFusionTrack.cpp, line 891: no picture available
devFusionTrack.cpp, line 891: no picture available
devFusionTrack.cpp, line 891: no picture available
devFusionTrack.cpp, line 891: no picture available
devFusionTrack.cpp, line 891: no picture available
devFusionTrack.cpp, line 891: no picture available
devFusionTrack.cpp, line 891: no picture available
devFusionTrack.cpp, line 891: no picture available
devFusionTrack.cpp, line 891: no picture available
devFusionTrack.cpp, line 891: no picture available
devFusionTrack.cpp, line 891: no picture available
devFusionTrack.cpp, line 891: no picture available
devFusionTrack.cpp, line 891: no picture available
devFusionTrack.cpp, line 891: no picture available
devFusionTrack.cpp, line 891: no picture available
devFusionTrack.cpp, line 891: no picture available
devFusionTrack.cpp, line 891: no picture available
devFusionTrack.cpp, line 891: no picture available
devFusionTrack.cpp, line 891: no picture available
devFusionTrack.cpp, line 891: no picture available
devFusionTrack.cpp, line 891: no picture available
devFusionTrack.cpp, line 891: no picture available
devFusionTrack.cpp, line 891: no picture available
devFusionTrack.cpp, line 891: no picture available
devFusionTrack.cpp, line 891: no picture available
devFusionTrack.cpp, line 891: no picture available
devFusionTrack.cpp, line 891: no picture available
devFusionTrack.cpp, line 891: no picture available
devFusionTrack.cpp, line 891: no picture available
devFusionTrack.cpp, line 891: no picture available
devFusionTrack.cpp, line 891: no picture available
devFusionTrack.cpp, line 891: no picture available
devFusionTrack.cpp, line 891: no picture available
devFusionTrack.cpp, line 891: no picture available
devFusionTrack.cpp, line 891: no picture available
devFusionTrack.cpp, line 891: no picture available
devFusionTrack.cpp, line 891: no picture available
devFusionTrack.cpp, line 891: no picture available
devFusionTrack.cpp, line 891: no picture available
devFusionTrack.cpp, line 891: no picture available
devFusionTrack.cpp, line 891: no picture available
devFusionTrack.cpp, line 891: no picture available
devFusionTrack.cpp, line 891: no picture available
devFusionTrack.cpp, line 891: no picture available
devFusionTrack.cpp, line 891: no picture available
devFusionTrack.cpp, line 891: no picture available
devFusionTrack.cpp, line 891: no picture available
devFusionTrack.cpp, line 891: no picture available
devFusionTrack.cpp, line 891: no picture available
devFusionTrack.cpp, line 891: no picture available
devFusionTrack.cpp, line 891: no picture available
devFusionTrack.cpp, line 891: no picture available
devFusionTrack.cpp, line 891: no picture available
devFusionTrack.cpp, line 891: no picture available
devFusionTrack.cpp, line 891: no picture available
devFusionTrack.cpp, line 891: no picture available
devFusionTrack.cpp, line 891: no picture available
devFusionTrack.cpp, line 891: no picture available
devFusionTrack.cpp, line 891: no picture available
devFusionTrack.cpp, line 891: no picture available
devFusionTrack.cpp, line 891: no picture available
devFusionTrack.cpp, line 891: no picture available
devFusionTrack.cpp, line 891: no picture available
devFusionTrack.cpp, line 891: no picture available
devFusionTrack.cpp, line 891: no picture available
devFusionTrack.cpp, line 891: no picture available
devFusionTrack.cpp, line 891: no picture available
devFusionTrack.cpp, line 891: no picture available
devFusionTrack.cpp, line 891: no picture available
devFusionTrack.cpp, line 891: no picture available
devFusionTrack.cpp, line 891: no picture available
devFusionTrack.cpp, line 891: no picture available
devFusionTrack.cpp, line 891: no picture available
devFusionTrack.cpp, line 891: no picture available
devFusionTrack.cpp, line 891: no picture available
devFusionTrack.cpp, line 891: no picture available
devFusionTrack.cpp, line 891: no picture available
devFusionTrack.cpp, line 891: no picture available
devFusionTrack.cpp, line 891: no picture available
devFusionTrack.cpp, line 891: no picture available
devFusionTrack.cpp, line 891: no picture available
devFusionTrack.cpp, line 891: no picture available
devFusionTrack.cpp, line 891: no picture available
devFusionTrack.cpp, line 891: no picture available
devFusionTrack.cpp, line 891: no picture available
devFusionTrack.cpp, line 891: no picture available
devFusionTrack.cpp, line 891: no picture available
devFusionTrack.cpp, line 891: no picture available
devFusionTrack.cpp, line 891: no picture available
devFusionTrack.cpp, line 891: no picture available
devFusionTrack.cpp, line 891: no picture available
devFusionTrack.cpp, line 891: no picture available
devFusionTrack.cpp, line 891: no picture available
devFusionTrack.cpp, line 891: no picture available
devFusionTrack.cpp, line 891: no picture available
devFusionTrack.cpp, line 891: no picture available
devFusionTrack.cpp, line 891: no picture available
devFusionTrack.cpp, line 891: no picture available
devFusionTrack.cpp, line 891: no picture available
devFusionTrack.cpp, line 891: no picture available
devFusionTrack.cpp, line 891: no picture available
devFusionTrack.cpp, line 891: no picture available
devFusionTrack.cpp, line 891: no picture available
devFusionTrack.cpp, line 891: no picture available
devFusionTrack.cpp, line 891: no picture available
devFusionTrack.cpp, line 891: no picture available
devFusionTrack.cpp, line 891: no picture available
devFusionTrack.cpp, line 891: no picture available
devFusionTrack.cpp, line 891: no picture available
devFusionTrack.cpp, line 891: no picture available
devFusionTrack.cpp, line 891: no picture available
devFusionTrack.cpp, line 891: no picture available
devFusionTrack.cpp, line 891: no picture available
devFusionTrack.cpp, line 891: no picture available
devFusionTrack.cpp, line 891: no picture available
devFusionTrack.cpp, line 891: no picture available
devFusionTrack.cpp, line 891: no picture available
devFusionTrack.cpp, line 891: no picture available
devFusionTrack.cpp, line 891: no picture available
devFusionTrack.cpp, line 891: no picture available
devFusionTrack.cpp, line 891: no picture available
devFusionTrack.cpp, line 891: no picture available
devFusionTrack.cpp, line 891: no picture available
devFusionTrack.cpp, line 891: no picture available
devFusionTrack.cpp, line 891: no picture available
devFusionTrack.cpp, line 891: no picture available
devFusionTrack.cpp, line 891: no picture available
devFusionTrack.cpp, line 891: no picture available
devFusionTrack.cpp, line 891: no picture available
devFusionTrack.cpp, line 891: no picture available
devFusionTrack.cpp, line 891: no picture available
devFusionTrack.cpp, line 891: no picture available
devFusionTrack.cpp, line 891: no picture available
devFusionTrack.cpp, line 891: no picture available
devFusionTrack.cpp, line 891: no picture available
devFusionTrack.cpp, line 891: no picture available
devFusionTrack.cpp, line 891: no picture available
devFusionTrack.cpp, line 891: no picture available
devFusionTrack.cpp, line 891: no picture available
devFusionTrack.cpp, line 891: no picture available
devFusionTrack.cpp, line 891: no picture available
devFusionTrack.cpp, line 891: no picture available
devFusionTrack.cpp, line 891: no picture available
devFusionTrack.cpp, line 891: no picture available
devFusionTrack.cpp, line 891: no picture available
devFusionTrack.cpp, line 891: no picture available
devFusionTrack.cpp, line 891: no picture available
devFusionTrack.cpp, line 891: no picture available
devFusionTrack.cpp, line 891: no picture available
devFusionTrack.cpp, line 891: no picture available
devFusionTrack.cpp, line 891: no picture available
devFusionTrack.cpp, line 891: no picture available
devFusionTrack.cpp, line 891: no picture available
devFusionTrack.cpp, line 891: no picture available
devFusionTrack.cpp, line 891: no picture available
devFusionTrack.cpp, line 891: no picture available
devFusionTrack.cpp, line 891: no picture available
devFusionTrack.cpp, line 891: no picture available
devFusionTrack.cpp, line 891: no picture available
devFusionTrack.cpp, line 891: no picture available
devFusionTrack.cpp, line 891: no picture available
devFusionTrack.cpp, line 891: no picture available
devFusionTrack.cpp, line 891: no picture available
devFusionTrack.cpp, line 891: no picture available
devFusionTrack.cpp, line 891: no picture available
devFusionTrack.cpp, line 891: no picture available
devFusionTrack.cpp, line 891: no picture available
devFusionTrack.cpp, line 891: no picture available
devFusionTrack.cpp, line 891: no picture available
devFusionTrack.cpp, line 891: no picture available
devFusionTrack.cpp, line 891: no picture available
devFusionTrack.cpp, line 891: no picture available
devFusionTrack.cpp, line 891: no picture available
devFusionTrack.cpp, line 891: no picture available
devFusionTrack.cpp, line 891: no picture available
devFusionTrack.cpp, line 891: no picture available
devFusionTrack.cpp, line 891: no picture available
devFusionTrack.cpp, line 891: no picture available
devFusionTrack.cpp, line 891: no picture available
devFusionTrack.cpp, line 891: no picture available
devFusionTrack.cpp, line 891: no picture available
devFusionTrack.cpp, line 891: no picture available
devFusionTrack.cpp, line 891: no picture available
devFusionTrack.cpp, line 891: no picture available
devFusionTrack.cpp, line 891: no picture available
devFusionTrack.cpp, line 891: no picture available
devFusionTrack.cpp, line 891: no picture available
devFusionTrack.cpp, line 891: no picture available
devFusionTrack.cpp, line 891: no picture available
devFusionTrack.cpp, line 891: no picture available
devFusionTrack.cpp, line 891: no picture available
devFusionTrack.cpp, line 891: no picture available
devFusionTrack.cpp, line 891: no picture available
devFusionTrack.cpp, line 891: no picture available
devFusionTrack.cpp, line 891: no picture available
devFusionTrack.cpp, line 891: no picture available
devFusionTrack.cpp, line 891: no picture available
devFusionTrack.cpp, line 891: no picture available
devFusionTrack.cpp, line 891: no picture available
devFusionTrack.cpp, line 891: no picture available
devFusionTrack.cpp, line 891: no picture available
devFusionTrack.cpp, line 891: no picture available
devFusionTrack.cpp, line 891: no picture available
devFusionTrack.cpp, line 891: no picture available
devFusionTrack.cpp, line 891: no picture available
devFusionTrack.cpp, line 891: no picture available
devFusionTrack.cpp, line 891: no picture available
devFusionTrack.cpp, line 891: no picture available
devFusionTrack.cpp, line 891: no picture available
devFusionTrack.cpp, line 891: no picture available
devFusionTrack.cpp, line 891: no picture available
devFusionTrack.cpp, line 891: no picture available
devFusionTrack.cpp, line 891: no picture available
devFusionTrack.cpp, line 891: no picture available
devFusionTrack.cpp, line 891: no picture available
devFusionTrack.cpp, line 891: no picture available
devFusionTrack.cpp, line 891: no picture available
devFusionTrack.cpp, line 891: no picture available
devFusionTrack.cpp, line 891: no picture available
devFusionTrack.cpp, line 891: no picture available
devFusionTrack.cpp, line 891: no picture available
devFusionTrack.cpp, line 891: no picture available
devFusionTrack.cpp, line 891: no picture available
devFusionTrack.cpp, line 891: no picture available
devFusionTrack.cpp, line 891: no picture available
devFusionTrack.cpp, line 891: no picture available
devFusionTrack.cpp, line 891: no picture available
devFusionTrack.cpp, line 891: no picture available
devFusionTrack.cpp, line 891: no picture available
devFusionTrack.cpp, line 891: no picture available
devFusionTrack.cpp, line 891: no picture available
devFusionTrack.cpp, line 891: no picture available
devFusionTrack.cpp, line 891: no picture available
devFusionTrack.cpp, line 891: no picture available
devFusionTrack.cpp, line 891: no picture available
devFusionTrack.cpp, line 891: no picture available
devFusionTrack.cpp, line 891: no picture available
devFusionTrack.cpp, line 891: no picture available
devFusionTrack.cpp, line 891: no picture available
devFusionTrack.cpp, line 891: no picture available
devFusionTrack.cpp, line 891: no picture available
devFusionTrack.cpp, line 891: no picture available
devFusionTrack.cpp, line 891: no picture available
devFusionTrack.cpp, line 891: no picture available
devFusionTrack.cpp, line 891: no picture available
devFusionTrack.cpp, line 891: no picture available
devFusionTrack.cpp, line 891: no picture available
devFusionTrack.cpp, line 891: no picture available
devFusionTrack.cpp, line 891: no picture available
devFusionTrack.cpp, line 891: no picture available
devFusionTrack.cpp, line 891: no picture available
devFusionTrack.cpp, line 891: no picture available
devFusionTrack.cpp, line 891: no picture available
devFusionTrack.cpp, line 891: no picture available
devFusionTrack.cpp, line 891: no picture available
devFusionTrack.cpp, line 891: no picture available
devFusionTrack.cpp, line 891: no picture available
devFusionTrack.cpp, line 891: no picture available
devFusionTrack.cpp, line 891: no picture available
devFusionTrack.cpp, line 891: no picture available
devFusionTrack.cpp, line 891: no picture available
devFusionTrack.cpp, line 891: no picture available
devFusionTrack.cpp, line 891: no picture available
devFusionTrack.cpp, line 891: no picture available
devFusionTrack.cpp, line 891: no picture available
devFusionTrack.cpp, line 891: no picture available
devFusionTrack.cpp, line 891: no picture available
devFusionTrack.cpp, line 891: no picture available
devFusionTrack.cpp, line 891: no picture available
devFusionTrack.cpp, line 891: no picture available
devFusionTrack.cpp, line 891: no picture available
devFusionTrack.cpp, line 891: no picture available
devFusionTrack.cpp, line 891: no picture available
devFusionTrack.cpp, line 891: no picture available
devFusionTrack.cpp, line 891: no picture available
devFusionTrack.cpp, line 891: no picture available
devFusionTrack.cpp, line 891: no picture available
devFusionTrack.cpp, line 891: no picture available
devFusionTrack.cpp, line 891: no picture available
devFusionTrack.cpp, line 891: no picture available
devFusionTrack.cpp, line 891: no picture available
devFusionTrack.cpp, line 891: no picture available
devFusionTrack.cpp, line 891: no picture available
devFusionTrack.cpp, line 891: no picture available
devFusionTrack.cpp, line 891: no picture available
devFusionTrack.cpp, line 891: no picture available
devFusionTrack.cpp, line 891: no picture available
devFusionTrack.cpp, line 891: no picture available
devFusionTrack.cpp, line 891: no picture available
devFusionTrack.cpp, line 891: no picture available
devFusionTrack.cpp, line 891: no picture available
devFusionTrack.cpp, line 891: no picture available
devFusionTrack.cpp, line 891: no picture available
devFusionTrack.cpp, line 891: no picture available
devFusionTrack.cpp, line 891: no picture available
devFusionTrack.cpp, line 891: no picture available
devFusionTrack.cpp, line 891: no picture available
devFusionTrack.cpp, line 891: no picture available
devFusionTrack.cpp, line 891: no picture available
devFusionTrack.cpp, line 891: no picture available
devFusionTrack.cpp, line 891: no picture available
devFusionTrack.cpp, line 891: no picture available
devFusionTrack.cpp, line 891: no picture available
devFusionTrack.cpp, line 891: no picture available
devFusionTrack.cpp, line 891: no picture available
devFusionTrack.cpp, line 891: no picture available
devFusionTrack.cpp, line 891: no picture available
devFusionTrack.cpp, line 891: no picture available
devFusionTrack.cpp, line 891: no picture available
devFusionTrack.cpp, line 891: no picture available
devFusionTrack.cpp, line 891: no picture available
devFusionTrack.cpp, line 891: no picture available
devFusionTrack.cpp, line 891: no picture available
devFusionTrack.cpp, line 891: no picture available
devFusionTrack.cpp, line 891: no picture available
devFusionTrack.cpp, line 891: no picture available
devFusionTrack.cpp, line 891: no picture available
devFusionTrack.cpp, line 891: no picture available
devFusionTrack.cpp, line 891: no picture available
devFusionTrack.cpp, line 891: no picture available
devFusionTrack.cpp, line 891: no picture available
devFusionTrack.cpp, line 891: no picture available
devFusionTrack.cpp, line 891: no picture available
devFusionTrack.cpp, line 891: no picture available
devFusionTrack.cpp, line 891: no picture available
devFusionTrack.cpp, line 891: no picture available
devFusionTrack.cpp, line 891: no picture available
devFusionTrack.cpp, line 891: no picture available
devFusionTrack.cpp, line 891: no picture available
devFusionTrack.cpp, line 891: no picture available
devFusionTrack.cpp, line 891: no picture available
devFusionTrack.cpp, line 891: no picture available
devFusionTrack.cpp, line 891: no picture available
devFusionTrack.cpp, line 891: no picture available
devFusionTrack.cpp, line 891: no picture available
devFusionTrack.cpp, line 891: no picture available
devFusionTrack.cpp, line 891: no picture available
devFusionTrack.cpp, line 891: no picture available
devFusionTrack.cpp, line 891: no picture available
devFusionTrack.cpp, line 891: no picture available
devFusionTrack.cpp, line 891: no picture available
devFusionTrack.cpp, line 891: no picture available
devFusionTrack.cpp, line 891: no picture available
devFusionTrack.cpp, line 891: no picture available
devFusionTrack.cpp, line 891: no picture available
devFusionTrack.cpp, line 891: no picture available
devFusionTrack.cpp, line 891: no picture available
devFusionTrack.cpp, line 891: no picture available
devFusionTrack.cpp, line 891: no picture available
devFusionTrack.cpp, line 891: no picture available
devFusionTrack.cpp, line 891: no picture available
devFusionTrack.cpp, line 891: no picture available
devFusionTrack.cpp, line 891: no picture available
devFusionTrack.cpp, line 891: no picture available
devFusionTrack.cpp, line 891: no picture available
devFusionTrack.cpp, line 891: no picture available
devFusionTrack.cpp, line 891: no picture available
devFusionTrack.cpp, line 891: no picture available
devFusionTrack.cpp, line 891: no picture available
devFusionTrack.cpp, line 891: no picture available
devFusionTrack.cpp, line 891: no picture available
devFusionTrack.cpp, line 891: no picture available
devFusionTrack.cpp, line 891: no picture available
devFusionTrack.cpp, line 891: no picture available
devFusionTrack.cpp, line 891: no picture available
devFusionTrack.cpp, line 891: no picture available
devFusionTrack.cpp, line 891: no picture available
devFusionTrack.cpp, line 891: no picture available
devFusionTrack.cpp, line 891: no picture available
devFusionTrack.cpp, line 891: no picture available
devFusionTrack.cpp, line 891: no picture available
devFusionTrack.cpp, line 891: no picture available
devFusionTrack.cpp, line 891: no picture available
devFusionTrack.cpp, line 891: no picture available
devFusionTrack.cpp, line 891: no picture available
devFusionTrack.cpp, line 891: no picture available
devFusionTrack.cpp, line 891: no picture available
devFusionTrack.cpp, line 891: no picture available
devFusionTrack.cpp, line 891: no picture available
devFusionTrack.cpp, line 891: no picture available
devFusionTrack.cpp, line 891: no picture available
devFusionTrack.cpp, line 891: no picture available
devFusionTrack.cpp, line 891: no picture available
devFusionTrack.cpp, line 891: no picture available
devFusionTrack.cpp, line 891: no picture available
devFusionTrack.cpp, line 891: no picture available
devFusionTrack.cpp, line 891: no picture available
devFusionTrack.cpp, line 891: no picture available
devFusionTrack.cpp, line 891: no picture available
devFusionTrack.cpp, line 891: no picture available
devFusionTrack.cpp, line 891: no picture available
devFusionTrack.cpp, line 891: no picture available
devFusionTrack.cpp, line 891: no picture available
devFusionTrack.cpp, line 891: no picture available
devFusionTrack.cpp, line 891: no picture available
devFusionTrack.cpp, line 891: no picture available
devFusionTrack.cpp, line 891: no picture available
devFusionTrack.cpp, line 891: no picture available
devFusionTrack.cpp, line 891: no picture available
devFusionTrack.cpp, line 891: no picture available
devFusionTrack.cpp, line 891: no picture available
devFusionTrack.cpp, line 891: no picture available
devFusionTrack.cpp, line 891: no picture available
devFusionTrack.cpp, line 891: no picture available
devFusionTrack.cpp, line 891: no picture available
devFusionTrack.cpp, line 891: no picture available
devFusionTrack.cpp, line 891: no picture available
devFusionTrack.cpp, line 891: no picture available
devFusionTrack.cpp, line 891: no picture available
devFusionTrack.cpp, line 891: no picture available
devFusionTrack.cpp, line 891: no picture available
devFusionTrack.cpp, line 891: no picture available
devFusionTrack.cpp, line 891: no picture available
devFusionTrack.cpp, line 891: no picture available
devFusionTrack.cpp, line 891: no picture available
devFusionTrack.cpp, line 891: no picture available
devFusionTrack.cpp, line 891: no picture available
devFusionTrack.cpp, line 891: no picture available
devFusionTrack.cpp, line 891: no picture available
devFusionTrack.cpp, line 891: no picture available
devFusionTrack.cpp, line 891: no picture available
devFusionTrack.cpp, line 891: no picture available
devFusionTrack.cpp, line 891: no picture available
devFusionTrack.cpp, line 891: no picture available
devFusionTrack.cpp, line 891: no picture available
devFusionTrack.cpp, line 891: no picture available
devFusionTrack.cpp, line 891: no picture available
devFusionTrack.cpp, line 891: no picture available
devFusionTrack.cpp, line 891: no picture available
devFusionTrack.cpp, line 891: no picture available
devFusionTrack.cpp, line 891: no picture available
/var/jenkins/workspace/ftk_soft.atr.meta.2cams.sdk.release.public.linux.installer/soft.atr.2cams.ftk/dev/include/devPacketReader.tpp, line 91, waiting for response
/var/jenkins/workspace/ftk_soft.atr.meta.2cams.sdk.release.public.linux.installer/soft.atr.2cams.ftk/dev/include/devPacketReader.tpp, line 91, waiting for response
/var/jenkins/workspace/ftk_soft.atr.meta.2cams.sdk.release.public.linux.installer/soft.atr.2cams.ftk/dev/include/devPacketReader.tpp, line 91, waiting for response
/var/jenkins/workspace/ftk_soft.atr.meta.2cams.sdk.release.public.linux.installer/soft.atr.2cams.ftk/dev/include/devPacketReader.tpp, line 91, waiting for response
/var/jenkins/workspace/ftk_soft.atr.meta.2cams.sdk.release.public.linux.installer/soft.atr.2cams.ftk/dev/include/devPacketReader.tpp, line 91, waiting for response
devDeviceInfoExt.cpp, line 1568: cannot perfom memwrite sync operation
fusionTrack.cpp, line 797: cannot disable data sending for device e30000091d052628
/var/jenkins/workspace/ftk_soft.atr.meta.2cams.sdk.release.public.linux.installer/soft.atr.2cams.ftk/dev/include/devPacketReader.tpp, line 91, waiting for response
/var/jenkins/workspace/ftk_soft.atr.meta.2cams.sdk.release.public.linux.installer/soft.atr.2cams.ftk/dev/include/devPacketReader.tpp, line 91, waiting for response
/var/jenkins/workspace/ftk_soft.atr.meta.2cams.sdk.release.public.linux.installer/soft.atr.2cams.ftk/dev/include/devPacketReader.tpp, line 91, waiting for response
/var/jenkins/workspace/ftk_soft.atr.meta.2cams.sdk.release.public.linux.installer/soft.atr.2cams.ftk/dev/include/devPacketReader.tpp, line 91, waiting for response
/var/jenkins/workspace/ftk_soft.atr.meta.2cams.sdk.release.public.linux.installer/soft.atr.2cams.ftk/dev/include/devPacketReader.tpp, line 91, waiting for response
devDeviceInfoExt.cpp, line 1540: cannot perfom memread sync operation
WirelessModeGetSetter.cpp, line 24: cannot read register LS_WM_MODE
/var/jenkins/workspace/ftk_soft.atr.meta.2cams.sdk.release.public.linux.installer/soft.atr.2cams.ftk/dev/include/devPacketReader.tpp, line 91, waiting for response
/var/jenkins/workspace/ftk_soft.atr.meta.2cams.sdk.release.public.linux.installer/soft.atr.2cams.ftk/dev/include/devPacketReader.tpp, line 91, waiting for response
/var/jenkins/workspace/ftk_soft.atr.meta.2cams.sdk.release.public.linux.installer/soft.atr.2cams.ftk/dev/include/devPacketReader.tpp, line 91, waiting for response
/var/jenkins/workspace/ftk_soft.atr.meta.2cams.sdk.release.public.linux.installer/soft.atr.2cams.ftk/dev/include/devPacketReader.tpp, line 91, waiting for response
/var/jenkins/workspace/ftk_soft.atr.meta.2cams.sdk.release.public.linux.installer/soft.atr.2cams.ftk/dev/include/devPacketReader.tpp, line 91, waiting for response
devDeviceInfoExt.cpp, line 1568: cannot perfom memwrite sync operation
WirelessPairingGetSetter.cpp, line 52: cannot write register LS_WM_AUTODISC_US
ftkDevice.cpp, line 373: cannot disable wireless mode
/var/jenkins/workspace/ftk_soft.atr.meta.2cams.sdk.release.public.linux.installer/soft.atr.2cams.ftk/dev/include/devPacketReader.tpp, line 91, waiting for response
/var/jenkins/workspace/ftk_soft.atr.meta.2cams.sdk.release.public.linux.installer/soft.atr.2cams.ftk/dev/include/devPacketReader.tpp, line 91, waiting for response
/var/jenkins/workspace/ftk_soft.atr.meta.2cams.sdk.release.public.linux.installer/soft.atr.2cams.ftk/dev/include/devPacketReader.tpp, line 91, waiting for response
/var/jenkins/workspace/ftk_soft.atr.meta.2cams.sdk.release.public.linux.installer/soft.atr.2cams.ftk/dev/include/devPacketReader.tpp, line 91, waiting for response
/var/jenkins/workspace/ftk_soft.atr.meta.2cams.sdk.release.public.linux.installer/soft.atr.2cams.ftk/dev/include/devPacketReader.tpp, line 91, waiting for response
devDeviceInfoExt.cpp, line 1540: cannot perfom memread sync operation
WirelessButtonStreamGetSetter.cpp, line 56: cannot read register PAYLOAD_DATA_MASK
ftkDevice.cpp, line 379: cannot disable button streaming mode
/var/jenkins/workspace/ftk_soft.atr.meta.2cams.sdk.release.public.linux.installer/soft.atr.2cams.ftk/dev/include/devPacketReader.tpp, line 91, waiting for response
/var/jenkins/workspace/ftk_soft.atr.meta.2cams.sdk.release.public.linux.installer/soft.atr.2cams.ftk/dev/include/devPacketReader.tpp, line 91, waiting for response
/var/jenkins/workspace/ftk_soft.atr.meta.2cams.sdk.release.public.linux.installer/soft.atr.2cams.ftk/dev/include/devPacketReader.tpp, line 91, waiting for response
/var/jenkins/workspace/ftk_soft.atr.meta.2cams.sdk.release.public.linux.installer/soft.atr.2cams.ftk/dev/include/devPacketReader.tpp, line 91, waiting for response
/var/jenkins/workspace/ftk_soft.atr.meta.2cams.sdk.release.public.linux.installer/soft.atr.2cams.ftk/dev/include/devPacketReader.tpp, line 91, waiting for response
devDeviceInfoExt.cpp, line 1540: cannot perfom memread sync operation
WirelessBatteryStreamGetSetter.cpp, line 56: cannot read register PAYLOAD_DATA_MASK
ftkDevice.cpp, line 385: cannot disable battery streaming mode
/var/jenkins/workspace/ftk_soft.atr.meta.2cams.sdk.release.public.linux.installer/soft.atr.2cams.ftk/dev/include/devPacketReader.tpp, line 91, waiting for response
/var/jenkins/workspace/ftk_soft.atr.meta.2cams.sdk.release.public.linux.installer/soft.atr.2cams.ftk/dev/include/devPacketReader.tpp, line 91, waiting for response
/var/jenkins/workspace/ftk_soft.atr.meta.2cams.sdk.release.public.linux.installer/soft.atr.2cams.ftk/dev/include/devPacketReader.tpp, line 91, waiting for response
/var/jenkins/workspace/ftk_soft.atr.meta.2cams.sdk.release.public.linux.installer/soft.atr.2cams.ftk/dev/include/devPacketReader.tpp, line 91, waiting for response
