Starting logging on 2020-05-25 at 10:58:53
Launching discovery service for config 172.17.1.7:3509
devFusionTrack.cpp, line 205: reading SN LSBs
Sending packet 2 at 1590397133080
Sent packet 2 at 1590397133080
/var/jenkins/workspace/ftk_soft.atr.meta.2cams.sdk.release.public.linux.installer/soft.atr.2cams.ftk/dev/include/devPacketReader.tpp, line 91, waiting for response
Sending packet 2 at 1590397134580
Sent packet 2 at 1590397134580
/var/jenkins/workspace/ftk_soft.atr.meta.2cams.sdk.release.public.linux.installer/soft.atr.2cams.ftk/dev/include/devPacketReader.tpp, line 91, waiting for response
Sending packet 2 at 1590397136080
Sent packet 2 at 1590397136080
/var/jenkins/workspace/ftk_soft.atr.meta.2cams.sdk.release.public.linux.installer/soft.atr.2cams.ftk/dev/include/devPacketReader.tpp, line 91, waiting for response
Sending packet 2 at 1590397137580
Sent packet 2 at 1590397137581
/var/jenkins/workspace/ftk_soft.atr.meta.2cams.sdk.release.public.linux.installer/soft.atr.2cams.ftk/dev/include/devPacketReader.tpp, line 91, waiting for response
Sending packet 2 at 1590397139081
Sent packet 2 at 1590397139081
/var/jenkins/workspace/ftk_soft.atr.meta.2cams.sdk.release.public.linux.installer/soft.atr.2cams.ftk/dev/include/devPacketReader.tpp, line 91, waiting for response
devFusionTrack.cpp, line 210: cannot read SN LSBs
! No device detected while searching for: (172.17.1.7:3509)
Restarting discovery with looser timeout
Launching discovery service for config 172.17.1.7:3509
devFusionTrack.cpp, line 205: reading SN LSBs
Sending packet 3 at 1590397140582
Sent packet 3 at 1590397140582
/var/jenkins/workspace/ftk_soft.atr.meta.2cams.sdk.release.public.linux.installer/soft.atr.2cams.ftk/dev/include/devPacketReader.tpp, line 91, waiting for response
Sending packet 3 at 1590397142082
Sent packet 3 at 1590397142082
/var/jenkins/workspace/ftk_soft.atr.meta.2cams.sdk.release.public.linux.installer/soft.atr.2cams.ftk/dev/include/devPacketReader.tpp, line 91, waiting for response
Sending packet 3 at 1590397143583
Sent packet 3 at 1590397143583
/var/jenkins/workspace/ftk_soft.atr.meta.2cams.sdk.release.public.linux.installer/soft.atr.2cams.ftk/dev/include/devPacketReader.tpp, line 91, waiting for response
Sending packet 3 at 1590397145083
Sent packet 3 at 1590397145083
/var/jenkins/workspace/ftk_soft.atr.meta.2cams.sdk.release.public.linux.installer/soft.atr.2cams.ftk/dev/include/devPacketReader.tpp, line 91, waiting for response
Sending packet 3 at 1590397146583
Sent packet 3 at 1590397146583
/var/jenkins/workspace/ftk_soft.atr.meta.2cams.sdk.release.public.linux.installer/soft.atr.2cams.ftk/dev/include/devPacketReader.tpp, line 91, waiting for response
devFusionTrack.cpp, line 210: cannot read SN LSBs
! No device detected while searching for: (172.17.1.7:3509)
